<?xml version="1.0" encoding="UTF-8"?>
<coverage generated="1747093546764" clover="3.2.0">
  <project timestamp="1747093546764" name="All files">
    <metrics statements="1403" coveredstatements="617" conditionals="302" coveredconditionals="101" methods="223" coveredmethods="112" elements="1928" coveredelements="830" complexity="0" loc="1403" ncloc="1403" packages="1" files="4" classes="4"/>
    <file name="PrimeWell_db.js" path="/Users/fardbook/Desktop/Courses/NJIT Classes/CS490/GROUP_PROJECT/CS490-GP-Backend/backend/PrimeWell_db.js">
      <metrics statements="595" coveredstatements="205" conditionals="22" coveredconditionals="11" methods="107" coveredmethods="57"/>
      <line num="3" count="1" type="stmt"/>
      <line num="6" count="1" type="stmt"/>
      <line num="22" count="0" type="stmt"/>
      <line num="23" count="0" type="stmt"/>
      <line num="24" count="0" type="stmt"/>
      <line num="27" count="0" type="stmt"/>
      <line num="28" count="0" type="stmt"/>
      <line num="34" count="0" type="stmt"/>
      <line num="35" count="0" type="stmt"/>
      <line num="36" count="0" type="stmt"/>
      <line num="39" count="0" type="stmt"/>
      <line num="40" count="0" type="stmt"/>
      <line num="46" count="0" type="stmt"/>
      <line num="47" count="0" type="stmt"/>
      <line num="48" count="0" type="stmt"/>
      <line num="51" count="0" type="stmt"/>
      <line num="52" count="0" type="stmt"/>
      <line num="58" count="1" type="stmt"/>
      <line num="59" count="1" type="stmt"/>
      <line num="60" count="1" type="stmt"/>
      <line num="63" count="0" type="stmt"/>
      <line num="64" count="0" type="stmt"/>
      <line num="69" count="4" type="stmt"/>
      <line num="70" count="4" type="stmt"/>
      <line num="74" count="4" type="stmt"/>
      <line num="75" count="4" type="stmt"/>
      <line num="78" count="0" type="stmt"/>
      <line num="79" count="0" type="stmt"/>
      <line num="84" count="1" type="stmt"/>
      <line num="85" count="1" type="stmt"/>
      <line num="86" count="1" type="stmt"/>
      <line num="89" count="0" type="stmt"/>
      <line num="90" count="0" type="stmt"/>
      <line num="95" count="0" type="stmt"/>
      <line num="96" count="0" type="stmt"/>
      <line num="97" count="0" type="stmt"/>
      <line num="100" count="0" type="stmt"/>
      <line num="101" count="0" type="stmt"/>
      <line num="106" count="1" type="stmt"/>
      <line num="107" count="1" type="stmt"/>
      <line num="111" count="1" type="stmt"/>
      <line num="114" count="0" type="stmt"/>
      <line num="115" count="0" type="stmt"/>
      <line num="120" count="0" type="stmt"/>
      <line num="121" count="0" type="stmt"/>
      <line num="122" count="0" type="stmt"/>
      <line num="125" count="0" type="stmt"/>
      <line num="126" count="0" type="stmt"/>
      <line num="132" count="1" type="stmt"/>
      <line num="133" count="1" type="cond" truecount="1" falsecount="1"/>
      <line num="134" count="0" type="stmt"/>
      <line num="137" count="1" type="stmt"/>
      <line num="138" count="1" type="stmt"/>
      <line num="139" count="1" type="stmt"/>
      <line num="140" count="1" type="stmt"/>
      <line num="142" count="1" type="stmt"/>
      <line num="143" count="1" type="cond" truecount="1" falsecount="1"/>
      <line num="144" count="0" type="stmt"/>
      <line num="147" count="1" type="stmt"/>
      <line num="148" count="1" type="stmt"/>
      <line num="152" count="5" type="stmt"/>
      <line num="155" count="1" type="stmt"/>
      <line num="157" count="0" type="stmt"/>
      <line num="158" count="0" type="stmt"/>
      <line num="163" count="0" type="stmt"/>
      <line num="164" count="0" type="stmt"/>
      <line num="165" count="0" type="stmt"/>
      <line num="168" count="0" type="stmt"/>
      <line num="169" count="0" type="stmt"/>
      <line num="174" count="1" type="stmt"/>
      <line num="175" count="1" type="stmt"/>
      <line num="176" count="1" type="stmt"/>
      <line num="179" count="0" type="stmt"/>
      <line num="180" count="0" type="stmt"/>
      <line num="185" count="0" type="stmt"/>
      <line num="186" count="0" type="stmt"/>
      <line num="187" count="0" type="stmt"/>
      <line num="190" count="0" type="stmt"/>
      <line num="191" count="0" type="stmt"/>
      <line num="196" count="1" type="stmt"/>
      <line num="197" count="1" type="stmt"/>
      <line num="198" count="1" type="stmt"/>
      <line num="201" count="0" type="stmt"/>
      <line num="202" count="0" type="stmt"/>
      <line num="207" count="0" type="stmt"/>
      <line num="208" count="0" type="stmt"/>
      <line num="209" count="0" type="stmt"/>
      <line num="212" count="0" type="stmt"/>
      <line num="213" count="0" type="stmt"/>
      <line num="218" count="1" type="stmt"/>
      <line num="219" count="1" type="stmt"/>
      <line num="220" count="1" type="stmt"/>
      <line num="223" count="0" type="stmt"/>
      <line num="224" count="0" type="stmt"/>
      <line num="229" count="1" type="stmt"/>
      <line num="230" count="1" type="stmt"/>
      <line num="231" count="1" type="stmt"/>
      <line num="234" count="0" type="stmt"/>
      <line num="235" count="0" type="stmt"/>
      <line num="240" count="1" type="stmt"/>
      <line num="241" count="1" type="stmt"/>
      <line num="244" count="1" type="stmt"/>
      <line num="247" count="0" type="stmt"/>
      <line num="248" count="0" type="stmt"/>
      <line num="253" count="1" type="stmt"/>
      <line num="254" count="1" type="stmt"/>
      <line num="255" count="1" type="stmt"/>
      <line num="258" count="0" type="stmt"/>
      <line num="259" count="0" type="stmt"/>
      <line num="264" count="1" type="stmt"/>
      <line num="265" count="1" type="stmt"/>
      <line num="269" count="1" type="stmt"/>
      <line num="272" count="0" type="stmt"/>
      <line num="273" count="0" type="stmt"/>
      <line num="278" count="1" type="stmt"/>
      <line num="279" count="1" type="stmt"/>
      <line num="283" count="1" type="stmt"/>
      <line num="286" count="0" type="stmt"/>
      <line num="287" count="0" type="stmt"/>
      <line num="292" count="0" type="stmt"/>
      <line num="293" count="0" type="stmt"/>
      <line num="296" count="0" type="stmt"/>
      <line num="299" count="0" type="stmt"/>
      <line num="300" count="0" type="stmt"/>
      <line num="305" count="2" type="stmt"/>
      <line num="306" count="2" type="stmt"/>
      <line num="309" count="2" type="stmt"/>
      <line num="312" count="0" type="stmt"/>
      <line num="313" count="0" type="stmt"/>
      <line num="319" count="1" type="stmt"/>
      <line num="320" count="1" type="stmt"/>
      <line num="321" count="1" type="stmt"/>
      <line num="322" count="1" type="stmt"/>
      <line num="325" count="0" type="stmt"/>
      <line num="326" count="0" type="stmt"/>
      <line num="331" count="0" type="stmt"/>
      <line num="332" count="0" type="stmt"/>
      <line num="333" count="0" type="stmt"/>
      <line num="336" count="0" type="stmt"/>
      <line num="337" count="0" type="stmt"/>
      <line num="342" count="0" type="stmt"/>
      <line num="343" count="0" type="stmt"/>
      <line num="344" count="0" type="stmt"/>
      <line num="347" count="0" type="stmt"/>
      <line num="348" count="0" type="stmt"/>
      <line num="354" count="0" type="stmt"/>
      <line num="355" count="0" type="stmt"/>
      <line num="382" count="0" type="stmt"/>
      <line num="384" count="0" type="stmt"/>
      <line num="385" count="0" type="stmt"/>
      <line num="390" count="0" type="stmt"/>
      <line num="391" count="0" type="stmt"/>
      <line num="396" count="0" type="stmt"/>
      <line num="399" count="0" type="stmt"/>
      <line num="400" count="0" type="stmt"/>
      <line num="405" count="0" type="stmt"/>
      <line num="406" count="0" type="stmt"/>
      <line num="408" count="0" type="stmt"/>
      <line num="410" count="0" type="stmt"/>
      <line num="411" count="0" type="stmt"/>
      <line num="417" count="1" type="stmt"/>
      <line num="418" count="1" type="stmt"/>
      <line num="422" count="1" type="stmt"/>
      <line num="425" count="0" type="stmt"/>
      <line num="426" count="0" type="stmt"/>
      <line num="432" count="1" type="stmt"/>
      <line num="433" count="1" type="stmt"/>
      <line num="438" count="1" type="stmt"/>
      <line num="441" count="0" type="stmt"/>
      <line num="442" count="0" type="stmt"/>
      <line num="448" count="1" type="stmt"/>
      <line num="449" count="1" type="stmt"/>
      <line num="450" count="1" type="stmt"/>
      <line num="453" count="0" type="stmt"/>
      <line num="454" count="0" type="stmt"/>
      <line num="460" count="0" type="stmt"/>
      <line num="461" count="0" type="stmt"/>
      <line num="462" count="0" type="stmt"/>
      <line num="465" count="0" type="stmt"/>
      <line num="466" count="0" type="stmt"/>
      <line num="472" count="1" type="stmt"/>
      <line num="473" count="1" type="stmt"/>
      <line num="474" count="1" type="stmt"/>
      <line num="477" count="0" type="stmt"/>
      <line num="478" count="0" type="stmt"/>
      <line num="484" count="0" type="stmt"/>
      <line num="485" count="0" type="stmt"/>
      <line num="486" count="0" type="stmt"/>
      <line num="489" count="0" type="stmt"/>
      <line num="490" count="0" type="stmt"/>
      <line num="496" count="1" type="stmt"/>
      <line num="497" count="1" type="stmt"/>
      <line num="500" count="1" type="stmt"/>
      <line num="503" count="0" type="stmt"/>
      <line num="504" count="0" type="stmt"/>
      <line num="509" count="0" type="stmt"/>
      <line num="510" count="0" type="stmt"/>
      <line num="513" count="0" type="stmt"/>
      <line num="516" count="0" type="stmt"/>
      <line num="517" count="0" type="stmt"/>
      <line num="522" count="1" type="stmt"/>
      <line num="523" count="1" type="stmt"/>
      <line num="526" count="1" type="stmt"/>
      <line num="529" count="0" type="stmt"/>
      <line num="530" count="0" type="stmt"/>
      <line num="535" count="0" type="stmt"/>
      <line num="536" count="0" type="stmt"/>
      <line num="539" count="0" type="stmt"/>
      <line num="542" count="0" type="stmt"/>
      <line num="543" count="0" type="stmt"/>
      <line num="548" count="1" type="stmt"/>
      <line num="549" count="1" type="stmt"/>
      <line num="552" count="1" type="stmt"/>
      <line num="553" count="1" type="stmt"/>
      <line num="556" count="0" type="stmt"/>
      <line num="557" count="0" type="stmt"/>
      <line num="562" count="0" type="stmt"/>
      <line num="563" count="0" type="stmt"/>
      <line num="566" count="0" type="stmt"/>
      <line num="567" count="0" type="stmt"/>
      <line num="570" count="0" type="stmt"/>
      <line num="571" count="0" type="stmt"/>
      <line num="576" count="1" type="stmt"/>
      <line num="577" count="1" type="stmt"/>
      <line num="579" count="1" type="stmt"/>
      <line num="581" count="0" type="stmt"/>
      <line num="582" count="0" type="stmt"/>
      <line num="587" count="1" type="stmt"/>
      <line num="588" count="1" type="stmt"/>
      <line num="591" count="1" type="stmt"/>
      <line num="592" count="1" type="stmt"/>
      <line num="595" count="0" type="stmt"/>
      <line num="596" count="0" type="stmt"/>
      <line num="601" count="1" type="stmt"/>
      <line num="602" count="1" type="stmt"/>
      <line num="605" count="1" type="stmt"/>
      <line num="606" count="1" type="stmt"/>
      <line num="608" count="0" type="stmt"/>
      <line num="609" count="0" type="stmt"/>
      <line num="614" count="1" type="stmt"/>
      <line num="615" count="1" type="stmt"/>
      <line num="634" count="1" type="stmt"/>
      <line num="636" count="0" type="stmt"/>
      <line num="637" count="0" type="stmt"/>
      <line num="662" count="3" type="stmt"/>
      <line num="663" count="3" type="stmt"/>
      <line num="666" count="3" type="stmt"/>
      <line num="669" count="0" type="stmt"/>
      <line num="670" count="0" type="stmt"/>
      <line num="675" count="27" type="stmt"/>
      <line num="676" count="27" type="stmt"/>
      <line num="679" count="27" type="stmt"/>
      <line num="682" count="0" type="stmt"/>
      <line num="683" count="0" type="stmt"/>
      <line num="688" count="0" type="stmt"/>
      <line num="689" count="0" type="stmt"/>
      <line num="692" count="0" type="stmt"/>
      <line num="693" count="0" type="stmt"/>
      <line num="694" count="0" type="stmt"/>
      <line num="697" count="0" type="stmt"/>
      <line num="698" count="0" type="stmt"/>
      <line num="703" count="0" type="stmt"/>
      <line num="704" count="0" type="stmt"/>
      <line num="708" count="0" type="stmt"/>
      <line num="709" count="0" type="stmt"/>
      <line num="710" count="0" type="stmt"/>
      <line num="711" count="0" type="stmt"/>
      <line num="714" count="0" type="stmt"/>
      <line num="715" count="0" type="stmt"/>
      <line num="720" count="0" type="stmt"/>
      <line num="721" count="0" type="stmt"/>
      <line num="723" count="0" type="stmt"/>
      <line num="725" count="0" type="stmt"/>
      <line num="728" count="0" type="stmt"/>
      <line num="731" count="0" type="stmt"/>
      <line num="732" count="0" type="stmt"/>
      <line num="737" count="0" type="stmt"/>
      <line num="738" count="0" type="stmt"/>
      <line num="739" count="0" type="stmt"/>
      <line num="742" count="0" type="stmt"/>
      <line num="743" count="0" type="stmt"/>
      <line num="748" count="0" type="stmt"/>
      <line num="749" count="0" type="stmt"/>
      <line num="750" count="0" type="stmt"/>
      <line num="755" count="0" type="stmt"/>
      <line num="757" count="0" type="stmt"/>
      <line num="761" count="0" type="stmt"/>
      <line num="763" count="0" type="stmt"/>
      <line num="765" count="0" type="stmt"/>
      <line num="766" count="0" type="stmt"/>
      <line num="771" count="1" type="stmt"/>
      <line num="772" count="1" type="stmt"/>
      <line num="775" count="1" type="stmt"/>
      <line num="778" count="0" type="stmt"/>
      <line num="779" count="0" type="stmt"/>
      <line num="784" count="1" type="stmt"/>
      <line num="785" count="1" type="stmt"/>
      <line num="788" count="1" type="stmt"/>
      <line num="791" count="0" type="stmt"/>
      <line num="792" count="0" type="stmt"/>
      <line num="797" count="0" type="stmt"/>
      <line num="798" count="0" type="stmt"/>
      <line num="801" count="0" type="stmt"/>
      <line num="804" count="0" type="stmt"/>
      <line num="805" count="0" type="stmt"/>
      <line num="810" count="1" type="stmt"/>
      <line num="811" count="1" type="stmt"/>
      <line num="814" count="1" type="stmt"/>
      <line num="817" count="0" type="stmt"/>
      <line num="818" count="0" type="stmt"/>
      <line num="823" count="1" type="stmt"/>
      <line num="824" count="1" type="stmt"/>
      <line num="827" count="1" type="stmt"/>
      <line num="830" count="0" type="stmt"/>
      <line num="831" count="0" type="stmt"/>
      <line num="837" count="0" type="stmt"/>
      <line num="838" count="0" type="stmt"/>
      <line num="839" count="0" type="stmt"/>
      <line num="842" count="0" type="stmt"/>
      <line num="843" count="0" type="stmt"/>
      <line num="848" count="0" type="stmt"/>
      <line num="849" count="0" type="stmt"/>
      <line num="851" count="0" type="stmt"/>
      <line num="854" count="0" type="stmt"/>
      <line num="855" count="0" type="stmt"/>
      <line num="860" count="1" type="stmt"/>
      <line num="861" count="1" type="stmt"/>
      <line num="862" count="1" type="stmt"/>
      <line num="865" count="0" type="stmt"/>
      <line num="866" count="0" type="stmt"/>
      <line num="871" count="1" type="stmt"/>
      <line num="872" count="1" type="stmt"/>
      <line num="874" count="1" type="stmt"/>
      <line num="876" count="0" type="stmt"/>
      <line num="877" count="0" type="stmt"/>
      <line num="883" count="0" type="stmt"/>
      <line num="884" count="0" type="stmt"/>
      <line num="885" count="0" type="stmt"/>
      <line num="887" count="0" type="stmt"/>
      <line num="888" count="0" type="stmt"/>
      <line num="893" count="1" type="stmt"/>
      <line num="894" count="1" type="stmt"/>
      <line num="895" count="1" type="stmt"/>
      <line num="898" count="0" type="stmt"/>
      <line num="899" count="0" type="stmt"/>
      <line num="904" count="0" type="stmt"/>
      <line num="905" count="0" type="stmt"/>
      <line num="907" count="0" type="stmt"/>
      <line num="910" count="0" type="stmt"/>
      <line num="911" count="0" type="stmt"/>
      <line num="916" count="1" type="stmt"/>
      <line num="917" count="1" type="stmt"/>
      <line num="938" count="1" type="stmt"/>
      <line num="940" count="0" type="stmt"/>
      <line num="941" count="0" type="stmt"/>
      <line num="946" count="0" type="stmt"/>
      <line num="947" count="0" type="stmt"/>
      <line num="967" count="0" type="stmt"/>
      <line num="969" count="0" type="stmt"/>
      <line num="970" count="0" type="stmt"/>
      <line num="975" count="0" type="stmt"/>
      <line num="976" count="0" type="stmt"/>
      <line num="978" count="0" type="stmt"/>
      <line num="980" count="0" type="stmt"/>
      <line num="981" count="0" type="stmt"/>
      <line num="986" count="0" type="stmt"/>
      <line num="987" count="0" type="stmt"/>
      <line num="1005" count="0" type="stmt"/>
      <line num="1007" count="0" type="stmt"/>
      <line num="1008" count="0" type="stmt"/>
      <line num="1013" count="1" type="stmt"/>
      <line num="1014" count="1" type="stmt"/>
      <line num="1015" count="1" type="stmt"/>
      <line num="1016" count="15" type="stmt"/>
      <line num="1018" count="0" type="stmt"/>
      <line num="1019" count="0" type="stmt"/>
      <line num="1025" count="1" type="stmt"/>
      <line num="1028" count="1" type="cond" truecount="1" falsecount="1"/>
      <line num="1029" count="1" type="stmt"/>
      <line num="1031" count="0" type="stmt"/>
      <line num="1032" count="0" type="stmt"/>
      <line num="1035" count="0" type="stmt"/>
      <line num="1038" count="0" type="stmt"/>
      <line num="1039" count="0" type="stmt"/>
      <line num="1044" count="0" type="stmt"/>
      <line num="1045" count="0" type="stmt"/>
      <line num="1047" count="0" type="stmt"/>
      <line num="1050" count="0" type="stmt"/>
      <line num="1051" count="0" type="stmt"/>
      <line num="1056" count="1" type="stmt"/>
      <line num="1057" count="1" type="stmt"/>
      <line num="1059" count="1" type="stmt"/>
      <line num="1062" count="0" type="stmt"/>
      <line num="1063" count="0" type="stmt"/>
      <line num="1072" count="1" type="stmt"/>
      <line num="1073" count="1" type="stmt"/>
      <line num="1076" count="1" type="stmt"/>
      <line num="1077" count="1" type="stmt"/>
      <line num="1080" count="0" type="stmt"/>
      <line num="1081" count="0" type="stmt"/>
      <line num="1087" count="1" type="stmt"/>
      <line num="1088" count="1" type="stmt"/>
      <line num="1091" count="1" type="stmt"/>
      <line num="1093" count="0" type="stmt"/>
      <line num="1094" count="0" type="stmt"/>
      <line num="1100" count="1" type="stmt"/>
      <line num="1101" count="1" type="stmt"/>
      <line num="1104" count="1" type="stmt"/>
      <line num="1105" count="1" type="stmt"/>
      <line num="1108" count="0" type="stmt"/>
      <line num="1109" count="0" type="stmt"/>
      <line num="1114" count="1" type="stmt"/>
      <line num="1115" count="1" type="stmt"/>
      <line num="1117" count="1" type="stmt"/>
      <line num="1119" count="0" type="stmt"/>
      <line num="1120" count="0" type="stmt"/>
      <line num="1125" count="0" type="stmt"/>
      <line num="1126" count="0" type="stmt"/>
      <line num="1129" count="0" type="stmt"/>
      <line num="1130" count="0" type="stmt"/>
      <line num="1133" count="0" type="stmt"/>
      <line num="1134" count="0" type="stmt"/>
      <line num="1139" count="1" type="stmt"/>
      <line num="1140" count="1" type="stmt"/>
      <line num="1143" count="1" type="stmt"/>
      <line num="1144" count="1" type="stmt"/>
      <line num="1147" count="0" type="stmt"/>
      <line num="1148" count="0" type="stmt"/>
      <line num="1153" count="1" type="stmt"/>
      <line num="1154" count="1" type="stmt"/>
      <line num="1157" count="1" type="stmt"/>
      <line num="1158" count="1" type="stmt"/>
      <line num="1160" count="0" type="stmt"/>
      <line num="1161" count="0" type="stmt"/>
      <line num="1166" count="1" type="stmt"/>
      <line num="1167" count="1" type="stmt"/>
      <line num="1170" count="1" type="stmt"/>
      <line num="1171" count="1" type="stmt"/>
      <line num="1173" count="0" type="stmt"/>
      <line num="1174" count="0" type="stmt"/>
      <line num="1179" count="1" type="stmt"/>
      <line num="1180" count="1" type="stmt"/>
      <line num="1183" count="1" type="stmt"/>
      <line num="1184" count="1" type="stmt"/>
      <line num="1186" count="0" type="stmt"/>
      <line num="1187" count="0" type="stmt"/>
      <line num="1192" count="1" type="stmt"/>
      <line num="1193" count="1" type="stmt"/>
      <line num="1194" count="1" type="stmt"/>
      <line num="1195" count="1" type="stmt"/>
      <line num="1198" count="0" type="stmt"/>
      <line num="1199" count="0" type="stmt"/>
      <line num="1204" count="1" type="stmt"/>
      <line num="1205" count="1" type="stmt"/>
      <line num="1206" count="1" type="stmt"/>
      <line num="1207" count="1" type="stmt"/>
      <line num="1210" count="0" type="stmt"/>
      <line num="1211" count="0" type="stmt"/>
      <line num="1217" count="0" type="stmt"/>
      <line num="1218" count="0" type="stmt"/>
      <line num="1221" count="0" type="stmt"/>
      <line num="1222" count="0" type="stmt"/>
      <line num="1225" count="0" type="stmt"/>
      <line num="1226" count="0" type="stmt"/>
      <line num="1232" count="0" type="stmt"/>
      <line num="1233" count="0" type="stmt"/>
      <line num="1236" count="0" type="stmt"/>
      <line num="1237" count="0" type="stmt"/>
      <line num="1240" count="0" type="stmt"/>
      <line num="1241" count="0" type="stmt"/>
      <line num="1246" count="1" type="stmt"/>
      <line num="1247" count="1" type="stmt"/>
      <line num="1249" count="1" type="stmt"/>
      <line num="1250" count="1" type="stmt"/>
      <line num="1252" count="0" type="stmt"/>
      <line num="1253" count="0" type="stmt"/>
      <line num="1259" count="0" type="stmt"/>
      <line num="1260" count="0" type="stmt"/>
      <line num="1263" count="0" type="stmt"/>
      <line num="1264" count="0" type="stmt"/>
      <line num="1267" count="0" type="stmt"/>
      <line num="1268" count="0" type="stmt"/>
      <line num="1274" count="0" type="stmt"/>
      <line num="1275" count="0" type="stmt"/>
      <line num="1278" count="0" type="stmt"/>
      <line num="1279" count="0" type="stmt"/>
      <line num="1282" count="0" type="stmt"/>
      <line num="1283" count="0" type="stmt"/>
      <line num="1289" count="0" type="stmt"/>
      <line num="1290" count="0" type="stmt"/>
      <line num="1293" count="0" type="stmt"/>
      <line num="1294" count="0" type="stmt"/>
      <line num="1297" count="0" type="stmt"/>
      <line num="1298" count="0" type="stmt"/>
      <line num="1303" count="1" type="stmt"/>
      <line num="1305" count="1" type="stmt"/>
      <line num="1310" count="1" type="cond" truecount="1" falsecount="1"/>
      <line num="1311" count="0" type="stmt"/>
      <line num="1314" count="1" type="stmt"/>
      <line num="1316" count="1" type="stmt"/>
      <line num="1317" count="1" type="stmt"/>
      <line num="1319" count="1" type="cond" truecount="1" falsecount="1"/>
      <line num="1320" count="0" type="cond" truecount="0" falsecount="2"/>
      <line num="1321" count="1" type="cond" truecount="3" falsecount="1"/>
      <line num="1322" count="1" type="stmt"/>
      <line num="1325" count="0" type="stmt"/>
      <line num="1326" count="0" type="stmt"/>
      <line num="1330" count="1" type="stmt"/>
      <line num="1331" count="1" type="stmt"/>
      <line num="1332" count="1" type="cond" truecount="1" falsecount="1"/>
      <line num="1333" count="0" type="stmt"/>
      <line num="1334" count="0" type="stmt"/>
      <line num="1337" count="1" type="cond" truecount="1" falsecount="1"/>
      <line num="1339" count="1" type="stmt"/>
      <line num="1340" count="1" type="cond" truecount="1" falsecount="1"/>
      <line num="1341" count="1" type="stmt"/>
      <line num="1347" count="1" type="stmt"/>
      <line num="1352" count="1" type="stmt"/>
      <line num="1354" count="0" type="stmt"/>
      <line num="1355" count="0" type="stmt"/>
      <line num="1360" count="2" type="stmt"/>
      <line num="1361" count="2" type="stmt"/>
      <line num="1365" count="2" type="stmt"/>
      <line num="1367" count="0" type="stmt"/>
      <line num="1368" count="0" type="stmt"/>
      <line num="1373" count="0" type="stmt"/>
      <line num="1374" count="0" type="stmt"/>
      <line num="1377" count="0" type="stmt"/>
      <line num="1379" count="0" type="stmt"/>
      <line num="1380" count="0" type="stmt"/>
      <line num="1385" count="0" type="stmt"/>
      <line num="1386" count="0" type="stmt"/>
      <line num="1388" count="0" type="stmt"/>
      <line num="1390" count="0" type="stmt"/>
      <line num="1391" count="0" type="stmt"/>
      <line num="1401" count="0" type="stmt"/>
      <line num="1402" count="0" type="stmt"/>
      <line num="1404" count="0" type="stmt"/>
      <line num="1405" count="0" type="stmt"/>
      <line num="1408" count="0" type="stmt"/>
      <line num="1409" count="0" type="stmt"/>
      <line num="1415" count="2" type="stmt"/>
      <line num="1416" count="2" type="stmt"/>
      <line num="1418" count="2" type="stmt"/>
      <line num="1419" count="2" type="stmt"/>
      <line num="1422" count="0" type="stmt"/>
      <line num="1423" count="0" type="stmt"/>
      <line num="1428" count="0" type="stmt"/>
      <line num="1429" count="0" type="stmt"/>
      <line num="1431" count="0" type="stmt"/>
      <line num="1432" count="0" type="stmt"/>
      <line num="1435" count="0" type="stmt"/>
      <line num="1436" count="0" type="stmt"/>
      <line num="1441" count="0" type="stmt"/>
      <line num="1442" count="0" type="stmt"/>
      <line num="1444" count="0" type="stmt"/>
      <line num="1445" count="0" type="stmt"/>
      <line num="1448" count="0" type="stmt"/>
      <line num="1449" count="0" type="stmt"/>
      <line num="1454" count="0" type="stmt"/>
      <line num="1455" count="0" type="stmt"/>
      <line num="1457" count="0" type="stmt"/>
      <line num="1458" count="0" type="stmt"/>
      <line num="1461" count="0" type="stmt"/>
      <line num="1462" count="0" type="stmt"/>
      <line num="1467" count="0" type="stmt"/>
      <line num="1468" count="0" type="stmt"/>
      <line num="1470" count="0" type="stmt"/>
      <line num="1471" count="0" type="stmt"/>
      <line num="1474" count="0" type="stmt"/>
      <line num="1475" count="0" type="stmt"/>
      <line num="1481" count="0" type="stmt"/>
      <line num="1482" count="0" type="stmt"/>
      <line num="1484" count="0" type="stmt"/>
      <line num="1485" count="0" type="stmt"/>
      <line num="1488" count="0" type="stmt"/>
      <line num="1489" count="0" type="stmt"/>
      <line num="1494" count="1" type="stmt"/>
      <line num="1495" count="1" type="stmt"/>
      <line num="1497" count="1" type="stmt"/>
      <line num="1498" count="1" type="stmt"/>
      <line num="1501" count="0" type="stmt"/>
      <line num="1502" count="0" type="stmt"/>
      <line num="1507" count="0" type="stmt"/>
      <line num="1508" count="0" type="stmt"/>
      <line num="1510" count="0" type="stmt"/>
      <line num="1511" count="0" type="stmt"/>
      <line num="1514" count="0" type="stmt"/>
      <line num="1515" count="0" type="stmt"/>
      <line num="1520" count="0" type="stmt"/>
      <line num="1521" count="0" type="stmt"/>
      <line num="1525" count="0" type="stmt"/>
      <line num="1526" count="0" type="stmt"/>
      <line num="1529" count="0" type="stmt"/>
      <line num="1530" count="0" type="stmt"/>
    </file>
    <file name="rabbitmq.js" path="/Users/fardbook/Desktop/Courses/NJIT Classes/CS490/GROUP_PROJECT/CS490-GP-Backend/backend/rabbitmq.js">
      <metrics statements="39" coveredstatements="12" conditionals="2" coveredconditionals="0" methods="4" coveredmethods="1"/>
      <line num="8" count="1" type="stmt"/>
      <line num="11" count="1" type="stmt"/>
      <line num="12" count="1" type="stmt"/>
      <line num="15" count="0" type="stmt"/>
      <line num="16" count="0" type="stmt"/>
      <line num="17" count="0" type="stmt"/>
      <line num="19" count="0" type="stmt"/>
      <line num="21" count="0" type="stmt"/>
      <line num="25" count="0" type="stmt"/>
      <line num="27" count="0" type="stmt"/>
      <line num="28" count="0" type="stmt"/>
      <line num="32" count="0" type="stmt"/>
      <line num="33" count="0" type="stmt"/>
      <line num="34" count="0" type="stmt"/>
      <line num="37" count="0" type="stmt"/>
      <line num="38" count="0" type="stmt"/>
      <line num="42" count="0" type="stmt"/>
      <line num="44" count="0" type="stmt"/>
      <line num="46" count="0" type="stmt"/>
      <line num="47" count="0" type="cond" truecount="0" falsecount="2"/>
      <line num="48" count="0" type="stmt"/>
      <line num="50" count="0" type="stmt"/>
      <line num="51" count="0" type="stmt"/>
      <line num="59" count="0" type="stmt"/>
      <line num="61" count="0" type="stmt"/>
      <line num="62" count="0" type="stmt"/>
      <line num="64" count="0" type="stmt"/>
      <line num="65" count="0" type="stmt"/>
      <line num="66" count="0" type="stmt"/>
      <line num="68" count="0" type="stmt"/>
      <line num="77" count="15" type="stmt"/>
      <line num="78" count="15" type="stmt"/>
      <line num="79" count="15" type="stmt"/>
      <line num="81" count="15" type="stmt"/>
      <line num="82" count="15" type="stmt"/>
      <line num="83" count="15" type="stmt"/>
      <line num="85" count="15" type="stmt"/>
      <line num="87" count="15" type="stmt"/>
      <line num="88" count="15" type="stmt"/>
    </file>
    <file name="server.js" path="/Users/fardbook/Desktop/Courses/NJIT Classes/CS490/GROUP_PROJECT/CS490-GP-Backend/backend/server.js">
      <metrics statements="767" coveredstatements="398" conditionals="278" coveredconditionals="90" methods="112" coveredmethods="54"/>
      <line num="50" count="1" type="stmt"/>
      <line num="58" count="1" type="stmt"/>
      <line num="59" count="1" type="stmt"/>
      <line num="60" count="1" type="stmt"/>
      <line num="62" count="1" type="stmt"/>
      <line num="63" count="0" type="stmt"/>
      <line num="64" count="0" type="stmt"/>
      <line num="67" count="1" type="stmt"/>
      <line num="78" count="1" type="stmt"/>
      <line num="82" count="1" type="stmt"/>
      <line num="83" count="1" type="stmt"/>
      <line num="90" count="1" type="stmt"/>
      <line num="91" count="0" type="stmt"/>
      <line num="94" count="0" type="stmt"/>
      <line num="95" count="0" type="stmt"/>
      <line num="96" count="0" type="stmt"/>
      <line num="100" count="0" type="stmt"/>
      <line num="101" count="0" type="stmt"/>
      <line num="103" count="0" type="stmt"/>
      <line num="104" count="0" type="stmt"/>
      <line num="105" count="0" type="stmt"/>
      <line num="108" count="0" type="stmt"/>
      <line num="110" count="0" type="stmt"/>
      <line num="111" count="0" type="stmt"/>
      <line num="112" count="0" type="stmt"/>
      <line num="114" count="0" type="cond" truecount="0" falsecount="2"/>
      <line num="115" count="0" type="stmt"/>
      <line num="117" count="0" type="stmt"/>
      <line num="119" count="0" type="stmt"/>
      <line num="124" count="0" type="stmt"/>
      <line num="125" count="0" type="stmt"/>
      <line num="126" count="0" type="stmt"/>
      <line num="127" count="0" type="stmt"/>
      <line num="131" count="0" type="stmt"/>
      <line num="132" count="0" type="stmt"/>
      <line num="137" count="1" type="stmt"/>
      <line num="138" count="1" type="stmt"/>
      <line num="139" count="1" type="stmt"/>
      <line num="140" count="15" type="stmt"/>
      <line num="142" count="1" type="stmt"/>
      <line num="144" count="0" type="stmt"/>
      <line num="148" count="1" type="cond" truecount="2" falsecount="0"/>
      <line num="149" count="1" type="stmt"/>
      <line num="150" count="1" type="stmt"/>
      <line num="151" count="1" type="stmt"/>
      <line num="154" count="0" type="stmt"/>
      <line num="157" count="1" type="stmt"/>
      <line num="158" count="0" type="stmt"/>
      <line num="160" count="0" type="cond" truecount="0" falsecount="2"/>
      <line num="161" count="0" type="stmt"/>
      <line num="165" count="0" type="cond" truecount="0" falsecount="2"/>
      <line num="166" count="0" type="stmt"/>
      <line num="169" count="0" type="stmt"/>
      <line num="172" count="1" type="stmt"/>
      <line num="174" count="0" type="stmt"/>
      <line num="178" count="0" type="stmt"/>
      <line num="179" count="0" type="stmt"/>
      <line num="183" count="1" type="stmt"/>
      <line num="185" count="1" type="stmt"/>
      <line num="186" count="0" type="stmt"/>
      <line num="187" count="0" type="stmt"/>
      <line num="216" count="1" type="stmt"/>
      <line num="217" count="0" type="stmt"/>
      <line num="218" count="0" type="stmt"/>
      <line num="219" count="0" type="stmt"/>
      <line num="220" count="0" type="stmt"/>
      <line num="221" count="0" type="stmt"/>
      <line num="245" count="1" type="stmt"/>
      <line num="246" count="0" type="stmt"/>
      <line num="247" count="0" type="stmt"/>
      <line num="248" count="0" type="stmt"/>
      <line num="249" count="0" type="stmt"/>
      <line num="273" count="1" type="stmt"/>
      <line num="274" count="0" type="stmt"/>
      <line num="275" count="0" type="stmt"/>
      <line num="276" count="0" type="stmt"/>
      <line num="277" count="0" type="stmt"/>
      <line num="301" count="1" type="stmt"/>
      <line num="302" count="1" type="stmt"/>
      <line num="303" count="1" type="stmt"/>
      <line num="304" count="1" type="stmt"/>
      <line num="305" count="1" type="stmt"/>
      <line num="330" count="1" type="stmt"/>
      <line num="331" count="0" type="stmt"/>
      <line num="332" count="0" type="stmt"/>
      <line num="333" count="0" type="stmt"/>
      <line num="334" count="0" type="stmt"/>
      <line num="349" count="1" type="stmt"/>
      <line num="350" count="1" type="stmt"/>
      <line num="351" count="1" type="stmt"/>
      <line num="375" count="1" type="stmt"/>
      <line num="376" count="0" type="stmt"/>
      <line num="377" count="0" type="stmt"/>
      <line num="378" count="0" type="stmt"/>
      <line num="379" count="0" type="stmt"/>
      <line num="380" count="0" type="stmt"/>
      <line num="406" count="1" type="stmt"/>
      <line num="407" count="2" type="stmt"/>
      <line num="408" count="2" type="cond" truecount="2" falsecount="0"/>
      <line num="409" count="1" type="stmt"/>
      <line num="411" count="1" type="stmt"/>
      <line num="412" count="1" type="stmt"/>
      <line num="413" count="1" type="stmt"/>
      <line num="414" count="1" type="stmt"/>
      <line num="415" count="1" type="stmt"/>
      <line num="418" count="0" type="cond" truecount="0" falsecount="2"/>
      <line num="434" count="1" type="stmt"/>
      <line num="435" count="0" type="stmt"/>
      <line num="436" count="0" type="stmt"/>
      <line num="437" count="0" type="stmt"/>
      <line num="438" count="0" type="stmt"/>
      <line num="453" count="1" type="stmt"/>
      <line num="454" count="1" type="stmt"/>
      <line num="455" count="1" type="stmt"/>
      <line num="456" count="1" type="stmt"/>
      <line num="457" count="1" type="stmt"/>
      <line num="481" count="1" type="stmt"/>
      <line num="482" count="0" type="stmt"/>
      <line num="483" count="0" type="stmt"/>
      <line num="498" count="1" type="stmt"/>
      <line num="499" count="0" type="stmt"/>
      <line num="500" count="0" type="stmt"/>
      <line num="526" count="1" type="stmt"/>
      <line num="527" count="1" type="stmt"/>
      <line num="528" count="1" type="stmt"/>
      <line num="529" count="1" type="stmt"/>
      <line num="530" count="1" type="stmt"/>
      <line num="533" count="0" type="cond" truecount="0" falsecount="2"/>
      <line num="558" count="1" type="stmt"/>
      <line num="559" count="1" type="stmt"/>
      <line num="560" count="1" type="stmt"/>
      <line num="561" count="1" type="stmt"/>
      <line num="562" count="1" type="stmt"/>
      <line num="575" count="1" type="stmt"/>
      <line num="576" count="1" type="stmt"/>
      <line num="577" count="1" type="stmt"/>
      <line num="578" count="1" type="stmt"/>
      <line num="580" count="0" type="stmt"/>
      <line num="602" count="1" type="stmt"/>
      <line num="603" count="1" type="stmt"/>
      <line num="604" count="1" type="stmt"/>
      <line num="617" count="1" type="stmt"/>
      <line num="618" count="1" type="stmt"/>
      <line num="619" count="1" type="stmt"/>
      <line num="639" count="1" type="stmt"/>
      <line num="640" count="1" type="stmt"/>
      <line num="641" count="1" type="stmt"/>
      <line num="661" count="1" type="stmt"/>
      <line num="662" count="0" type="stmt"/>
      <line num="663" count="0" type="stmt"/>
      <line num="664" count="0" type="stmt"/>
      <line num="665" count="0" type="stmt"/>
      <line num="666" count="0" type="stmt"/>
      <line num="668" count="0" type="stmt"/>
      <line num="690" count="1" type="stmt"/>
      <line num="691" count="1" type="stmt"/>
      <line num="692" count="1" type="stmt"/>
      <line num="693" count="1" type="stmt"/>
      <line num="694" count="1" type="stmt"/>
      <line num="714" count="1" type="stmt"/>
      <line num="715" count="1" type="stmt"/>
      <line num="716" count="1" type="stmt"/>
      <line num="717" count="1" type="stmt"/>
      <line num="718" count="1" type="stmt"/>
      <line num="738" count="1" type="stmt"/>
      <line num="739" count="1" type="stmt"/>
      <line num="740" count="1" type="stmt"/>
      <line num="741" count="1" type="stmt"/>
      <line num="742" count="1" type="stmt"/>
      <line num="762" count="1" type="stmt"/>
      <line num="763" count="0" type="stmt"/>
      <line num="764" count="0" type="stmt"/>
      <line num="765" count="0" type="stmt"/>
      <line num="766" count="0" type="stmt"/>
      <line num="786" count="1" type="stmt"/>
      <line num="787" count="1" type="stmt"/>
      <line num="788" count="1" type="stmt"/>
      <line num="789" count="1" type="stmt"/>
      <line num="790" count="1" type="stmt"/>
      <line num="793" count="0" type="stmt"/>
      <line num="814" count="1" type="stmt"/>
      <line num="815" count="0" type="stmt"/>
      <line num="816" count="0" type="stmt"/>
      <line num="831" count="1" type="stmt"/>
      <line num="832" count="2" type="stmt"/>
      <line num="833" count="2" type="stmt"/>
      <line num="834" count="2" type="stmt"/>
      <line num="836" count="0" type="stmt"/>
      <line num="837" count="0" type="stmt"/>
      <line num="858" count="1" type="stmt"/>
      <line num="859" count="0" type="stmt"/>
      <line num="860" count="0" type="stmt"/>
      <line num="880" count="1" type="stmt"/>
      <line num="881" count="1" type="stmt"/>
      <line num="882" count="1" type="stmt"/>
      <line num="883" count="1" type="stmt"/>
      <line num="884" count="1" type="stmt"/>
      <line num="904" count="1" type="stmt"/>
      <line num="905" count="0" type="stmt"/>
      <line num="906" count="0" type="stmt"/>
      <line num="907" count="0" type="stmt"/>
      <line num="908" count="0" type="stmt"/>
      <line num="909" count="0" type="cond" truecount="0" falsecount="2"/>
      <line num="910" count="0" type="stmt"/>
      <line num="931" count="1" type="stmt"/>
      <line num="932" count="1" type="stmt"/>
      <line num="933" count="1" type="stmt"/>
      <line num="934" count="1" type="stmt"/>
      <line num="937" count="0" type="stmt"/>
      <line num="958" count="1" type="stmt"/>
      <line num="959" count="1" type="stmt"/>
      <line num="960" count="1" type="stmt"/>
      <line num="961" count="1" type="stmt"/>
      <line num="964" count="0" type="stmt"/>
      <line num="985" count="1" type="stmt"/>
      <line num="986" count="1" type="stmt"/>
      <line num="987" count="1" type="stmt"/>
      <line num="988" count="1" type="stmt"/>
      <line num="990" count="0" type="stmt"/>
      <line num="1011" count="1" type="stmt"/>
      <line num="1012" count="1" type="stmt"/>
      <line num="1013" count="1" type="stmt"/>
      <line num="1014" count="1" type="stmt"/>
      <line num="1016" count="0" type="stmt"/>
      <line num="1037" count="1" type="stmt"/>
      <line num="1038" count="1" type="stmt"/>
      <line num="1039" count="1" type="stmt"/>
      <line num="1040" count="1" type="stmt"/>
      <line num="1042" count="0" type="stmt"/>
      <line num="1063" count="1" type="stmt"/>
      <line num="1064" count="0" type="stmt"/>
      <line num="1065" count="0" type="stmt"/>
      <line num="1066" count="0" type="stmt"/>
      <line num="1068" count="0" type="cond" truecount="0" falsecount="2"/>
      <line num="1089" count="1" type="stmt"/>
      <line num="1090" count="0" type="stmt"/>
      <line num="1091" count="0" type="stmt"/>
      <line num="1092" count="0" type="stmt"/>
      <line num="1094" count="0" type="cond" truecount="0" falsecount="2"/>
      <line num="1129" count="1" type="stmt"/>
      <line num="1130" count="3" type="stmt"/>
      <line num="1131" count="3" type="cond" truecount="4" falsecount="0"/>
      <line num="1132" count="2" type="stmt"/>
      <line num="1135" count="1" type="stmt"/>
      <line num="1136" count="1" type="stmt"/>
      <line num="1137" count="1" type="cond" truecount="1" falsecount="1"/>
      <line num="1138" count="0" type="stmt"/>
      <line num="1139" count="0" type="stmt"/>
      <line num="1142" count="1" type="stmt"/>
      <line num="1143" count="1" type="stmt"/>
      <line num="1146" count="0" type="cond" truecount="0" falsecount="2"/>
      <line num="1169" count="1" type="stmt"/>
      <line num="1170" count="0" type="stmt"/>
      <line num="1171" count="0" type="stmt"/>
      <line num="1172" count="0" type="stmt"/>
      <line num="1174" count="0" type="cond" truecount="0" falsecount="2"/>
      <line num="1209" count="1" type="stmt"/>
      <line num="1210" count="3" type="stmt"/>
      <line num="1211" count="3" type="cond" truecount="4" falsecount="0"/>
      <line num="1212" count="2" type="stmt"/>
      <line num="1215" count="1" type="stmt"/>
      <line num="1216" count="1" type="stmt"/>
      <line num="1217" count="1" type="cond" truecount="1" falsecount="1"/>
      <line num="1218" count="0" type="stmt"/>
      <line num="1219" count="0" type="stmt"/>
      <line num="1222" count="1" type="stmt"/>
      <line num="1223" count="1" type="stmt"/>
      <line num="1226" count="0" type="cond" truecount="0" falsecount="2"/>
      <line num="1249" count="1" type="stmt"/>
      <line num="1250" count="0" type="stmt"/>
      <line num="1251" count="0" type="stmt"/>
      <line num="1252" count="0" type="stmt"/>
      <line num="1254" count="0" type="cond" truecount="0" falsecount="2"/>
      <line num="1289" count="1" type="stmt"/>
      <line num="1290" count="3" type="stmt"/>
      <line num="1291" count="3" type="stmt"/>
      <line num="1292" count="3" type="cond" truecount="4" falsecount="0"/>
      <line num="1293" count="2" type="stmt"/>
      <line num="1296" count="1" type="stmt"/>
      <line num="1297" count="1" type="stmt"/>
      <line num="1298" count="1" type="cond" truecount="1" falsecount="1"/>
      <line num="1299" count="0" type="stmt"/>
      <line num="1300" count="0" type="stmt"/>
      <line num="1303" count="1" type="stmt"/>
      <line num="1304" count="1" type="stmt"/>
      <line num="1307" count="0" type="cond" truecount="0" falsecount="2"/>
      <line num="1330" count="1" type="stmt"/>
      <line num="1331" count="0" type="stmt"/>
      <line num="1332" count="0" type="stmt"/>
      <line num="1333" count="0" type="stmt"/>
      <line num="1335" count="0" type="cond" truecount="0" falsecount="2"/>
      <line num="1365" count="1" type="stmt"/>
      <line num="1366" count="2" type="stmt"/>
      <line num="1367" count="2" type="cond" truecount="2" falsecount="0"/>
      <line num="1368" count="1" type="stmt"/>
      <line num="1371" count="1" type="stmt"/>
      <line num="1372" count="1" type="stmt"/>
      <line num="1373" count="1" type="stmt"/>
      <line num="1376" count="0" type="cond" truecount="0" falsecount="2"/>
      <line num="1410" count="1" type="stmt"/>
      <line num="1411" count="0" type="stmt"/>
      <line num="1412" count="0" type="cond" truecount="0" falsecount="2"/>
      <line num="1414" count="0" type="cond" truecount="0" falsecount="10"/>
      <line num="1415" count="0" type="stmt"/>
      <line num="1418" count="0" type="stmt"/>
      <line num="1419" count="0" type="stmt"/>
      <line num="1420" count="0" type="stmt"/>
      <line num="1421" count="0" type="stmt"/>
      <line num="1422" count="0" type="stmt"/>
      <line num="1423" count="0" type="stmt"/>
      <line num="1432" count="0" type="stmt"/>
      <line num="1433" count="0" type="stmt"/>
      <line num="1434" count="0" type="stmt"/>
      <line num="1435" count="0" type="stmt"/>
      <line num="1437" count="0" type="cond" truecount="0" falsecount="2"/>
      <line num="1462" count="1" type="stmt"/>
      <line num="1463" count="0" type="stmt"/>
      <line num="1465" count="0" type="cond" truecount="0" falsecount="10"/>
      <line num="1466" count="0" type="stmt"/>
      <line num="1469" count="0" type="stmt"/>
      <line num="1470" count="0" type="stmt"/>
      <line num="1471" count="0" type="stmt"/>
      <line num="1472" count="0" type="stmt"/>
      <line num="1473" count="0" type="stmt"/>
      <line num="1474" count="0" type="stmt"/>
      <line num="1475" count="0" type="stmt"/>
      <line num="1476" count="0" type="stmt"/>
      <line num="1478" count="0" type="cond" truecount="0" falsecount="2"/>
      <line num="1502" count="1" type="stmt"/>
      <line num="1503" count="0" type="stmt"/>
      <line num="1504" count="0" type="stmt"/>
      <line num="1505" count="0" type="cond" truecount="0" falsecount="4"/>
      <line num="1506" count="0" type="stmt"/>
      <line num="1508" count="0" type="stmt"/>
      <line num="1509" count="0" type="stmt"/>
      <line num="1510" count="0" type="stmt"/>
      <line num="1511" count="0" type="stmt"/>
      <line num="1512" count="0" type="stmt"/>
      <line num="1514" count="0" type="cond" truecount="0" falsecount="2"/>
      <line num="1538" count="1" type="stmt"/>
      <line num="1539" count="2" type="stmt"/>
      <line num="1541" count="2" type="cond" truecount="5" falsecount="0"/>
      <line num="1542" count="1" type="stmt"/>
      <line num="1544" count="1" type="stmt"/>
      <line num="1546" count="1" type="stmt"/>
      <line num="1547" count="1" type="stmt"/>
      <line num="1548" count="1" type="stmt"/>
      <line num="1549" count="1" type="stmt"/>
      <line num="1551" count="0" type="stmt"/>
      <line num="1578" count="1" type="stmt"/>
      <line num="1579" count="0" type="stmt"/>
      <line num="1580" count="0" type="cond" truecount="0" falsecount="8"/>
      <line num="1581" count="0" type="stmt"/>
      <line num="1584" count="0" type="stmt"/>
      <line num="1585" count="0" type="stmt"/>
      <line num="1586" count="0" type="stmt"/>
      <line num="1587" count="0" type="stmt"/>
      <line num="1588" count="0" type="stmt"/>
      <line num="1590" count="0" type="cond" truecount="0" falsecount="2"/>
      <line num="1609" count="1" type="stmt"/>
      <line num="1610" count="2" type="stmt"/>
      <line num="1611" count="2" type="cond" truecount="2" falsecount="0"/>
      <line num="1612" count="1" type="stmt"/>
      <line num="1615" count="1" type="stmt"/>
      <line num="1616" count="1" type="stmt"/>
      <line num="1617" count="1" type="stmt"/>
      <line num="1619" count="0" type="cond" truecount="0" falsecount="2"/>
      <line num="1644" count="1" type="stmt"/>
      <line num="1645" count="2" type="stmt"/>
      <line num="1646" count="2" type="cond" truecount="7" falsecount="0"/>
      <line num="1647" count="1" type="stmt"/>
      <line num="1650" count="1" type="stmt"/>
      <line num="1651" count="1" type="stmt"/>
      <line num="1652" count="1" type="stmt"/>
      <line num="1653" count="1" type="stmt"/>
      <line num="1654" count="1" type="stmt"/>
      <line num="1656" count="0" type="cond" truecount="0" falsecount="2"/>
      <line num="1680" count="1" type="stmt"/>
      <line num="1681" count="2" type="stmt"/>
      <line num="1682" count="2" type="cond" truecount="2" falsecount="0"/>
      <line num="1683" count="1" type="stmt"/>
      <line num="1686" count="1" type="stmt"/>
      <line num="1687" count="1" type="stmt"/>
      <line num="1688" count="1" type="stmt"/>
      <line num="1691" count="0" type="cond" truecount="0" falsecount="2"/>
      <line num="1715" count="1" type="stmt"/>
      <line num="1716" count="2" type="stmt"/>
      <line num="1717" count="2" type="cond" truecount="2" falsecount="0"/>
      <line num="1718" count="1" type="stmt"/>
      <line num="1721" count="1" type="stmt"/>
      <line num="1722" count="1" type="stmt"/>
      <line num="1723" count="1" type="stmt"/>
      <line num="1726" count="0" type="cond" truecount="0" falsecount="2"/>
      <line num="1751" count="1" type="stmt"/>
      <line num="1752" count="2" type="stmt"/>
      <line num="1753" count="2" type="cond" truecount="10" falsecount="0"/>
      <line num="1754" count="1" type="stmt"/>
      <line num="1757" count="1" type="stmt"/>
      <line num="1758" count="1" type="stmt"/>
      <line num="1759" count="1" type="stmt"/>
      <line num="1760" count="1" type="stmt"/>
      <line num="1762" count="1" type="stmt"/>
      <line num="1763" count="1" type="stmt"/>
      <line num="1764" count="1" type="stmt"/>
      <line num="1765" count="1" type="stmt"/>
      <line num="1767" count="0" type="cond" truecount="0" falsecount="2"/>
      <line num="1791" count="1" type="stmt"/>
      <line num="1792" count="0" type="stmt"/>
      <line num="1793" count="0" type="cond" truecount="0" falsecount="9"/>
      <line num="1794" count="0" type="stmt"/>
      <line num="1796" count="0" type="stmt"/>
      <line num="1797" count="0" type="stmt"/>
      <line num="1798" count="0" type="stmt"/>
      <line num="1799" count="0" type="stmt"/>
      <line num="1800" count="0" type="stmt"/>
      <line num="1802" count="0" type="cond" truecount="0" falsecount="2"/>
      <line num="1828" count="1" type="stmt"/>
      <line num="1829" count="1" type="stmt"/>
      <line num="1830" count="1" type="cond" truecount="3" falsecount="1"/>
      <line num="1831" count="0" type="stmt"/>
      <line num="1834" count="1" type="stmt"/>
      <line num="1835" count="1" type="stmt"/>
      <line num="1836" count="1" type="stmt"/>
      <line num="1837" count="1" type="stmt"/>
      <line num="1838" count="1" type="stmt"/>
      <line num="1840" count="0" type="cond" truecount="0" falsecount="2"/>
      <line num="1864" count="1" type="stmt"/>
      <line num="1865" count="0" type="stmt"/>
      <line num="1866" count="0" type="cond" truecount="0" falsecount="4"/>
      <line num="1867" count="0" type="stmt"/>
      <line num="1870" count="0" type="stmt"/>
      <line num="1871" count="0" type="stmt"/>
      <line num="1872" count="0" type="stmt"/>
      <line num="1873" count="0" type="stmt"/>
      <line num="1874" count="0" type="stmt"/>
      <line num="1875" count="0" type="stmt"/>
      <line num="1877" count="0" type="cond" truecount="0" falsecount="2"/>
      <line num="1904" count="1" type="stmt"/>
      <line num="1905" count="2" type="stmt"/>
      <line num="1906" count="2" type="cond" truecount="7" falsecount="0"/>
      <line num="1907" count="1" type="stmt"/>
      <line num="1910" count="1" type="stmt"/>
      <line num="1911" count="1" type="stmt"/>
      <line num="1913" count="1" type="cond" truecount="1" falsecount="1"/>
      <line num="1914" count="0" type="stmt"/>
      <line num="1915" count="0" type="stmt"/>
      <line num="1916" count="0" type="stmt"/>
      <line num="1919" count="1" type="stmt"/>
      <line num="1920" count="1" type="stmt"/>
      <line num="1921" count="1" type="stmt"/>
      <line num="1922" count="1" type="stmt"/>
      <line num="1923" count="1" type="stmt"/>
      <line num="1925" count="0" type="cond" truecount="0" falsecount="2"/>
      <line num="1953" count="1" type="stmt"/>
      <line num="1954" count="4" type="stmt"/>
      <line num="1955" count="4" type="cond" truecount="4" falsecount="0"/>
      <line num="1956" count="1" type="stmt"/>
      <line num="1959" count="3" type="stmt"/>
      <line num="1960" count="3" type="stmt"/>
      <line num="1961" count="3" type="stmt"/>
      <line num="1962" count="3" type="stmt"/>
      <line num="1964" count="3" type="cond" truecount="3" falsecount="1"/>
      <line num="1965" count="3" type="stmt"/>
      <line num="1969" count="0" type="stmt"/>
      <line num="1971" count="0" type="cond" truecount="0" falsecount="2"/>
      <line num="1972" count="0" type="stmt"/>
      <line num="1975" count="0" type="stmt"/>
      <line num="1976" count="0" type="cond" truecount="0" falsecount="2"/>
      <line num="1977" count="0" type="stmt"/>
      <line num="1980" count="0" type="stmt"/>
      <line num="1981" count="0" type="stmt"/>
      <line num="1982" count="0" type="stmt"/>
      <line num="1983" count="0" type="stmt"/>
      <line num="1986" count="0" type="cond" truecount="0" falsecount="2"/>
      <line num="2010" count="1" type="stmt"/>
      <line num="2011" count="2" type="stmt"/>
      <line num="2012" count="2" type="cond" truecount="2" falsecount="0"/>
      <line num="2013" count="1" type="stmt"/>
      <line num="2016" count="1" type="stmt"/>
      <line num="2017" count="1" type="stmt"/>
      <line num="2018" count="1" type="stmt"/>
      <line num="2019" count="1" type="stmt"/>
      <line num="2020" count="1" type="stmt"/>
      <line num="2022" count="0" type="cond" truecount="0" falsecount="2"/>
      <line num="2047" count="1" type="stmt"/>
      <line num="2048" count="0" type="stmt"/>
      <line num="2049" count="0" type="cond" truecount="0" falsecount="4"/>
      <line num="2050" count="0" type="stmt"/>
      <line num="2053" count="0" type="stmt"/>
      <line num="2061" count="0" type="stmt"/>
      <line num="2068" count="0" type="stmt"/>
      <line num="2069" count="0" type="stmt"/>
      <line num="2073" count="0" type="stmt"/>
      <line num="2074" count="0" type="stmt"/>
      <line num="2099" count="1" type="stmt"/>
      <line num="2100" count="2" type="stmt"/>
      <line num="2101" count="2" type="cond" truecount="2" falsecount="0"/>
      <line num="2102" count="1" type="stmt"/>
      <line num="2105" count="1" type="stmt"/>
      <line num="2106" count="1" type="stmt"/>
      <line num="2107" count="1" type="cond" truecount="1" falsecount="1"/>
      <line num="2108" count="1" type="stmt"/>
      <line num="2110" count="0" type="stmt"/>
      <line num="2111" count="0" type="stmt"/>
      <line num="2112" count="0" type="stmt"/>
      <line num="2114" count="0" type="stmt"/>
      <line num="2115" count="0" type="cond" truecount="0" falsecount="2"/>
      <line num="2139" count="1" type="stmt"/>
      <line num="2140" count="0" type="stmt"/>
      <line num="2141" count="0" type="cond" truecount="0" falsecount="2"/>
      <line num="2142" count="0" type="stmt"/>
      <line num="2145" count="0" type="stmt"/>
      <line num="2146" count="0" type="stmt"/>
      <line num="2147" count="0" type="stmt"/>
      <line num="2148" count="0" type="stmt"/>
      <line num="2149" count="0" type="stmt"/>
      <line num="2151" count="0" type="cond" truecount="0" falsecount="2"/>
      <line num="2175" count="1" type="stmt"/>
      <line num="2176" count="0" type="stmt"/>
      <line num="2177" count="0" type="cond" truecount="0" falsecount="2"/>
      <line num="2178" count="0" type="stmt"/>
      <line num="2180" count="0" type="stmt"/>
      <line num="2181" count="0" type="stmt"/>
      <line num="2182" count="0" type="cond" truecount="0" falsecount="2"/>
      <line num="2183" count="0" type="stmt"/>
      <line num="2185" count="0" type="stmt"/>
      <line num="2208" count="1" type="stmt"/>
      <line num="2209" count="2" type="stmt"/>
      <line num="2210" count="2" type="cond" truecount="6" falsecount="0"/>
      <line num="2211" count="1" type="stmt"/>
      <line num="2214" count="1" type="stmt"/>
      <line num="2215" count="1" type="stmt"/>
      <line num="2216" count="1" type="stmt"/>
      <line num="2217" count="1" type="stmt"/>
      <line num="2218" count="1" type="stmt"/>
      <line num="2220" count="0" type="cond" truecount="0" falsecount="2"/>
      <line num="2285" count="1" type="stmt"/>
      <line num="2286" count="1" type="stmt"/>
      <line num="2287" count="1" type="stmt"/>
      <line num="2288" count="1" type="stmt"/>
      <line num="2291" count="1" type="stmt"/>
      <line num="2294" count="1" type="stmt"/>
      <line num="2295" count="2" type="stmt"/>
      <line num="2298" count="1" type="cond" truecount="1" falsecount="1"/>
      <line num="2299" count="0" type="stmt"/>
      <line num="2302" count="1" type="stmt"/>
      <line num="2303" count="1" type="stmt"/>
      <line num="2304" count="1" type="stmt"/>
      <line num="2306" count="1" type="stmt"/>
      <line num="2307" count="1" type="stmt"/>
      <line num="2309" count="0" type="cond" truecount="0" falsecount="2"/>
      <line num="2344" count="1" type="stmt"/>
      <line num="2345" count="1" type="stmt"/>
      <line num="2346" count="1" type="stmt"/>
      <line num="2347" count="1" type="stmt"/>
      <line num="2348" count="1" type="stmt"/>
      <line num="2349" count="1" type="stmt"/>
      <line num="2350" count="1" type="stmt"/>
      <line num="2351" count="1" type="stmt"/>
      <line num="2353" count="0" type="cond" truecount="0" falsecount="2"/>
      <line num="2382" count="1" type="stmt"/>
      <line num="2383" count="1" type="stmt"/>
      <line num="2384" count="1" type="stmt"/>
      <line num="2385" count="1" type="stmt"/>
      <line num="2386" count="1" type="stmt"/>
      <line num="2387" count="1" type="stmt"/>
      <line num="2389" count="1" type="stmt"/>
      <line num="2390" count="1" type="stmt"/>
      <line num="2392" count="0" type="cond" truecount="0" falsecount="2"/>
      <line num="2438" count="1" type="stmt"/>
      <line num="2439" count="0" type="stmt"/>
      <line num="2440" count="0" type="stmt"/>
      <line num="2441" count="0" type="stmt"/>
      <line num="2444" count="0" type="stmt"/>
      <line num="2447" count="0" type="stmt"/>
      <line num="2448" count="0" type="stmt"/>
      <line num="2451" count="0" type="cond" truecount="0" falsecount="2"/>
      <line num="2452" count="0" type="stmt"/>
      <line num="2455" count="0" type="stmt"/>
      <line num="2456" count="0" type="stmt"/>
      <line num="2457" count="0" type="stmt"/>
      <line num="2459" count="0" type="stmt"/>
      <line num="2460" count="0" type="stmt"/>
      <line num="2462" count="0" type="cond" truecount="0" falsecount="2"/>
      <line num="2514" count="1" type="stmt"/>
      <line num="2515" count="2" type="stmt"/>
      <line num="2516" count="2" type="stmt"/>
      <line num="2517" count="2" type="stmt"/>
      <line num="2520" count="2" type="stmt"/>
      <line num="2523" count="2" type="stmt"/>
      <line num="2524" count="2" type="stmt"/>
      <line num="2527" count="2" type="cond" truecount="2" falsecount="0"/>
      <line num="2528" count="1" type="stmt"/>
      <line num="2530" count="1" type="stmt"/>
      <line num="2531" count="1" type="stmt"/>
      <line num="2532" count="1" type="stmt"/>
      <line num="2533" count="1" type="stmt"/>
      <line num="2535" count="1" type="stmt"/>
      <line num="2536" count="1" type="stmt"/>
      <line num="2538" count="0" type="cond" truecount="0" falsecount="2"/>
      <line num="2573" count="1" type="stmt"/>
      <line num="2574" count="0" type="stmt"/>
      <line num="2575" count="0" type="stmt"/>
      <line num="2576" count="0" type="stmt"/>
      <line num="2577" count="0" type="stmt"/>
      <line num="2578" count="0" type="stmt"/>
      <line num="2579" count="0" type="stmt"/>
      <line num="2580" count="0" type="stmt"/>
      <line num="2582" count="0" type="cond" truecount="0" falsecount="2"/>
      <line num="2622" count="1" type="stmt"/>
      <line num="2623" count="0" type="stmt"/>
      <line num="2624" count="0" type="stmt"/>
      <line num="2625" count="0" type="stmt"/>
      <line num="2628" count="0" type="stmt"/>
      <line num="2631" count="0" type="stmt"/>
      <line num="2632" count="0" type="stmt"/>
      <line num="2635" count="0" type="cond" truecount="0" falsecount="2"/>
      <line num="2636" count="0" type="stmt"/>
      <line num="2639" count="0" type="stmt"/>
      <line num="2640" count="0" type="stmt"/>
      <line num="2641" count="0" type="stmt"/>
      <line num="2642" count="0" type="stmt"/>
      <line num="2644" count="0" type="cond" truecount="0" falsecount="2"/>
      <line num="2684" count="1" type="stmt"/>
      <line num="2685" count="0" type="stmt"/>
      <line num="2686" count="0" type="stmt"/>
      <line num="2687" count="0" type="stmt"/>
      <line num="2690" count="0" type="stmt"/>
      <line num="2693" count="0" type="stmt"/>
      <line num="2694" count="0" type="stmt"/>
      <line num="2697" count="0" type="cond" truecount="0" falsecount="2"/>
      <line num="2698" count="0" type="stmt"/>
      <line num="2701" count="0" type="stmt"/>
      <line num="2702" count="0" type="stmt"/>
      <line num="2703" count="0" type="stmt"/>
      <line num="2704" count="0" type="stmt"/>
      <line num="2706" count="0" type="cond" truecount="0" falsecount="2"/>
      <line num="2739" count="1" type="stmt"/>
      <line num="2740" count="1" type="stmt"/>
      <line num="2741" count="1" type="stmt"/>
      <line num="2742" count="1" type="stmt"/>
      <line num="2744" count="1" type="stmt"/>
      <line num="2745" count="1" type="stmt"/>
      <line num="2746" count="1" type="stmt"/>
      <line num="2748" count="1" type="stmt"/>
      <line num="2750" count="0" type="stmt"/>
      <line num="2751" count="0" type="cond" truecount="0" falsecount="2"/>
      <line num="2774" count="1" type="stmt"/>
      <line num="2775" count="2" type="stmt"/>
      <line num="2776" count="2" type="stmt"/>
      <line num="2778" count="2" type="stmt"/>
      <line num="2780" count="2" type="stmt"/>
      <line num="2782" count="0" type="stmt"/>
      <line num="2783" count="0" type="cond" truecount="0" falsecount="2"/>
      <line num="2816" count="1" type="stmt"/>
      <line num="2817" count="0" type="stmt"/>
      <line num="2818" count="0" type="cond" truecount="0" falsecount="6"/>
      <line num="2819" count="0" type="stmt"/>
      <line num="2822" count="0" type="stmt"/>
      <line num="2823" count="0" type="stmt"/>
      <line num="2824" count="0" type="stmt"/>
      <line num="2825" count="0" type="stmt"/>
      <line num="2826" count="0" type="stmt"/>
      <line num="2828" count="0" type="cond" truecount="0" falsecount="2"/>
      <line num="2858" count="1" type="stmt"/>
      <line num="2859" count="1" type="stmt"/>
      <line num="2860" count="1" type="cond" truecount="3" falsecount="1"/>
      <line num="2861" count="0" type="stmt"/>
      <line num="2864" count="1" type="stmt"/>
      <line num="2865" count="1" type="stmt"/>
      <line num="2866" count="1" type="stmt"/>
      <line num="2867" count="1" type="stmt"/>
      <line num="2868" count="1" type="stmt"/>
      <line num="2870" count="0" type="cond" truecount="0" falsecount="2"/>
      <line num="2900" count="1" type="stmt"/>
      <line num="2901" count="1" type="stmt"/>
      <line num="2902" count="1" type="cond" truecount="3" falsecount="1"/>
      <line num="2903" count="0" type="stmt"/>
      <line num="2906" count="1" type="stmt"/>
      <line num="2907" count="1" type="stmt"/>
      <line num="2908" count="1" type="stmt"/>
      <line num="2909" count="1" type="stmt"/>
      <line num="2910" count="1" type="stmt"/>
      <line num="2912" count="0" type="cond" truecount="0" falsecount="2"/>
      <line num="2943" count="1" type="stmt"/>
      <line num="2944" count="1" type="stmt"/>
      <line num="2945" count="1" type="cond" truecount="3" falsecount="1"/>
      <line num="2946" count="0" type="stmt"/>
      <line num="2949" count="1" type="stmt"/>
      <line num="2950" count="1" type="stmt"/>
      <line num="2951" count="1" type="stmt"/>
      <line num="2952" count="1" type="stmt"/>
      <line num="2953" count="1" type="stmt"/>
      <line num="2955" count="0" type="cond" truecount="0" falsecount="2"/>
      <line num="2985" count="1" type="stmt"/>
      <line num="2986" count="0" type="stmt"/>
      <line num="2987" count="0" type="cond" truecount="0" falsecount="4"/>
      <line num="2988" count="0" type="stmt"/>
      <line num="2991" count="0" type="stmt"/>
      <line num="2992" count="0" type="stmt"/>
      <line num="2993" count="0" type="stmt"/>
      <line num="2995" count="0" type="cond" truecount="0" falsecount="2"/>
      <line num="3022" count="1" type="stmt"/>
      <line num="3023" count="0" type="stmt"/>
      <line num="3024" count="0" type="cond" truecount="0" falsecount="2"/>
      <line num="3025" count="0" type="stmt"/>
      <line num="3028" count="0" type="stmt"/>
      <line num="3029" count="0" type="stmt"/>
      <line num="3030" count="0" type="stmt"/>
      <line num="3032" count="0" type="cond" truecount="0" falsecount="2"/>
      <line num="3065" count="1" type="stmt"/>
      <line num="3066" count="0" type="stmt"/>
      <line num="3067" count="0" type="stmt"/>
      <line num="3068" count="0" type="stmt"/>
      <line num="3069" count="0" type="stmt"/>
      <line num="3070" count="0" type="stmt"/>
      <line num="3098" count="1" type="stmt"/>
      <line num="3099" count="1" type="stmt"/>
      <line num="3100" count="1" type="stmt"/>
      <line num="3101" count="1" type="stmt"/>
      <line num="3102" count="1" type="stmt"/>
      <line num="3130" count="1" type="stmt"/>
      <line num="3131" count="1" type="stmt"/>
      <line num="3132" count="1" type="stmt"/>
      <line num="3133" count="1" type="stmt"/>
      <line num="3134" count="1" type="stmt"/>
      <line num="3162" count="1" type="stmt"/>
      <line num="3163" count="0" type="stmt"/>
      <line num="3164" count="0" type="stmt"/>
      <line num="3165" count="0" type="stmt"/>
      <line num="3166" count="0" type="stmt"/>
      <line num="3192" count="1" type="stmt"/>
      <line num="3193" count="0" type="stmt"/>
      <line num="3194" count="0" type="stmt"/>
      <line num="3195" count="0" type="stmt"/>
      <line num="3196" count="0" type="stmt"/>
      <line num="3222" count="1" type="stmt"/>
      <line num="3223" count="0" type="stmt"/>
      <line num="3224" count="0" type="stmt"/>
      <line num="3225" count="0" type="stmt"/>
      <line num="3226" count="0" type="stmt"/>
      <line num="3252" count="1" type="stmt"/>
      <line num="3253" count="0" type="stmt"/>
      <line num="3254" count="0" type="stmt"/>
      <line num="3255" count="0" type="stmt"/>
      <line num="3256" count="0" type="stmt"/>
      <line num="3284" count="1" type="stmt"/>
      <line num="3285" count="0" type="stmt"/>
      <line num="3286" count="0" type="stmt"/>
      <line num="3287" count="0" type="stmt"/>
      <line num="3288" count="0" type="stmt"/>
      <line num="3314" count="1" type="stmt"/>
      <line num="3315" count="1" type="stmt"/>
      <line num="3316" count="1" type="stmt"/>
      <line num="3317" count="1" type="stmt"/>
      <line num="3318" count="1" type="stmt"/>
      <line num="3346" count="1" type="stmt"/>
      <line num="3347" count="0" type="stmt"/>
      <line num="3348" count="0" type="stmt"/>
      <line num="3349" count="0" type="stmt"/>
      <line num="3350" count="0" type="stmt"/>
      <line num="3378" count="1" type="stmt"/>
      <line num="3379" count="0" type="stmt"/>
      <line num="3380" count="0" type="stmt"/>
      <line num="3381" count="0" type="stmt"/>
      <line num="3382" count="0" type="stmt"/>
      <line num="3384" count="1" type="stmt"/>
    </file>
    <file name="swagger.js" path="/Users/fardbook/Desktop/Courses/NJIT Classes/CS490/GROUP_PROJECT/CS490-GP-Backend/backend/swagger.js">
      <metrics statements="2" coveredstatements="2" conditionals="0" coveredconditionals="0" methods="0" coveredmethods="0"/>
      <line num="4" count="1" type="stmt"/>
      <line num="21" count="1" type="stmt"/>
    </file>
  </project>
</coverage>
