{"/Users/fardbook/Desktop/Courses/NJIT Classes/CS490/GROUP_PROJECT/CS490-GP-Backend/backend/PrimeWell_db.js": {"path":"/Users/fardbook/Desktop/Courses/NJIT Classes/CS490/GROUP_PROJECT/CS490-GP-Backend/backend/PrimeWell_db.js","statementMap":{"0":{"start":{"line":3,"column":0},"end":{"line":3,"column":15}},"1":{"start":{"line":6,"column":13},"end":{"line":12,"column":12}},"2":{"start":{"line":20,"column":4},"end":{"line":27,"column":5}},"3":{"start":{"line":21,"column":25},"end":{"line":21,"column":118}},"4":{"start":{"line":22,"column":4},"end":{"line":22,"column":24}},"5":{"start":{"line":25,"column":8},"end":{"line":25,"column":57}},"6":{"start":{"line":26,"column":8},"end":{"line":26,"column":17}},"7":{"start":{"line":32,"column":4},"end":{"line":39,"column":5}},"8":{"start":{"line":33,"column":25},"end":{"line":33,"column":97}},"9":{"start":{"line":34,"column":4},"end":{"line":34,"column":21}},"10":{"start":{"line":37,"column":8},"end":{"line":37,"column":57}},"11":{"start":{"line":38,"column":8},"end":{"line":38,"column":17}},"12":{"start":{"line":44,"column":4},"end":{"line":51,"column":5}},"13":{"start":{"line":45,"column":25},"end":{"line":45,"column":95}},"14":{"start":{"line":46,"column":4},"end":{"line":46,"column":21}},"15":{"start":{"line":49,"column":8},"end":{"line":49,"column":56}},"16":{"start":{"line":50,"column":8},"end":{"line":50,"column":17}},"17":{"start":{"line":56,"column":4},"end":{"line":63,"column":5}},"18":{"start":{"line":57,"column":25},"end":{"line":57,"column":94}},"19":{"start":{"line":58,"column":4},"end":{"line":58,"column":21}},"20":{"start":{"line":61,"column":8},"end":{"line":61,"column":58}},"21":{"start":{"line":62,"column":8},"end":{"line":62,"column":17}},"22":{"start":{"line":67,"column":4},"end":{"line":77,"column":5}},"23":{"start":{"line":68,"column":25},"end":{"line":71,"column":37}},"24":{"start":{"line":72,"column":4},"end":{"line":72,"column":24}},"25":{"start":{"line":75,"column":8},"end":{"line":75,"column":64}},"26":{"start":{"line":76,"column":8},"end":{"line":76,"column":17}},"27":{"start":{"line":81,"column":4},"end":{"line":88,"column":5}},"28":{"start":{"line":82,"column":25},"end":{"line":82,"column":125}},"29":{"start":{"line":83,"column":4},"end":{"line":83,"column":21}},"30":{"start":{"line":86,"column":8},"end":{"line":86,"column":56}},"31":{"start":{"line":87,"column":8},"end":{"line":87,"column":17}},"32":{"start":{"line":92,"column":4},"end":{"line":99,"column":5}},"33":{"start":{"line":93,"column":25},"end":{"line":93,"column":157}},"34":{"start":{"line":94,"column":4},"end":{"line":94,"column":24}},"35":{"start":{"line":97,"column":8},"end":{"line":97,"column":60}},"36":{"start":{"line":98,"column":8},"end":{"line":98,"column":17}},"37":{"start":{"line":103,"column":4},"end":{"line":113,"column":5}},"38":{"start":{"line":104,"column":25},"end":{"line":107,"column":50}},"39":{"start":{"line":108,"column":4},"end":{"line":108,"column":21}},"40":{"start":{"line":111,"column":8},"end":{"line":111,"column":65}},"41":{"start":{"line":112,"column":8},"end":{"line":112,"column":17}},"42":{"start":{"line":117,"column":4},"end":{"line":124,"column":5}},"43":{"start":{"line":118,"column":25},"end":{"line":118,"column":136}},"44":{"start":{"line":119,"column":4},"end":{"line":119,"column":24}},"45":{"start":{"line":122,"column":8},"end":{"line":122,"column":54}},"46":{"start":{"line":123,"column":8},"end":{"line":123,"column":17}},"47":{"start":{"line":129,"column":22},"end":{"line":129,"column":100}},"48":{"start":{"line":130,"column":4},"end":{"line":132,"column":5}},"49":{"start":{"line":131,"column":8},"end":{"line":131,"column":46}},"50":{"start":{"line":134,"column":4},"end":{"line":150,"column":5}},"51":{"start":{"line":135,"column":27},"end":{"line":135,"column":166}},"52":{"start":{"line":136,"column":29},"end":{"line":136,"column":133}},"53":{"start":{"line":138,"column":26},"end":{"line":138,"column":55}},"54":{"start":{"line":139,"column":28},"end":{"line":139,"column":64}},"55":{"start":{"line":139,"column":50},"end":{"line":139,"column":63}},"56":{"start":{"line":143,"column":31},"end":{"line":143,"column":84}},"57":{"start":{"line":143,"column":56},"end":{"line":143,"column":83}},"58":{"start":{"line":146,"column":8},"end":{"line":146,"column":29}},"59":{"start":{"line":148,"column":8},"end":{"line":148,"column":60}},"60":{"start":{"line":149,"column":8},"end":{"line":149,"column":17}},"61":{"start":{"line":154,"column":4},"end":{"line":161,"column":5}},"62":{"start":{"line":155,"column":25},"end":{"line":155,"column":117}},"63":{"start":{"line":156,"column":4},"end":{"line":156,"column":21}},"64":{"start":{"line":159,"column":8},"end":{"line":159,"column":55}},"65":{"start":{"line":160,"column":8},"end":{"line":160,"column":17}},"66":{"start":{"line":165,"column":4},"end":{"line":172,"column":5}},"67":{"start":{"line":166,"column":25},"end":{"line":166,"column":109}},"68":{"start":{"line":167,"column":4},"end":{"line":167,"column":21}},"69":{"start":{"line":170,"column":8},"end":{"line":170,"column":50}},"70":{"start":{"line":171,"column":8},"end":{"line":171,"column":17}},"71":{"start":{"line":176,"column":4},"end":{"line":183,"column":5}},"72":{"start":{"line":177,"column":25},"end":{"line":177,"column":109}},"73":{"start":{"line":178,"column":4},"end":{"line":178,"column":21}},"74":{"start":{"line":181,"column":8},"end":{"line":181,"column":50}},"75":{"start":{"line":182,"column":8},"end":{"line":182,"column":17}},"76":{"start":{"line":187,"column":4},"end":{"line":194,"column":5}},"77":{"start":{"line":188,"column":25},"end":{"line":188,"column":124}},"78":{"start":{"line":189,"column":4},"end":{"line":189,"column":21}},"79":{"start":{"line":192,"column":8},"end":{"line":192,"column":50}},"80":{"start":{"line":193,"column":8},"end":{"line":193,"column":17}},"81":{"start":{"line":198,"column":4},"end":{"line":205,"column":5}},"82":{"start":{"line":199,"column":25},"end":{"line":199,"column":152}},"83":{"start":{"line":200,"column":4},"end":{"line":200,"column":21}},"84":{"start":{"line":203,"column":8},"end":{"line":203,"column":54}},"85":{"start":{"line":204,"column":8},"end":{"line":204,"column":17}},"86":{"start":{"line":209,"column":4},"end":{"line":216,"column":5}},"87":{"start":{"line":210,"column":25},"end":{"line":210,"column":195}},"88":{"start":{"line":211,"column":4},"end":{"line":211,"column":21}},"89":{"start":{"line":214,"column":8},"end":{"line":214,"column":63}},"90":{"start":{"line":215,"column":8},"end":{"line":215,"column":17}},"91":{"start":{"line":220,"column":4},"end":{"line":227,"column":5}},"92":{"start":{"line":221,"column":25},"end":{"line":221,"column":103}},"93":{"start":{"line":222,"column":4},"end":{"line":222,"column":21}},"94":{"start":{"line":225,"column":8},"end":{"line":225,"column":53}},"95":{"start":{"line":226,"column":8},"end":{"line":226,"column":17}},"96":{"start":{"line":231,"column":4},"end":{"line":240,"column":5}},"97":{"start":{"line":232,"column":25},"end":{"line":234,"column":124}},"98":{"start":{"line":235,"column":4},"end":{"line":235,"column":21}},"99":{"start":{"line":238,"column":8},"end":{"line":238,"column":56}},"100":{"start":{"line":239,"column":8},"end":{"line":239,"column":17}},"101":{"start":{"line":244,"column":4},"end":{"line":251,"column":5}},"102":{"start":{"line":245,"column":25},"end":{"line":245,"column":141}},"103":{"start":{"line":246,"column":4},"end":{"line":246,"column":21}},"104":{"start":{"line":249,"column":8},"end":{"line":249,"column":53}},"105":{"start":{"line":250,"column":8},"end":{"line":250,"column":17}},"106":{"start":{"line":255,"column":4},"end":{"line":265,"column":5}},"107":{"start":{"line":256,"column":25},"end":{"line":258,"column":138}},"108":{"start":{"line":260,"column":4},"end":{"line":260,"column":21}},"109":{"start":{"line":263,"column":8},"end":{"line":263,"column":52}},"110":{"start":{"line":264,"column":8},"end":{"line":264,"column":17}},"111":{"start":{"line":269,"column":4},"end":{"line":279,"column":5}},"112":{"start":{"line":270,"column":25},"end":{"line":273,"column":17}},"113":{"start":{"line":274,"column":4},"end":{"line":274,"column":21}},"114":{"start":{"line":277,"column":8},"end":{"line":277,"column":52}},"115":{"start":{"line":278,"column":8},"end":{"line":278,"column":17}},"116":{"start":{"line":283,"column":4},"end":{"line":292,"column":5}},"117":{"start":{"line":284,"column":25},"end":{"line":286,"column":95}},"118":{"start":{"line":287,"column":4},"end":{"line":287,"column":21}},"119":{"start":{"line":290,"column":8},"end":{"line":290,"column":61}},"120":{"start":{"line":291,"column":8},"end":{"line":291,"column":17}},"121":{"start":{"line":296,"column":4},"end":{"line":305,"column":5}},"122":{"start":{"line":297,"column":25},"end":{"line":299,"column":99}},"123":{"start":{"line":300,"column":4},"end":{"line":300,"column":21}},"124":{"start":{"line":303,"column":8},"end":{"line":303,"column":56}},"125":{"start":{"line":304,"column":8},"end":{"line":304,"column":17}},"126":{"start":{"line":310,"column":4},"end":{"line":317,"column":5}},"127":{"start":{"line":311,"column":25},"end":{"line":311,"column":185}},"128":{"start":{"line":312,"column":4},"end":{"line":312,"column":21}},"129":{"start":{"line":315,"column":8},"end":{"line":315,"column":59}},"130":{"start":{"line":316,"column":8},"end":{"line":316,"column":17}},"131":{"start":{"line":321,"column":4},"end":{"line":328,"column":5}},"132":{"start":{"line":322,"column":25},"end":{"line":322,"column":148}},"133":{"start":{"line":323,"column":4},"end":{"line":323,"column":21}},"134":{"start":{"line":326,"column":8},"end":{"line":326,"column":71}},"135":{"start":{"line":327,"column":8},"end":{"line":327,"column":17}},"136":{"start":{"line":332,"column":4},"end":{"line":339,"column":5}},"137":{"start":{"line":333,"column":25},"end":{"line":333,"column":149}},"138":{"start":{"line":334,"column":4},"end":{"line":334,"column":21}},"139":{"start":{"line":337,"column":8},"end":{"line":337,"column":59}},"140":{"start":{"line":338,"column":8},"end":{"line":338,"column":17}},"141":{"start":{"line":344,"column":4},"end":{"line":351,"column":5}},"142":{"start":{"line":345,"column":29},"end":{"line":346,"column":128}},"143":{"start":{"line":347,"column":8},"end":{"line":347,"column":25}},"144":{"start":{"line":349,"column":8},"end":{"line":349,"column":70}},"145":{"start":{"line":350,"column":8},"end":{"line":350,"column":17}},"146":{"start":{"line":355,"column":4},"end":{"line":366,"column":5}},"147":{"start":{"line":356,"column":25},"end":{"line":360,"column":63}},"148":{"start":{"line":361,"column":4},"end":{"line":361,"column":21}},"149":{"start":{"line":364,"column":8},"end":{"line":364,"column":53}},"150":{"start":{"line":365,"column":8},"end":{"line":365,"column":17}},"151":{"start":{"line":370,"column":4},"end":{"line":377,"column":5}},"152":{"start":{"line":371,"column":29},"end":{"line":372,"column":58}},"153":{"start":{"line":373,"column":8},"end":{"line":373,"column":25}},"154":{"start":{"line":375,"column":8},"end":{"line":375,"column":54}},"155":{"start":{"line":376,"column":8},"end":{"line":376,"column":17}},"156":{"start":{"line":382,"column":4},"end":{"line":392,"column":5}},"157":{"start":{"line":383,"column":25},"end":{"line":386,"column":45}},"158":{"start":{"line":387,"column":8},"end":{"line":387,"column":25}},"159":{"start":{"line":390,"column":8},"end":{"line":390,"column":65}},"160":{"start":{"line":391,"column":8},"end":{"line":391,"column":17}},"161":{"start":{"line":397,"column":4},"end":{"line":407,"column":5}},"162":{"start":{"line":398,"column":25},"end":{"line":401,"column":12}},"163":{"start":{"line":402,"column":4},"end":{"line":402,"column":21}},"164":{"start":{"line":405,"column":8},"end":{"line":405,"column":64}},"165":{"start":{"line":406,"column":8},"end":{"line":406,"column":17}},"166":{"start":{"line":412,"column":4},"end":{"line":419,"column":5}},"167":{"start":{"line":413,"column":25},"end":{"line":413,"column":143}},"168":{"start":{"line":414,"column":4},"end":{"line":414,"column":21}},"169":{"start":{"line":417,"column":8},"end":{"line":417,"column":65}},"170":{"start":{"line":418,"column":8},"end":{"line":418,"column":17}},"171":{"start":{"line":424,"column":4},"end":{"line":431,"column":5}},"172":{"start":{"line":425,"column":25},"end":{"line":425,"column":143}},"173":{"start":{"line":426,"column":4},"end":{"line":426,"column":21}},"174":{"start":{"line":429,"column":8},"end":{"line":429,"column":64}},"175":{"start":{"line":430,"column":8},"end":{"line":430,"column":17}},"176":{"start":{"line":436,"column":4},"end":{"line":443,"column":5}},"177":{"start":{"line":437,"column":25},"end":{"line":437,"column":145}},"178":{"start":{"line":438,"column":4},"end":{"line":438,"column":21}},"179":{"start":{"line":441,"column":8},"end":{"line":441,"column":66}},"180":{"start":{"line":442,"column":8},"end":{"line":442,"column":17}},"181":{"start":{"line":448,"column":4},"end":{"line":455,"column":5}},"182":{"start":{"line":449,"column":25},"end":{"line":449,"column":167}},"183":{"start":{"line":450,"column":4},"end":{"line":450,"column":21}},"184":{"start":{"line":453,"column":8},"end":{"line":453,"column":58}},"185":{"start":{"line":454,"column":8},"end":{"line":454,"column":17}},"186":{"start":{"line":460,"column":4},"end":{"line":469,"column":5}},"187":{"start":{"line":461,"column":25},"end":{"line":463,"column":5}},"188":{"start":{"line":464,"column":4},"end":{"line":464,"column":24}},"189":{"start":{"line":467,"column":8},"end":{"line":467,"column":57}},"190":{"start":{"line":468,"column":8},"end":{"line":468,"column":17}},"191":{"start":{"line":473,"column":4},"end":{"line":482,"column":5}},"192":{"start":{"line":474,"column":25},"end":{"line":476,"column":5}},"193":{"start":{"line":477,"column":4},"end":{"line":477,"column":24}},"194":{"start":{"line":480,"column":8},"end":{"line":480,"column":56}},"195":{"start":{"line":481,"column":8},"end":{"line":481,"column":17}},"196":{"start":{"line":486,"column":4},"end":{"line":496,"column":5}},"197":{"start":{"line":487,"column":25},"end":{"line":489,"column":5}},"198":{"start":{"line":490,"column":4},"end":{"line":490,"column":27}},"199":{"start":{"line":491,"column":4},"end":{"line":491,"column":24}},"200":{"start":{"line":494,"column":8},"end":{"line":494,"column":58}},"201":{"start":{"line":495,"column":8},"end":{"line":495,"column":17}},"202":{"start":{"line":500,"column":4},"end":{"line":507,"column":5}},"203":{"start":{"line":501,"column":29},"end":{"line":502,"column":121}},"204":{"start":{"line":503,"column":8},"end":{"line":503,"column":25}},"205":{"start":{"line":505,"column":8},"end":{"line":505,"column":24}},"206":{"start":{"line":506,"column":8},"end":{"line":506,"column":17}},"207":{"start":{"line":511,"column":4},"end":{"line":520,"column":5}},"208":{"start":{"line":512,"column":25},"end":{"line":513,"column":18}},"209":{"start":{"line":514,"column":4},"end":{"line":514,"column":27}},"210":{"start":{"line":515,"column":4},"end":{"line":515,"column":21}},"211":{"start":{"line":518,"column":8},"end":{"line":518,"column":61}},"212":{"start":{"line":519,"column":8},"end":{"line":519,"column":17}},"213":{"start":{"line":544,"column":4},"end":{"line":553,"column":5}},"214":{"start":{"line":545,"column":20},"end":{"line":547,"column":34}},"215":{"start":{"line":548,"column":4},"end":{"line":548,"column":16}},"216":{"start":{"line":551,"column":8},"end":{"line":551,"column":56}},"217":{"start":{"line":552,"column":8},"end":{"line":552,"column":17}},"218":{"start":{"line":557,"column":4},"end":{"line":566,"column":5}},"219":{"start":{"line":558,"column":34},"end":{"line":560,"column":54}},"220":{"start":{"line":561,"column":4},"end":{"line":561,"column":30}},"221":{"start":{"line":564,"column":8},"end":{"line":564,"column":52}},"222":{"start":{"line":565,"column":8},"end":{"line":565,"column":17}},"223":{"start":{"line":570,"column":4},"end":{"line":581,"column":5}},"224":{"start":{"line":571,"column":34},"end":{"line":573,"column":83}},"225":{"start":{"line":574,"column":19},"end":{"line":574,"column":149}},"226":{"start":{"line":575,"column":4},"end":{"line":575,"column":36}},"227":{"start":{"line":576,"column":4},"end":{"line":576,"column":18}},"228":{"start":{"line":579,"column":8},"end":{"line":579,"column":52}},"229":{"start":{"line":580,"column":8},"end":{"line":580,"column":17}},"230":{"start":{"line":585,"column":4},"end":{"line":598,"column":5}},"231":{"start":{"line":586,"column":33},"end":{"line":588,"column":82}},"232":{"start":{"line":590,"column":4},"end":{"line":590,"column":35}},"233":{"start":{"line":591,"column":19},"end":{"line":591,"column":145}},"234":{"start":{"line":592,"column":4},"end":{"line":592,"column":33}},"235":{"start":{"line":593,"column":4},"end":{"line":593,"column":18}},"236":{"start":{"line":596,"column":8},"end":{"line":596,"column":51}},"237":{"start":{"line":597,"column":8},"end":{"line":597,"column":17}},"238":{"start":{"line":602,"column":4},"end":{"line":613,"column":5}},"239":{"start":{"line":603,"column":38},"end":{"line":607,"column":41}},"240":{"start":{"line":608,"column":4},"end":{"line":608,"column":34}},"241":{"start":{"line":611,"column":8},"end":{"line":611,"column":57}},"242":{"start":{"line":612,"column":8},"end":{"line":612,"column":17}},"243":{"start":{"line":617,"column":4},"end":{"line":624,"column":5}},"244":{"start":{"line":618,"column":38},"end":{"line":618,"column":159}},"245":{"start":{"line":619,"column":4},"end":{"line":619,"column":34}},"246":{"start":{"line":622,"column":8},"end":{"line":622,"column":60}},"247":{"start":{"line":623,"column":8},"end":{"line":623,"column":17}},"248":{"start":{"line":628,"column":4},"end":{"line":647,"column":7}},"249":{"start":{"line":629,"column":32},"end":{"line":629,"column":58}},"250":{"start":{"line":630,"column":39},"end":{"line":633,"column":68}},"251":{"start":{"line":635,"column":8},"end":{"line":635,"column":60}},"252":{"start":{"line":637,"column":23},"end":{"line":640,"column":9}},"253":{"start":{"line":641,"column":8},"end":{"line":641,"column":43}},"254":{"start":{"line":643,"column":8},"end":{"line":643,"column":23}},"255":{"start":{"line":645,"column":8},"end":{"line":645,"column":55}},"256":{"start":{"line":646,"column":8},"end":{"line":646,"column":18}},"257":{"start":{"line":651,"column":4},"end":{"line":660,"column":5}},"258":{"start":{"line":652,"column":31},"end":{"line":654,"column":42}},"259":{"start":{"line":655,"column":4},"end":{"line":655,"column":27}},"260":{"start":{"line":658,"column":8},"end":{"line":658,"column":49}},"261":{"start":{"line":659,"column":8},"end":{"line":659,"column":17}},"262":{"start":{"line":664,"column":4},"end":{"line":673,"column":5}},"263":{"start":{"line":665,"column":35},"end":{"line":667,"column":86}},"264":{"start":{"line":668,"column":4},"end":{"line":668,"column":31}},"265":{"start":{"line":671,"column":8},"end":{"line":671,"column":53}},"266":{"start":{"line":672,"column":8},"end":{"line":672,"column":17}},"267":{"start":{"line":677,"column":4},"end":{"line":686,"column":5}},"268":{"start":{"line":678,"column":35},"end":{"line":680,"column":29}},"269":{"start":{"line":681,"column":4},"end":{"line":681,"column":31}},"270":{"start":{"line":684,"column":8},"end":{"line":684,"column":53}},"271":{"start":{"line":685,"column":8},"end":{"line":685,"column":17}},"272":{"start":{"line":690,"column":4},"end":{"line":699,"column":5}},"273":{"start":{"line":691,"column":32},"end":{"line":693,"column":44}},"274":{"start":{"line":694,"column":4},"end":{"line":694,"column":28}},"275":{"start":{"line":697,"column":8},"end":{"line":697,"column":55}},"276":{"start":{"line":698,"column":8},"end":{"line":698,"column":17}},"277":{"start":{"line":703,"column":4},"end":{"line":712,"column":5}},"278":{"start":{"line":704,"column":34},"end":{"line":706,"column":43}},"279":{"start":{"line":707,"column":4},"end":{"line":707,"column":30}},"280":{"start":{"line":710,"column":8},"end":{"line":710,"column":52}},"281":{"start":{"line":711,"column":8},"end":{"line":711,"column":17}},"282":{"start":{"line":717,"column":4},"end":{"line":724,"column":5}},"283":{"start":{"line":718,"column":31},"end":{"line":718,"column":117}},"284":{"start":{"line":719,"column":4},"end":{"line":719,"column":27}},"285":{"start":{"line":722,"column":8},"end":{"line":722,"column":53}},"286":{"start":{"line":723,"column":8},"end":{"line":723,"column":17}},"287":{"start":{"line":728,"column":4},"end":{"line":736,"column":5}},"288":{"start":{"line":729,"column":30},"end":{"line":730,"column":95}},"289":{"start":{"line":731,"column":4},"end":{"line":731,"column":26}},"290":{"start":{"line":734,"column":8},"end":{"line":734,"column":52}},"291":{"start":{"line":735,"column":8},"end":{"line":735,"column":17}},"292":{"start":{"line":740,"column":4},"end":{"line":747,"column":5}},"293":{"start":{"line":741,"column":37},"end":{"line":741,"column":189}},"294":{"start":{"line":742,"column":8},"end":{"line":742,"column":33}},"295":{"start":{"line":745,"column":8},"end":{"line":745,"column":65}},"296":{"start":{"line":746,"column":8},"end":{"line":746,"column":17}},"297":{"start":{"line":751,"column":4},"end":{"line":758,"column":5}},"298":{"start":{"line":752,"column":35},"end":{"line":753,"column":132}},"299":{"start":{"line":754,"column":8},"end":{"line":754,"column":31}},"300":{"start":{"line":756,"column":8},"end":{"line":756,"column":57}},"301":{"start":{"line":757,"column":8},"end":{"line":757,"column":17}},"302":{"start":{"line":763,"column":4},"end":{"line":769,"column":5}},"303":{"start":{"line":764,"column":35},"end":{"line":764,"column":231}},"304":{"start":{"line":765,"column":8},"end":{"line":765,"column":31}},"305":{"start":{"line":767,"column":8},"end":{"line":767,"column":58}},"306":{"start":{"line":768,"column":8},"end":{"line":768,"column":17}},"307":{"start":{"line":773,"column":4},"end":{"line":780,"column":5}},"308":{"start":{"line":774,"column":33},"end":{"line":774,"column":140}},"309":{"start":{"line":775,"column":4},"end":{"line":775,"column":29}},"310":{"start":{"line":778,"column":8},"end":{"line":778,"column":56}},"311":{"start":{"line":779,"column":8},"end":{"line":779,"column":17}},"312":{"start":{"line":784,"column":4},"end":{"line":792,"column":5}},"313":{"start":{"line":785,"column":39},"end":{"line":786,"column":74}},"314":{"start":{"line":787,"column":4},"end":{"line":787,"column":35}},"315":{"start":{"line":790,"column":8},"end":{"line":790,"column":57}},"316":{"start":{"line":791,"column":8},"end":{"line":791,"column":17}},"317":{"start":{"line":796,"column":20},"end":{"line":797,"column":74}},"318":{"start":{"line":799,"column":4},"end":{"line":801,"column":5}},"319":{"start":{"line":800,"column":8},"end":{"line":800,"column":19}},"320":{"start":{"line":802,"column":4},"end":{"line":811,"column":5}},"321":{"start":{"line":803,"column":33},"end":{"line":805,"column":51}},"322":{"start":{"line":806,"column":4},"end":{"line":806,"column":29}},"323":{"start":{"line":809,"column":8},"end":{"line":809,"column":51}},"324":{"start":{"line":810,"column":8},"end":{"line":810,"column":17}},"325":{"start":{"line":815,"column":4},"end":{"line":823,"column":5}},"326":{"start":{"line":816,"column":33},"end":{"line":817,"column":105}},"327":{"start":{"line":818,"column":4},"end":{"line":818,"column":29}},"328":{"start":{"line":821,"column":8},"end":{"line":821,"column":51}},"329":{"start":{"line":822,"column":8},"end":{"line":822,"column":17}},"330":{"start":{"line":827,"column":4},"end":{"line":835,"column":5}},"331":{"start":{"line":828,"column":34},"end":{"line":829,"column":102}},"332":{"start":{"line":830,"column":4},"end":{"line":830,"column":30}},"333":{"start":{"line":833,"column":8},"end":{"line":833,"column":52}},"334":{"start":{"line":834,"column":8},"end":{"line":834,"column":17}},"335":{"start":{"line":843,"column":4},"end":{"line":853,"column":5}},"336":{"start":{"line":844,"column":27},"end":{"line":846,"column":18}},"337":{"start":{"line":847,"column":4},"end":{"line":847,"column":57}},"338":{"start":{"line":848,"column":4},"end":{"line":848,"column":23}},"339":{"start":{"line":851,"column":8},"end":{"line":851,"column":58}},"340":{"start":{"line":852,"column":8},"end":{"line":852,"column":17}},"341":{"start":{"line":858,"column":4},"end":{"line":866,"column":5}},"342":{"start":{"line":859,"column":31},"end":{"line":861,"column":23}},"343":{"start":{"line":862,"column":8},"end":{"line":862,"column":27}},"344":{"start":{"line":864,"column":8},"end":{"line":864,"column":64}},"345":{"start":{"line":865,"column":8},"end":{"line":865,"column":17}},"346":{"start":{"line":871,"column":4},"end":{"line":881,"column":5}},"347":{"start":{"line":872,"column":27},"end":{"line":874,"column":11}},"348":{"start":{"line":875,"column":4},"end":{"line":875,"column":57}},"349":{"start":{"line":876,"column":4},"end":{"line":876,"column":23}},"350":{"start":{"line":879,"column":8},"end":{"line":879,"column":58}},"351":{"start":{"line":880,"column":8},"end":{"line":880,"column":17}},"352":{"start":{"line":885,"column":4},"end":{"line":892,"column":5}},"353":{"start":{"line":886,"column":31},"end":{"line":887,"column":119}},"354":{"start":{"line":888,"column":8},"end":{"line":888,"column":27}},"355":{"start":{"line":890,"column":8},"end":{"line":890,"column":66}},"356":{"start":{"line":891,"column":8},"end":{"line":891,"column":17}},"357":{"start":{"line":896,"column":4},"end":{"line":906,"column":5}},"358":{"start":{"line":897,"column":27},"end":{"line":899,"column":18}},"359":{"start":{"line":900,"column":4},"end":{"line":900,"column":57}},"360":{"start":{"line":901,"column":4},"end":{"line":901,"column":23}},"361":{"start":{"line":904,"column":8},"end":{"line":904,"column":57}},"362":{"start":{"line":905,"column":8},"end":{"line":905,"column":17}},"363":{"start":{"line":910,"column":4},"end":{"line":919,"column":5}},"364":{"start":{"line":911,"column":31},"end":{"line":913,"column":55}},"365":{"start":{"line":914,"column":8},"end":{"line":914,"column":61}},"366":{"start":{"line":915,"column":8},"end":{"line":915,"column":27}},"367":{"start":{"line":917,"column":8},"end":{"line":917,"column":53}},"368":{"start":{"line":918,"column":8},"end":{"line":918,"column":17}},"369":{"start":{"line":923,"column":4},"end":{"line":932,"column":5}},"370":{"start":{"line":924,"column":34},"end":{"line":926,"column":25}},"371":{"start":{"line":927,"column":8},"end":{"line":927,"column":64}},"372":{"start":{"line":928,"column":8},"end":{"line":928,"column":30}},"373":{"start":{"line":930,"column":8},"end":{"line":930,"column":53}},"374":{"start":{"line":931,"column":8},"end":{"line":931,"column":17}},"375":{"start":{"line":936,"column":4},"end":{"line":945,"column":5}},"376":{"start":{"line":937,"column":32},"end":{"line":939,"column":25}},"377":{"start":{"line":940,"column":8},"end":{"line":940,"column":62}},"378":{"start":{"line":941,"column":8},"end":{"line":941,"column":28}},"379":{"start":{"line":943,"column":8},"end":{"line":943,"column":53}},"380":{"start":{"line":944,"column":8},"end":{"line":944,"column":17}},"381":{"start":{"line":949,"column":4},"end":{"line":957,"column":5}},"382":{"start":{"line":950,"column":36},"end":{"line":950,"column":127}},"383":{"start":{"line":951,"column":8},"end":{"line":951,"column":66}},"384":{"start":{"line":952,"column":8},"end":{"line":952,"column":35}},"385":{"start":{"line":955,"column":8},"end":{"line":955,"column":63}},"386":{"start":{"line":956,"column":8},"end":{"line":956,"column":17}},"387":{"start":{"line":961,"column":4},"end":{"line":969,"column":5}},"388":{"start":{"line":962,"column":36},"end":{"line":962,"column":125}},"389":{"start":{"line":963,"column":8},"end":{"line":963,"column":66}},"390":{"start":{"line":964,"column":8},"end":{"line":964,"column":35}},"391":{"start":{"line":967,"column":8},"end":{"line":967,"column":63}},"392":{"start":{"line":968,"column":8},"end":{"line":968,"column":17}},"393":{"start":{"line":974,"column":4},"end":{"line":984,"column":5}},"394":{"start":{"line":975,"column":27},"end":{"line":977,"column":18}},"395":{"start":{"line":978,"column":4},"end":{"line":978,"column":57}},"396":{"start":{"line":979,"column":4},"end":{"line":979,"column":23}},"397":{"start":{"line":982,"column":8},"end":{"line":982,"column":61}},"398":{"start":{"line":983,"column":8},"end":{"line":983,"column":17}},"399":{"start":{"line":989,"column":4},"end":{"line":999,"column":5}},"400":{"start":{"line":990,"column":27},"end":{"line":992,"column":19}},"401":{"start":{"line":993,"column":4},"end":{"line":993,"column":57}},"402":{"start":{"line":994,"column":4},"end":{"line":994,"column":23}},"403":{"start":{"line":997,"column":8},"end":{"line":997,"column":64}},"404":{"start":{"line":998,"column":8},"end":{"line":998,"column":17}},"405":{"start":{"line":1003,"column":4},"end":{"line":1011,"column":5}},"406":{"start":{"line":1004,"column":33},"end":{"line":1005,"column":46}},"407":{"start":{"line":1006,"column":8},"end":{"line":1006,"column":71}},"408":{"start":{"line":1007,"column":8},"end":{"line":1007,"column":29}},"409":{"start":{"line":1009,"column":8},"end":{"line":1009,"column":54}},"410":{"start":{"line":1010,"column":8},"end":{"line":1010,"column":17}},"411":{"start":{"line":1016,"column":4},"end":{"line":1026,"column":5}},"412":{"start":{"line":1017,"column":27},"end":{"line":1019,"column":18}},"413":{"start":{"line":1020,"column":4},"end":{"line":1020,"column":57}},"414":{"start":{"line":1021,"column":4},"end":{"line":1021,"column":23}},"415":{"start":{"line":1024,"column":8},"end":{"line":1024,"column":63}},"416":{"start":{"line":1025,"column":8},"end":{"line":1025,"column":17}},"417":{"start":{"line":1031,"column":4},"end":{"line":1041,"column":5}},"418":{"start":{"line":1032,"column":27},"end":{"line":1034,"column":18}},"419":{"start":{"line":1035,"column":4},"end":{"line":1035,"column":57}},"420":{"start":{"line":1036,"column":4},"end":{"line":1036,"column":23}},"421":{"start":{"line":1039,"column":8},"end":{"line":1039,"column":55}},"422":{"start":{"line":1040,"column":8},"end":{"line":1040,"column":17}},"423":{"start":{"line":1046,"column":4},"end":{"line":1056,"column":5}},"424":{"start":{"line":1047,"column":27},"end":{"line":1049,"column":18}},"425":{"start":{"line":1050,"column":4},"end":{"line":1050,"column":57}},"426":{"start":{"line":1051,"column":4},"end":{"line":1051,"column":23}},"427":{"start":{"line":1054,"column":8},"end":{"line":1054,"column":59}},"428":{"start":{"line":1055,"column":8},"end":{"line":1055,"column":17}},"429":{"start":{"line":1060,"column":4},"end":{"line":1114,"column":5}},"430":{"start":{"line":1062,"column":29},"end":{"line":1065,"column":7}},"431":{"start":{"line":1067,"column":6},"end":{"line":1069,"column":7}},"432":{"start":{"line":1068,"column":8},"end":{"line":1068,"column":72}},"433":{"start":{"line":1072,"column":29},"end":{"line":1072,"column":31}},"434":{"start":{"line":1074,"column":6},"end":{"line":1085,"column":7}},"435":{"start":{"line":1075,"column":24},"end":{"line":1075,"column":48}},"436":{"start":{"line":1077,"column":8},"end":{"line":1081,"column":9}},"437":{"start":{"line":1078,"column":10},"end":{"line":1078,"column":57}},"438":{"start":{"line":1079,"column":15},"end":{"line":1081,"column":9}},"439":{"start":{"line":1080,"column":10},"end":{"line":1080,"column":37}},"440":{"start":{"line":1083,"column":8},"end":{"line":1083,"column":68}},"441":{"start":{"line":1084,"column":8},"end":{"line":1084,"column":62}},"442":{"start":{"line":1088,"column":4},"end":{"line":1088,"column":32}},"443":{"start":{"line":1089,"column":4},"end":{"line":1102,"column":5}},"444":{"start":{"line":1090,"column":8},"end":{"line":1093,"column":9}},"445":{"start":{"line":1091,"column":8},"end":{"line":1091,"column":105}},"446":{"start":{"line":1092,"column":8},"end":{"line":1092,"column":17}},"447":{"start":{"line":1095,"column":8},"end":{"line":1095,"column":63}},"448":{"start":{"line":1095,"column":36},"end":{"line":1095,"column":63}},"449":{"start":{"line":1097,"column":8},"end":{"line":1101,"column":11}},"450":{"start":{"line":1098,"column":8},"end":{"line":1100,"column":9}},"451":{"start":{"line":1099,"column":12},"end":{"line":1099,"column":43}},"452":{"start":{"line":1105,"column":23},"end":{"line":1108,"column":7}},"453":{"start":{"line":1110,"column":6},"end":{"line":1110,"column":20}},"454":{"start":{"line":1112,"column":6},"end":{"line":1112,"column":55}},"455":{"start":{"line":1113,"column":6},"end":{"line":1113,"column":16}},"456":{"start":{"line":1118,"column":4},"end":{"line":1127,"column":5}},"457":{"start":{"line":1119,"column":25},"end":{"line":1122,"column":11}},"458":{"start":{"line":1123,"column":8},"end":{"line":1123,"column":22}},"459":{"start":{"line":1125,"column":8},"end":{"line":1125,"column":53}},"460":{"start":{"line":1126,"column":8},"end":{"line":1126,"column":17}},"461":{"start":{"line":1136,"column":4},"end":{"line":1145,"column":5}},"462":{"start":{"line":1137,"column":27},"end":{"line":1138,"column":11}},"463":{"start":{"line":1139,"column":4},"end":{"line":1139,"column":57}},"464":{"start":{"line":1140,"column":4},"end":{"line":1140,"column":23}},"465":{"start":{"line":1143,"column":8},"end":{"line":1143,"column":53}},"466":{"start":{"line":1144,"column":8},"end":{"line":1144,"column":17}},"467":{"start":{"line":1150,"column":4},"end":{"line":1159,"column":5}},"468":{"start":{"line":1151,"column":27},"end":{"line":1152,"column":11}},"469":{"start":{"line":1153,"column":4},"end":{"line":1153,"column":57}},"470":{"start":{"line":1154,"column":4},"end":{"line":1154,"column":23}},"471":{"start":{"line":1157,"column":8},"end":{"line":1157,"column":57}},"472":{"start":{"line":1158,"column":8},"end":{"line":1158,"column":17}},"473":{"start":{"line":1163,"column":4},"end":{"line":1172,"column":5}},"474":{"start":{"line":1164,"column":27},"end":{"line":1165,"column":11}},"475":{"start":{"line":1166,"column":4},"end":{"line":1166,"column":57}},"476":{"start":{"line":1167,"column":4},"end":{"line":1167,"column":23}},"477":{"start":{"line":1170,"column":8},"end":{"line":1170,"column":54}},"478":{"start":{"line":1171,"column":8},"end":{"line":1171,"column":17}},"479":{"start":{"line":1176,"column":4},"end":{"line":1185,"column":5}},"480":{"start":{"line":1177,"column":27},"end":{"line":1178,"column":11}},"481":{"start":{"line":1179,"column":4},"end":{"line":1179,"column":57}},"482":{"start":{"line":1180,"column":4},"end":{"line":1180,"column":23}},"483":{"start":{"line":1183,"column":8},"end":{"line":1183,"column":52}},"484":{"start":{"line":1184,"column":8},"end":{"line":1184,"column":17}},"485":{"start":{"line":1189,"column":4},"end":{"line":1198,"column":5}},"486":{"start":{"line":1190,"column":27},"end":{"line":1191,"column":11}},"487":{"start":{"line":1192,"column":4},"end":{"line":1192,"column":57}},"488":{"start":{"line":1193,"column":4},"end":{"line":1193,"column":23}},"489":{"start":{"line":1196,"column":8},"end":{"line":1196,"column":58}},"490":{"start":{"line":1197,"column":8},"end":{"line":1197,"column":17}},"491":{"start":{"line":1202,"column":4},"end":{"line":1211,"column":5}},"492":{"start":{"line":1203,"column":27},"end":{"line":1204,"column":11}},"493":{"start":{"line":1205,"column":4},"end":{"line":1205,"column":57}},"494":{"start":{"line":1206,"column":4},"end":{"line":1206,"column":23}},"495":{"start":{"line":1209,"column":8},"end":{"line":1209,"column":61}},"496":{"start":{"line":1210,"column":8},"end":{"line":1210,"column":17}},"497":{"start":{"line":1216,"column":4},"end":{"line":1225,"column":5}},"498":{"start":{"line":1217,"column":27},"end":{"line":1218,"column":11}},"499":{"start":{"line":1219,"column":4},"end":{"line":1219,"column":57}},"500":{"start":{"line":1220,"column":4},"end":{"line":1220,"column":23}},"501":{"start":{"line":1223,"column":8},"end":{"line":1223,"column":58}},"502":{"start":{"line":1224,"column":8},"end":{"line":1224,"column":17}},"503":{"start":{"line":1229,"column":4},"end":{"line":1238,"column":5}},"504":{"start":{"line":1230,"column":27},"end":{"line":1231,"column":11}},"505":{"start":{"line":1232,"column":4},"end":{"line":1232,"column":57}},"506":{"start":{"line":1233,"column":4},"end":{"line":1233,"column":23}},"507":{"start":{"line":1236,"column":8},"end":{"line":1236,"column":50}},"508":{"start":{"line":1237,"column":8},"end":{"line":1237,"column":17}},"509":{"start":{"line":1242,"column":4},"end":{"line":1251,"column":5}},"510":{"start":{"line":1243,"column":27},"end":{"line":1244,"column":11}},"511":{"start":{"line":1245,"column":4},"end":{"line":1245,"column":57}},"512":{"start":{"line":1246,"column":4},"end":{"line":1246,"column":23}},"513":{"start":{"line":1249,"column":8},"end":{"line":1249,"column":53}},"514":{"start":{"line":1250,"column":8},"end":{"line":1250,"column":17}},"515":{"start":{"line":1255,"column":4},"end":{"line":1266,"column":5}},"516":{"start":{"line":1256,"column":27},"end":{"line":1259,"column":15}},"517":{"start":{"line":1260,"column":4},"end":{"line":1260,"column":57}},"518":{"start":{"line":1261,"column":4},"end":{"line":1261,"column":23}},"519":{"start":{"line":1264,"column":8},"end":{"line":1264,"column":56}},"520":{"start":{"line":1265,"column":8},"end":{"line":1265,"column":17}}},"fnMap":{"0":{"name":"getPatients","decl":{"start":{"line":18,"column":22},"end":{"line":18,"column":33}},"loc":{"start":{"line":18,"column":38},"end":{"line":28,"column":1}},"line":18},"1":{"name":"getPatientInfo","decl":{"start":{"line":31,"column":22},"end":{"line":31,"column":36}},"loc":{"start":{"line":31,"column":41},"end":{"line":40,"column":1}},"line":31},"2":{"name":"getDoctorInfo","decl":{"start":{"line":43,"column":22},"end":{"line":43,"column":35}},"loc":{"start":{"line":43,"column":40},"end":{"line":52,"column":1}},"line":43},"3":{"name":"getPharmInfo","decl":{"start":{"line":55,"column":22},"end":{"line":55,"column":34}},"loc":{"start":{"line":55,"column":39},"end":{"line":64,"column":1}},"line":55},"4":{"name":"getPatientDoc","decl":{"start":{"line":66,"column":22},"end":{"line":66,"column":35}},"loc":{"start":{"line":66,"column":40},"end":{"line":78,"column":1}},"line":66},"5":{"name":"getAllDoctors","decl":{"start":{"line":80,"column":22},"end":{"line":80,"column":35}},"loc":{"start":{"line":80,"column":38},"end":{"line":89,"column":1}},"line":80},"6":{"name":"getDoctors","decl":{"start":{"line":91,"column":22},"end":{"line":91,"column":32}},"loc":{"start":{"line":91,"column":37},"end":{"line":100,"column":1}},"line":91},"7":{"name":"getDocPatients","decl":{"start":{"line":102,"column":22},"end":{"line":102,"column":36}},"loc":{"start":{"line":102,"column":48},"end":{"line":114,"column":1}},"line":102},"8":{"name":"getDocID","decl":{"start":{"line":116,"column":22},"end":{"line":116,"column":30}},"loc":{"start":{"line":116,"column":42},"end":{"line":125,"column":1}},"line":116},"9":{"name":"getDoctorSchedule","decl":{"start":{"line":128,"column":22},"end":{"line":128,"column":39}},"loc":{"start":{"line":128,"column":55},"end":{"line":151,"column":1}},"line":128},"10":{"name":"(anonymous_10)","decl":{"start":{"line":139,"column":43},"end":{"line":139,"column":44}},"loc":{"start":{"line":139,"column":50},"end":{"line":139,"column":63}},"line":139},"11":{"name":"(anonymous_11)","decl":{"start":{"line":143,"column":48},"end":{"line":143,"column":49}},"loc":{"start":{"line":143,"column":56},"end":{"line":143,"column":83}},"line":143},"12":{"name":"getPharmacies","decl":{"start":{"line":153,"column":22},"end":{"line":153,"column":35}},"loc":{"start":{"line":153,"column":38},"end":{"line":162,"column":1}},"line":153},"13":{"name":"getPills","decl":{"start":{"line":164,"column":22},"end":{"line":164,"column":30}},"loc":{"start":{"line":164,"column":33},"end":{"line":173,"column":1}},"line":164},"14":{"name":"getTiers","decl":{"start":{"line":175,"column":22},"end":{"line":175,"column":30}},"loc":{"start":{"line":175,"column":35},"end":{"line":184,"column":1}},"line":175},"15":{"name":"getPillsFromPharm","decl":{"start":{"line":186,"column":22},"end":{"line":186,"column":39}},"loc":{"start":{"line":186,"column":44},"end":{"line":195,"column":1}},"line":186},"16":{"name":"getExercises","decl":{"start":{"line":197,"column":22},"end":{"line":197,"column":34}},"loc":{"start":{"line":197,"column":37},"end":{"line":206,"column":1}},"line":197},"17":{"name":"getExerciseByClass","decl":{"start":{"line":208,"column":22},"end":{"line":208,"column":40}},"loc":{"start":{"line":208,"column":57},"end":{"line":217,"column":1}},"line":208},"18":{"name":"getRegiment","decl":{"start":{"line":219,"column":22},"end":{"line":219,"column":33}},"loc":{"start":{"line":219,"column":38},"end":{"line":228,"column":1}},"line":219},"19":{"name":"getForumPosts","decl":{"start":{"line":230,"column":22},"end":{"line":230,"column":35}},"loc":{"start":{"line":230,"column":38},"end":{"line":241,"column":1}},"line":230},"20":{"name":"getComments_id","decl":{"start":{"line":243,"column":22},"end":{"line":243,"column":36}},"loc":{"start":{"line":243,"column":41},"end":{"line":252,"column":1}},"line":243},"21":{"name":"getReviews","decl":{"start":{"line":254,"column":22},"end":{"line":254,"column":32}},"loc":{"start":{"line":254,"column":35},"end":{"line":266,"column":1}},"line":254},"22":{"name":"getReviewsByID","decl":{"start":{"line":268,"column":22},"end":{"line":268,"column":36}},"loc":{"start":{"line":268,"column":41},"end":{"line":280,"column":1}},"line":268},"23":{"name":"getReviewsComments","decl":{"start":{"line":282,"column":22},"end":{"line":282,"column":40}},"loc":{"start":{"line":282,"column":45},"end":{"line":293,"column":1}},"line":282},"24":{"name":"getReviewsTop","decl":{"start":{"line":295,"column":22},"end":{"line":295,"column":35}},"loc":{"start":{"line":295,"column":38},"end":{"line":306,"column":1}},"line":295},"25":{"name":"getSurvey","decl":{"start":{"line":309,"column":22},"end":{"line":309,"column":31}},"loc":{"start":{"line":309,"column":36},"end":{"line":318,"column":1}},"line":309},"26":{"name":"getSurveyLatestDate","decl":{"start":{"line":320,"column":22},"end":{"line":320,"column":41}},"loc":{"start":{"line":320,"column":45},"end":{"line":329,"column":1}},"line":320},"27":{"name":"getAuthSurvey","decl":{"start":{"line":331,"column":22},"end":{"line":331,"column":35}},"loc":{"start":{"line":331,"column":40},"end":{"line":340,"column":1}},"line":331},"28":{"name":"getAppointmentsPatient","decl":{"start":{"line":343,"column":22},"end":{"line":343,"column":44}},"loc":{"start":{"line":343,"column":49},"end":{"line":352,"column":1}},"line":343},"29":{"name":"getTimeslot","decl":{"start":{"line":354,"column":22},"end":{"line":354,"column":33}},"loc":{"start":{"line":354,"column":67},"end":{"line":367,"column":1}},"line":354},"30":{"name":"checkExistingRequests","decl":{"start":{"line":369,"column":22},"end":{"line":369,"column":43}},"loc":{"start":{"line":369,"column":89},"end":{"line":378,"column":1}},"line":369},"31":{"name":"getApptRequest","decl":{"start":{"line":381,"column":22},"end":{"line":381,"column":36}},"loc":{"start":{"line":381,"column":41},"end":{"line":393,"column":1}},"line":381},"32":{"name":"getAppointmentsDoctor","decl":{"start":{"line":396,"column":22},"end":{"line":396,"column":43}},"loc":{"start":{"line":396,"column":48},"end":{"line":408,"column":1}},"line":396},"33":{"name":"getPrescription","decl":{"start":{"line":411,"column":22},"end":{"line":411,"column":37}},"loc":{"start":{"line":411,"column":42},"end":{"line":420,"column":1}},"line":411},"34":{"name":"getPrescriptionDoc","decl":{"start":{"line":423,"column":22},"end":{"line":423,"column":40}},"loc":{"start":{"line":423,"column":45},"end":{"line":432,"column":1}},"line":423},"35":{"name":"getPreliminaries","decl":{"start":{"line":435,"column":22},"end":{"line":435,"column":38}},"loc":{"start":{"line":435,"column":43},"end":{"line":444,"column":1}},"line":435},"36":{"name":"getChatMesseges","decl":{"start":{"line":447,"column":22},"end":{"line":447,"column":37}},"loc":{"start":{"line":447,"column":42},"end":{"line":456,"column":1}},"line":447},"37":{"name":"getPatientAuth","decl":{"start":{"line":459,"column":22},"end":{"line":459,"column":36}},"loc":{"start":{"line":459,"column":48},"end":{"line":470,"column":1}},"line":459},"38":{"name":"getDoctorAuth","decl":{"start":{"line":472,"column":22},"end":{"line":472,"column":35}},"loc":{"start":{"line":472,"column":47},"end":{"line":483,"column":1}},"line":472},"39":{"name":"getPharmAuth","decl":{"start":{"line":485,"column":22},"end":{"line":485,"column":34}},"loc":{"start":{"line":485,"column":46},"end":{"line":497,"column":1}},"line":485},"40":{"name":"getNearestPharms","decl":{"start":{"line":499,"column":22},"end":{"line":499,"column":38}},"loc":{"start":{"line":499,"column":44},"end":{"line":508,"column":1}},"line":499},"41":{"name":"getAppointmentInfo","decl":{"start":{"line":510,"column":22},"end":{"line":510,"column":40}},"loc":{"start":{"line":510,"column":50},"end":{"line":521,"column":1}},"line":510},"42":{"name":"LogAttempt","decl":{"start":{"line":543,"column":22},"end":{"line":543,"column":32}},"loc":{"start":{"line":543,"column":59},"end":{"line":554,"column":1}},"line":543},"43":{"name":"genereateAudit","decl":{"start":{"line":556,"column":22},"end":{"line":556,"column":36}},"loc":{"start":{"line":556,"column":83},"end":{"line":567,"column":1}},"line":556},"44":{"name":"createPatient","decl":{"start":{"line":569,"column":22},"end":{"line":569,"column":35}},"loc":{"start":{"line":569,"column":112},"end":{"line":582,"column":1}},"line":569},"45":{"name":"createDoctor","decl":{"start":{"line":584,"column":22},"end":{"line":584,"column":34}},"loc":{"start":{"line":584,"column":110},"end":{"line":599,"column":1}},"line":584},"46":{"name":"createDoctorTiers","decl":{"start":{"line":601,"column":22},"end":{"line":601,"column":39}},"loc":{"start":{"line":601,"column":51},"end":{"line":614,"column":1}},"line":601},"47":{"name":"createDoctorSchedule","decl":{"start":{"line":616,"column":22},"end":{"line":616,"column":42}},"loc":{"start":{"line":616,"column":71},"end":{"line":625,"column":1}},"line":616},"48":{"name":"createPharmacy","decl":{"start":{"line":627,"column":22},"end":{"line":627,"column":36}},"loc":{"start":{"line":627,"column":83},"end":{"line":648,"column":1}},"line":627},"49":{"name":"createPill","decl":{"start":{"line":650,"column":22},"end":{"line":650,"column":32}},"loc":{"start":{"line":650,"column":68},"end":{"line":661,"column":1}},"line":650},"50":{"name":"createExercise","decl":{"start":{"line":663,"column":22},"end":{"line":663,"column":36}},"loc":{"start":{"line":663,"column":116},"end":{"line":674,"column":1}},"line":663},"51":{"name":"createRegiment","decl":{"start":{"line":676,"column":22},"end":{"line":676,"column":36}},"loc":{"start":{"line":676,"column":59},"end":{"line":687,"column":1}},"line":676},"52":{"name":"createForumPost","decl":{"start":{"line":689,"column":22},"end":{"line":689,"column":37}},"loc":{"start":{"line":689,"column":75},"end":{"line":700,"column":1}},"line":689},"53":{"name":"createComment","decl":{"start":{"line":702,"column":22},"end":{"line":702,"column":35}},"loc":{"start":{"line":702,"column":72},"end":{"line":713,"column":1}},"line":702},"54":{"name":"createChatroom","decl":{"start":{"line":716,"column":22},"end":{"line":716,"column":36}},"loc":{"start":{"line":716,"column":52},"end":{"line":725,"column":1}},"line":716},"55":{"name":"createChatMsg","decl":{"start":{"line":727,"column":22},"end":{"line":727,"column":35}},"loc":{"start":{"line":727,"column":95},"end":{"line":737,"column":1}},"line":727},"56":{"name":"fetchAppointmentMessages","decl":{"start":{"line":739,"column":22},"end":{"line":739,"column":46}},"loc":{"start":{"line":739,"column":63},"end":{"line":748,"column":1}},"line":739},"57":{"name":"createAppointment","decl":{"start":{"line":750,"column":22},"end":{"line":750,"column":39}},"loc":{"start":{"line":750,"column":91},"end":{"line":759,"column":1}},"line":750},"58":{"name":"createApptRequest","decl":{"start":{"line":762,"column":22},"end":{"line":762,"column":39}},"loc":{"start":{"line":762,"column":91},"end":{"line":770,"column":1}},"line":762},"59":{"name":"createPreliminary","decl":{"start":{"line":772,"column":22},"end":{"line":772,"column":39}},"loc":{"start":{"line":772,"column":62},"end":{"line":781,"column":1}},"line":772},"60":{"name":"createPerscription","decl":{"start":{"line":783,"column":22},"end":{"line":783,"column":40}},"loc":{"start":{"line":783,"column":83},"end":{"line":793,"column":1}},"line":783},"61":{"name":"createReveiw","decl":{"start":{"line":795,"column":22},"end":{"line":795,"column":34}},"loc":{"start":{"line":795,"column":79},"end":{"line":812,"column":1}},"line":795},"62":{"name":"createSurvey","decl":{"start":{"line":814,"column":22},"end":{"line":814,"column":34}},"loc":{"start":{"line":814,"column":91},"end":{"line":824,"column":1}},"line":814},"63":{"name":"createPayment","decl":{"start":{"line":826,"column":22},"end":{"line":826,"column":35}},"loc":{"start":{"line":826,"column":103},"end":{"line":836,"column":1}},"line":826},"64":{"name":"UpdatePatientInfo","decl":{"start":{"line":842,"column":22},"end":{"line":842,"column":39}},"loc":{"start":{"line":842,"column":51},"end":{"line":854,"column":1}},"line":842},"65":{"name":"addPatientDoc","decl":{"start":{"line":857,"column":22},"end":{"line":857,"column":35}},"loc":{"start":{"line":857,"column":48},"end":{"line":867,"column":1}},"line":857},"66":{"name":"rmPatientDoc","decl":{"start":{"line":870,"column":22},"end":{"line":870,"column":34}},"loc":{"start":{"line":870,"column":39},"end":{"line":882,"column":1}},"line":870},"67":{"name":"rmPatientAppt","decl":{"start":{"line":884,"column":22},"end":{"line":884,"column":35}},"loc":{"start":{"line":884,"column":59},"end":{"line":893,"column":1}},"line":884},"68":{"name":"UpdateDoctorInfo","decl":{"start":{"line":895,"column":22},"end":{"line":895,"column":38}},"loc":{"start":{"line":895,"column":50},"end":{"line":907,"column":1}},"line":895},"69":{"name":"UpdateRequest","decl":{"start":{"line":909,"column":22},"end":{"line":909,"column":35}},"loc":{"start":{"line":909,"column":80},"end":{"line":920,"column":1}},"line":909},"70":{"name":"startAppointment","decl":{"start":{"line":922,"column":22},"end":{"line":922,"column":38}},"loc":{"start":{"line":922,"column":47},"end":{"line":933,"column":1}},"line":922},"71":{"name":"endAppointment","decl":{"start":{"line":935,"column":22},"end":{"line":935,"column":36}},"loc":{"start":{"line":935,"column":45},"end":{"line":946,"column":1}},"line":935},"72":{"name":"fetchApptStartStatus","decl":{"start":{"line":948,"column":22},"end":{"line":948,"column":42}},"loc":{"start":{"line":948,"column":51},"end":{"line":958,"column":1}},"line":948},"73":{"name":"fetchApptEndStatus","decl":{"start":{"line":960,"column":22},"end":{"line":960,"column":40}},"loc":{"start":{"line":960,"column":49},"end":{"line":970,"column":1}},"line":960},"74":{"name":"UpdateDoctorSchedule","decl":{"start":{"line":973,"column":22},"end":{"line":973,"column":42}},"loc":{"start":{"line":973,"column":54},"end":{"line":985,"column":1}},"line":973},"75":{"name":"UpdateApptStat","decl":{"start":{"line":988,"column":22},"end":{"line":988,"column":36}},"loc":{"start":{"line":988,"column":49},"end":{"line":1000,"column":1}},"line":988},"76":{"name":"UpdateDoctorFeedback","decl":{"start":{"line":1002,"column":22},"end":{"line":1002,"column":42}},"loc":{"start":{"line":1002,"column":76},"end":{"line":1012,"column":1}},"line":1002},"77":{"name":"UpdatePerscriptionInfo","decl":{"start":{"line":1015,"column":22},"end":{"line":1015,"column":44}},"loc":{"start":{"line":1015,"column":56},"end":{"line":1027,"column":1}},"line":1015},"78":{"name":"UpdatePillInfo","decl":{"start":{"line":1030,"column":22},"end":{"line":1030,"column":36}},"loc":{"start":{"line":1030,"column":48},"end":{"line":1042,"column":1}},"line":1030},"79":{"name":"UpdateRegiment","decl":{"start":{"line":1045,"column":22},"end":{"line":1045,"column":36}},"loc":{"start":{"line":1045,"column":48},"end":{"line":1057,"column":1}},"line":1045},"80":{"name":"appendToRegiment","decl":{"start":{"line":1059,"column":22},"end":{"line":1059,"column":38}},"loc":{"start":{"line":1059,"column":67},"end":{"line":1115,"column":3}},"line":1059},"81":{"name":"(anonymous_81)","decl":{"start":{"line":1097,"column":26},"end":{"line":1097,"column":27}},"loc":{"start":{"line":1097,"column":32},"end":{"line":1101,"column":9}},"line":1097},"82":{"name":"clearPatientRegiment","decl":{"start":{"line":1117,"column":22},"end":{"line":1117,"column":42}},"loc":{"start":{"line":1117,"column":54},"end":{"line":1128,"column":1}},"line":1117},"83":{"name":"deletePatient","decl":{"start":{"line":1135,"column":22},"end":{"line":1135,"column":35}},"loc":{"start":{"line":1135,"column":40},"end":{"line":1146,"column":1}},"line":1135},"84":{"name":"deleteAppointment","decl":{"start":{"line":1149,"column":22},"end":{"line":1149,"column":39}},"loc":{"start":{"line":1149,"column":44},"end":{"line":1160,"column":1}},"line":1149},"85":{"name":"deleteRegiment","decl":{"start":{"line":1162,"column":22},"end":{"line":1162,"column":36}},"loc":{"start":{"line":1162,"column":41},"end":{"line":1173,"column":1}},"line":1162},"86":{"name":"deleteDoctor","decl":{"start":{"line":1175,"column":22},"end":{"line":1175,"column":34}},"loc":{"start":{"line":1175,"column":39},"end":{"line":1186,"column":1}},"line":1175},"87":{"name":"deleteDoctorTiers","decl":{"start":{"line":1188,"column":22},"end":{"line":1188,"column":39}},"loc":{"start":{"line":1188,"column":44},"end":{"line":1199,"column":1}},"line":1188},"88":{"name":"deleteDoctorSchedule","decl":{"start":{"line":1201,"column":22},"end":{"line":1201,"column":42}},"loc":{"start":{"line":1201,"column":47},"end":{"line":1212,"column":1}},"line":1201},"89":{"name":"deletePerscription","decl":{"start":{"line":1214,"column":22},"end":{"line":1214,"column":40}},"loc":{"start":{"line":1214,"column":45},"end":{"line":1226,"column":1}},"line":1214},"90":{"name":"deletePill","decl":{"start":{"line":1228,"column":22},"end":{"line":1228,"column":32}},"loc":{"start":{"line":1228,"column":37},"end":{"line":1239,"column":1}},"line":1228},"91":{"name":"deleteComment","decl":{"start":{"line":1241,"column":22},"end":{"line":1241,"column":35}},"loc":{"start":{"line":1241,"column":40},"end":{"line":1252,"column":1}},"line":1241},"92":{"name":"deleteForumPost","decl":{"start":{"line":1254,"column":22},"end":{"line":1254,"column":37}},"loc":{"start":{"line":1254,"column":42},"end":{"line":1267,"column":1}},"line":1254}},"branchMap":{"0":{"loc":{"start":{"line":130,"column":4},"end":{"line":132,"column":5}},"type":"if","locations":[{"start":{"line":130,"column":4},"end":{"line":132,"column":5}},{"start":{},"end":{}}],"line":130},"1":{"loc":{"start":{"line":799,"column":4},"end":{"line":801,"column":5}},"type":"if","locations":[{"start":{"line":799,"column":4},"end":{"line":801,"column":5}},{"start":{},"end":{}}],"line":799},"2":{"loc":{"start":{"line":1067,"column":6},"end":{"line":1069,"column":7}},"type":"if","locations":[{"start":{"line":1067,"column":6},"end":{"line":1069,"column":7}},{"start":{},"end":{}}],"line":1067},"3":{"loc":{"start":{"line":1077,"column":8},"end":{"line":1081,"column":9}},"type":"if","locations":[{"start":{"line":1077,"column":8},"end":{"line":1081,"column":9}},{"start":{"line":1079,"column":15},"end":{"line":1081,"column":9}}],"line":1077},"4":{"loc":{"start":{"line":1078,"column":40},"end":{"line":1078,"column":55}},"type":"binary-expr","locations":[{"start":{"line":1078,"column":40},"end":{"line":1078,"column":47}},{"start":{"line":1078,"column":51},"end":{"line":1078,"column":55}}],"line":1078},"5":{"loc":{"start":{"line":1079,"column":15},"end":{"line":1081,"column":9}},"type":"if","locations":[{"start":{"line":1079,"column":15},"end":{"line":1081,"column":9}},{"start":{},"end":{}}],"line":1079},"6":{"loc":{"start":{"line":1079,"column":19},"end":{"line":1079,"column":66}},"type":"binary-expr","locations":[{"start":{"line":1079,"column":19},"end":{"line":1079,"column":46}},{"start":{"line":1079,"column":50},"end":{"line":1079,"column":66}}],"line":1079},"7":{"loc":{"start":{"line":1090,"column":8},"end":{"line":1093,"column":9}},"type":"if","locations":[{"start":{"line":1090,"column":8},"end":{"line":1093,"column":9}},{"start":{},"end":{}}],"line":1090},"8":{"loc":{"start":{"line":1095,"column":8},"end":{"line":1095,"column":63}},"type":"if","locations":[{"start":{"line":1095,"column":8},"end":{"line":1095,"column":63}},{"start":{},"end":{}}],"line":1095},"9":{"loc":{"start":{"line":1098,"column":8},"end":{"line":1100,"column":9}},"type":"if","locations":[{"start":{"line":1098,"column":8},"end":{"line":1100,"column":9}},{"start":{},"end":{}}],"line":1098}},"s":{"0":1,"1":1,"2":0,"3":0,"4":0,"5":0,"6":0,"7":1,"8":1,"9":1,"10":0,"11":0,"12":1,"13":1,"14":1,"15":0,"16":0,"17":1,"18":1,"19":1,"20":0,"21":0,"22":0,"23":0,"24":0,"25":0,"26":0,"27":1,"28":1,"29":1,"30":0,"31":0,"32":0,"33":0,"34":0,"35":0,"36":0,"37":1,"38":1,"39":1,"40":0,"41":0,"42":0,"43":0,"44":0,"45":0,"46":0,"47":1,"48":1,"49":0,"50":1,"51":1,"52":1,"53":1,"54":1,"55":0,"56":1,"57":5,"58":1,"59":0,"60":0,"61":0,"62":0,"63":0,"64":0,"65":0,"66":0,"67":0,"68":0,"69":0,"70":0,"71":0,"72":0,"73":0,"74":0,"75":0,"76":0,"77":0,"78":0,"79":0,"80":0,"81":0,"82":0,"83":0,"84":0,"85":0,"86":0,"87":0,"88":0,"89":0,"90":0,"91":0,"92":0,"93":0,"94":0,"95":0,"96":0,"97":0,"98":0,"99":0,"100":0,"101":0,"102":0,"103":0,"104":0,"105":0,"106":0,"107":0,"108":0,"109":0,"110":0,"111":0,"112":0,"113":0,"114":0,"115":0,"116":0,"117":0,"118":0,"119":0,"120":0,"121":1,"122":1,"123":1,"124":0,"125":0,"126":0,"127":0,"128":0,"129":0,"130":0,"131":0,"132":0,"133":0,"134":0,"135":0,"136":0,"137":0,"138":0,"139":0,"140":0,"141":0,"142":0,"143":0,"144":0,"145":0,"146":0,"147":0,"148":0,"149":0,"150":0,"151":0,"152":0,"153":0,"154":0,"155":0,"156":0,"157":0,"158":0,"159":0,"160":0,"161":0,"162":0,"163":0,"164":0,"165":0,"166":0,"167":0,"168":0,"169":0,"170":0,"171":0,"172":0,"173":0,"174":0,"175":0,"176":0,"177":0,"178":0,"179":0,"180":0,"181":0,"182":0,"183":0,"184":0,"185":0,"186":0,"187":0,"188":0,"189":0,"190":0,"191":0,"192":0,"193":0,"194":0,"195":0,"196":0,"197":0,"198":0,"199":0,"200":0,"201":0,"202":0,"203":0,"204":0,"205":0,"206":0,"207":0,"208":0,"209":0,"210":0,"211":0,"212":0,"213":0,"214":0,"215":0,"216":0,"217":0,"218":5,"219":5,"220":5,"221":0,"222":0,"223":0,"224":0,"225":0,"226":0,"227":0,"228":0,"229":0,"230":0,"231":0,"232":0,"233":0,"234":0,"235":0,"236":0,"237":0,"238":0,"239":0,"240":0,"241":0,"242":0,"243":1,"244":1,"245":0,"246":1,"247":1,"248":0,"249":0,"250":0,"251":0,"252":0,"253":0,"254":0,"255":0,"256":0,"257":0,"258":0,"259":0,"260":0,"261":0,"262":0,"263":0,"264":0,"265":0,"266":0,"267":0,"268":0,"269":0,"270":0,"271":0,"272":0,"273":0,"274":0,"275":0,"276":0,"277":0,"278":0,"279":0,"280":0,"281":0,"282":0,"283":0,"284":0,"285":0,"286":0,"287":0,"288":0,"289":0,"290":0,"291":0,"292":0,"293":0,"294":0,"295":0,"296":0,"297":0,"298":0,"299":0,"300":0,"301":0,"302":0,"303":0,"304":0,"305":0,"306":0,"307":0,"308":0,"309":0,"310":0,"311":0,"312":0,"313":0,"314":0,"315":0,"316":0,"317":0,"318":0,"319":0,"320":0,"321":0,"322":0,"323":0,"324":0,"325":0,"326":0,"327":0,"328":0,"329":0,"330":0,"331":0,"332":0,"333":0,"334":0,"335":0,"336":0,"337":0,"338":0,"339":0,"340":0,"341":0,"342":0,"343":0,"344":0,"345":0,"346":0,"347":0,"348":0,"349":0,"350":0,"351":0,"352":0,"353":0,"354":0,"355":0,"356":0,"357":0,"358":0,"359":0,"360":0,"361":0,"362":0,"363":0,"364":0,"365":0,"366":0,"367":0,"368":0,"369":0,"370":0,"371":0,"372":0,"373":0,"374":0,"375":0,"376":0,"377":0,"378":0,"379":0,"380":0,"381":0,"382":0,"383":0,"384":0,"385":0,"386":0,"387":0,"388":0,"389":0,"390":0,"391":0,"392":0,"393":0,"394":0,"395":0,"396":0,"397":0,"398":0,"399":0,"400":0,"401":0,"402":0,"403":0,"404":0,"405":0,"406":0,"407":0,"408":0,"409":0,"410":0,"411":0,"412":0,"413":0,"414":0,"415":0,"416":0,"417":0,"418":0,"419":0,"420":0,"421":0,"422":0,"423":0,"424":0,"425":0,"426":0,"427":0,"428":0,"429":0,"430":0,"431":0,"432":0,"433":0,"434":0,"435":0,"436":0,"437":0,"438":0,"439":0,"440":0,"441":0,"442":0,"443":0,"444":0,"445":0,"446":0,"447":0,"448":0,"449":0,"450":0,"451":0,"452":0,"453":0,"454":0,"455":0,"456":0,"457":0,"458":0,"459":0,"460":0,"461":0,"462":0,"463":0,"464":0,"465":0,"466":0,"467":0,"468":0,"469":0,"470":0,"471":0,"472":0,"473":0,"474":0,"475":0,"476":0,"477":0,"478":0,"479":0,"480":0,"481":0,"482":0,"483":0,"484":0,"485":0,"486":0,"487":0,"488":0,"489":0,"490":0,"491":0,"492":0,"493":0,"494":0,"495":0,"496":0,"497":0,"498":0,"499":0,"500":0,"501":0,"502":0,"503":0,"504":0,"505":0,"506":0,"507":0,"508":0,"509":0,"510":0,"511":0,"512":0,"513":0,"514":0,"515":0,"516":0,"517":0,"518":0,"519":0,"520":0},"f":{"0":0,"1":1,"2":1,"3":1,"4":0,"5":1,"6":0,"7":1,"8":0,"9":1,"10":0,"11":5,"12":0,"13":0,"14":0,"15":0,"16":0,"17":0,"18":0,"19":0,"20":0,"21":0,"22":0,"23":0,"24":1,"25":0,"26":0,"27":0,"28":0,"29":0,"30":0,"31":0,"32":0,"33":0,"34":0,"35":0,"36":0,"37":0,"38":0,"39":0,"40":0,"41":0,"42":0,"43":5,"44":0,"45":0,"46":0,"47":1,"48":0,"49":0,"50":0,"51":0,"52":0,"53":0,"54":0,"55":0,"56":0,"57":0,"58":0,"59":0,"60":0,"61":0,"62":0,"63":0,"64":0,"65":0,"66":0,"67":0,"68":0,"69":0,"70":0,"71":0,"72":0,"73":0,"74":0,"75":0,"76":0,"77":0,"78":0,"79":0,"80":0,"81":0,"82":0,"83":0,"84":0,"85":0,"86":0,"87":0,"88":0,"89":0,"90":0,"91":0,"92":0},"b":{"0":[0,1],"1":[0,0],"2":[0,0],"3":[0,0],"4":[0,0],"5":[0,0],"6":[0,0],"7":[0,0],"8":[0,0],"9":[0,0]},"_coverageSchema":"1a1c01bbd47fc00a2c39e90264f33305004495a9","hash":"280deb24d933aee2dce9ada0f4147a8c6df26363"}
,"/Users/fardbook/Desktop/Courses/NJIT Classes/CS490/GROUP_PROJECT/CS490-GP-Backend/backend/server2.js": {"path":"/Users/fardbook/Desktop/Courses/NJIT Classes/CS490/GROUP_PROJECT/CS490-GP-Backend/backend/server2.js","statementMap":{"0":{"start":{"line":30,"column":0},"end":{"line":30,"column":15}},"1":{"start":{"line":38,"column":12},"end":{"line":38,"column":21}},"2":{"start":{"line":39,"column":0},"end":{"line":39,"column":23}},"3":{"start":{"line":40,"column":0},"end":{"line":40,"column":15}},"4":{"start":{"line":42,"column":0},"end":{"line":45,"column":2}},"5":{"start":{"line":43,"column":4},"end":{"line":43,"column":28}},"6":{"start":{"line":44,"column":4},"end":{"line":44,"column":44}},"7":{"start":{"line":47,"column":15},"end":{"line":47,"column":37}},"8":{"start":{"line":48,"column":11},"end":{"line":53,"column":2}},"9":{"start":{"line":55,"column":0},"end":{"line":77,"column":2}},"10":{"start":{"line":56,"column":4},"end":{"line":56,"column":45}},"11":{"start":{"line":59,"column":4},"end":{"line":62,"column":6}},"12":{"start":{"line":60,"column":8},"end":{"line":60,"column":28}},"13":{"start":{"line":61,"column":8},"end":{"line":61,"column":71}},"14":{"start":{"line":65,"column":4},"end":{"line":71,"column":6}},"15":{"start":{"line":66,"column":8},"end":{"line":66,"column":43}},"16":{"start":{"line":68,"column":25},"end":{"line":68,"column":121}},"17":{"start":{"line":69,"column":8},"end":{"line":69,"column":29}},"18":{"start":{"line":70,"column":8},"end":{"line":70,"column":53}},"19":{"start":{"line":74,"column":4},"end":{"line":76,"column":6}},"20":{"start":{"line":75,"column":8},"end":{"line":75,"column":53}},"21":{"start":{"line":80,"column":0},"end":{"line":82,"column":2}},"22":{"start":{"line":81,"column":4},"end":{"line":81,"column":49}},"23":{"start":{"line":84,"column":25},"end":{"line":97,"column":1}},"24":{"start":{"line":85,"column":19},"end":{"line":85,"column":43}},"25":{"start":{"line":87,"column":4},"end":{"line":89,"column":5}},"26":{"start":{"line":88,"column":6},"end":{"line":88,"column":67}},"27":{"start":{"line":92,"column":4},"end":{"line":94,"column":5}},"28":{"start":{"line":93,"column":6},"end":{"line":93,"column":66}},"29":{"start":{"line":96,"column":4},"end":{"line":96,"column":11}},"30":{"start":{"line":101,"column":14},"end":{"line":111,"column":2}},"31":{"start":{"line":103,"column":8},"end":{"line":103,"column":40}},"32":{"start":{"line":107,"column":8},"end":{"line":107,"column":26}},"33":{"start":{"line":108,"column":8},"end":{"line":108,"column":49}},"34":{"start":{"line":112,"column":15},"end":{"line":112,"column":39}},"35":{"start":{"line":114,"column":0},"end":{"line":117,"column":4}},"36":{"start":{"line":115,"column":4},"end":{"line":115,"column":28}},"37":{"start":{"line":116,"column":4},"end":{"line":116,"column":44}},"38":{"start":{"line":127,"column":0},"end":{"line":133,"column":2}},"39":{"start":{"line":128,"column":17},"end":{"line":128,"column":49}},"40":{"start":{"line":129,"column":4},"end":{"line":129,"column":42}},"41":{"start":{"line":130,"column":26},"end":{"line":130,"column":53}},"42":{"start":{"line":131,"column":18},"end":{"line":131,"column":86}},"43":{"start":{"line":132,"column":4},"end":{"line":132,"column":18}},"44":{"start":{"line":136,"column":0},"end":{"line":141,"column":2}},"45":{"start":{"line":137,"column":17},"end":{"line":137,"column":52}},"46":{"start":{"line":138,"column":26},"end":{"line":138,"column":56}},"47":{"start":{"line":139,"column":18},"end":{"line":139,"column":86}},"48":{"start":{"line":140,"column":4},"end":{"line":140,"column":18}},"49":{"start":{"line":144,"column":0},"end":{"line":149,"column":2}},"50":{"start":{"line":145,"column":17},"end":{"line":145,"column":51}},"51":{"start":{"line":146,"column":26},"end":{"line":146,"column":56}},"52":{"start":{"line":147,"column":18},"end":{"line":147,"column":85}},"53":{"start":{"line":148,"column":4},"end":{"line":148,"column":18}},"54":{"start":{"line":152,"column":0},"end":{"line":157,"column":2}},"55":{"start":{"line":153,"column":17},"end":{"line":153,"column":50}},"56":{"start":{"line":154,"column":26},"end":{"line":154,"column":56}},"57":{"start":{"line":155,"column":18},"end":{"line":155,"column":89}},"58":{"start":{"line":156,"column":4},"end":{"line":156,"column":18}},"59":{"start":{"line":160,"column":0},"end":{"line":163,"column":2}},"60":{"start":{"line":161,"column":17},"end":{"line":161,"column":38}},"61":{"start":{"line":162,"column":4},"end":{"line":162,"column":18}},"62":{"start":{"line":166,"column":0},"end":{"line":172,"column":2}},"63":{"start":{"line":167,"column":17},"end":{"line":167,"column":48}},"64":{"start":{"line":168,"column":4},"end":{"line":168,"column":41}},"65":{"start":{"line":169,"column":26},"end":{"line":169,"column":52}},"66":{"start":{"line":170,"column":18},"end":{"line":170,"column":85}},"67":{"start":{"line":171,"column":4},"end":{"line":171,"column":18}},"68":{"start":{"line":175,"column":0},"end":{"line":189,"column":2}},"69":{"start":{"line":176,"column":24},"end":{"line":176,"column":32}},"70":{"start":{"line":177,"column":4},"end":{"line":179,"column":5}},"71":{"start":{"line":178,"column":8},"end":{"line":178,"column":69}},"72":{"start":{"line":180,"column":4},"end":{"line":188,"column":5}},"73":{"start":{"line":181,"column":21},"end":{"line":181,"column":52}},"74":{"start":{"line":182,"column":30},"end":{"line":182,"column":63}},"75":{"start":{"line":183,"column":22},"end":{"line":183,"column":85}},"76":{"start":{"line":184,"column":8},"end":{"line":184,"column":22}},"77":{"start":{"line":187,"column":8},"end":{"line":187,"column":81}},"78":{"start":{"line":192,"column":0},"end":{"line":197,"column":2}},"79":{"start":{"line":193,"column":17},"end":{"line":193,"column":38}},"80":{"start":{"line":194,"column":26},"end":{"line":194,"column":54}},"81":{"start":{"line":195,"column":18},"end":{"line":195,"column":77}},"82":{"start":{"line":196,"column":4},"end":{"line":196,"column":18}},"83":{"start":{"line":200,"column":0},"end":{"line":205,"column":2}},"84":{"start":{"line":201,"column":17},"end":{"line":201,"column":33}},"85":{"start":{"line":202,"column":26},"end":{"line":202,"column":50}},"86":{"start":{"line":203,"column":18},"end":{"line":203,"column":77}},"87":{"start":{"line":204,"column":4},"end":{"line":204,"column":18}},"88":{"start":{"line":208,"column":0},"end":{"line":217,"column":2}},"89":{"start":{"line":209,"column":4},"end":{"line":216,"column":5}},"90":{"start":{"line":210,"column":35},"end":{"line":210,"column":43}},"91":{"start":{"line":211,"column":21},"end":{"line":211,"column":61}},"92":{"start":{"line":212,"column":8},"end":{"line":212,"column":22}},"93":{"start":{"line":215,"column":8},"end":{"line":215,"column":81}},"94":{"start":{"line":220,"column":0},"end":{"line":225,"column":2}},"95":{"start":{"line":221,"column":17},"end":{"line":221,"column":49}},"96":{"start":{"line":222,"column":26},"end":{"line":222,"column":57}},"97":{"start":{"line":223,"column":18},"end":{"line":223,"column":86}},"98":{"start":{"line":224,"column":4},"end":{"line":224,"column":18}},"99":{"start":{"line":228,"column":0},"end":{"line":231,"column":2}},"100":{"start":{"line":229,"column":17},"end":{"line":229,"column":38}},"101":{"start":{"line":230,"column":4},"end":{"line":230,"column":18}},"102":{"start":{"line":234,"column":0},"end":{"line":237,"column":2}},"103":{"start":{"line":235,"column":17},"end":{"line":235,"column":52}},"104":{"start":{"line":236,"column":4},"end":{"line":236,"column":18}},"105":{"start":{"line":240,"column":0},"end":{"line":243,"column":2}},"106":{"start":{"line":241,"column":17},"end":{"line":241,"column":35}},"107":{"start":{"line":242,"column":4},"end":{"line":242,"column":18}},"108":{"start":{"line":246,"column":0},"end":{"line":249,"column":2}},"109":{"start":{"line":247,"column":17},"end":{"line":247,"column":52}},"110":{"start":{"line":248,"column":4},"end":{"line":248,"column":18}},"111":{"start":{"line":252,"column":0},"end":{"line":257,"column":2}},"112":{"start":{"line":253,"column":17},"end":{"line":253,"column":59}},"113":{"start":{"line":254,"column":26},"end":{"line":254,"column":57}},"114":{"start":{"line":255,"column":18},"end":{"line":255,"column":85}},"115":{"start":{"line":256,"column":4},"end":{"line":256,"column":18}},"116":{"start":{"line":260,"column":0},"end":{"line":265,"column":2}},"117":{"start":{"line":261,"column":17},"end":{"line":261,"column":52}},"118":{"start":{"line":262,"column":26},"end":{"line":262,"column":61}},"119":{"start":{"line":263,"column":18},"end":{"line":263,"column":85}},"120":{"start":{"line":264,"column":4},"end":{"line":264,"column":18}},"121":{"start":{"line":268,"column":0},"end":{"line":273,"column":2}},"122":{"start":{"line":269,"column":17},"end":{"line":269,"column":53}},"123":{"start":{"line":270,"column":26},"end":{"line":270,"column":53}},"124":{"start":{"line":271,"column":18},"end":{"line":271,"column":86}},"125":{"start":{"line":272,"column":4},"end":{"line":272,"column":18}},"126":{"start":{"line":276,"column":0},"end":{"line":285,"column":2}},"127":{"start":{"line":277,"column":4},"end":{"line":284,"column":5}},"128":{"start":{"line":278,"column":21},"end":{"line":278,"column":58}},"129":{"start":{"line":279,"column":8},"end":{"line":279,"column":25}},"130":{"start":{"line":280,"column":8},"end":{"line":280,"column":22}},"131":{"start":{"line":283,"column":8},"end":{"line":283,"column":59}},"132":{"start":{"line":288,"column":0},"end":{"line":291,"column":2}},"133":{"start":{"line":289,"column":17},"end":{"line":289,"column":53}},"134":{"start":{"line":290,"column":4},"end":{"line":290,"column":18}},"135":{"start":{"line":294,"column":0},"end":{"line":297,"column":2}},"136":{"start":{"line":295,"column":17},"end":{"line":295,"column":38}},"137":{"start":{"line":296,"column":4},"end":{"line":296,"column":18}},"138":{"start":{"line":300,"column":0},"end":{"line":305,"column":2}},"139":{"start":{"line":301,"column":17},"end":{"line":301,"column":47}},"140":{"start":{"line":302,"column":26},"end":{"line":302,"column":63}},"141":{"start":{"line":303,"column":18},"end":{"line":303,"column":86}},"142":{"start":{"line":304,"column":4},"end":{"line":304,"column":18}},"143":{"start":{"line":308,"column":0},"end":{"line":316,"column":2}},"144":{"start":{"line":309,"column":4},"end":{"line":315,"column":5}},"145":{"start":{"line":310,"column":17},"end":{"line":310,"column":56}},"146":{"start":{"line":311,"column":4},"end":{"line":311,"column":18}},"147":{"start":{"line":314,"column":8},"end":{"line":314,"column":62}},"148":{"start":{"line":319,"column":0},"end":{"line":338,"column":3}},"149":{"start":{"line":320,"column":26},"end":{"line":320,"column":34}},"150":{"start":{"line":321,"column":4},"end":{"line":323,"column":5}},"151":{"start":{"line":322,"column":8},"end":{"line":322,"column":82}},"152":{"start":{"line":325,"column":4},"end":{"line":337,"column":5}},"153":{"start":{"line":326,"column":21},"end":{"line":326,"column":52}},"154":{"start":{"line":327,"column":7},"end":{"line":334,"column":8}},"155":{"start":{"line":328,"column":27},"end":{"line":328,"column":57}},"156":{"start":{"line":329,"column":8},"end":{"line":329,"column":70}},"157":{"start":{"line":332,"column":27},"end":{"line":332,"column":56}},"158":{"start":{"line":333,"column":8},"end":{"line":333,"column":23}},"159":{"start":{"line":336,"column":8},"end":{"line":336,"column":82}},"160":{"start":{"line":341,"column":0},"end":{"line":360,"column":2}},"161":{"start":{"line":342,"column":26},"end":{"line":342,"column":34}},"162":{"start":{"line":343,"column":4},"end":{"line":345,"column":5}},"163":{"start":{"line":344,"column":8},"end":{"line":344,"column":82}},"164":{"start":{"line":347,"column":4},"end":{"line":359,"column":5}},"165":{"start":{"line":348,"column":21},"end":{"line":348,"column":51}},"166":{"start":{"line":349,"column":8},"end":{"line":356,"column":9}},"167":{"start":{"line":350,"column":31},"end":{"line":350,"column":61}},"168":{"start":{"line":351,"column":12},"end":{"line":351,"column":74}},"169":{"start":{"line":354,"column":31},"end":{"line":354,"column":60}},"170":{"start":{"line":355,"column":12},"end":{"line":355,"column":27}},"171":{"start":{"line":358,"column":8},"end":{"line":358,"column":82}},"172":{"start":{"line":363,"column":0},"end":{"line":383,"column":2}},"173":{"start":{"line":364,"column":26},"end":{"line":364,"column":34}},"174":{"start":{"line":365,"column":4},"end":{"line":365,"column":25}},"175":{"start":{"line":366,"column":4},"end":{"line":368,"column":5}},"176":{"start":{"line":367,"column":8},"end":{"line":367,"column":82}},"177":{"start":{"line":370,"column":4},"end":{"line":382,"column":5}},"178":{"start":{"line":371,"column":21},"end":{"line":371,"column":50}},"179":{"start":{"line":372,"column":8},"end":{"line":379,"column":9}},"180":{"start":{"line":373,"column":31},"end":{"line":373,"column":61}},"181":{"start":{"line":374,"column":12},"end":{"line":374,"column":74}},"182":{"start":{"line":377,"column":31},"end":{"line":377,"column":60}},"183":{"start":{"line":378,"column":12},"end":{"line":378,"column":27}},"184":{"start":{"line":381,"column":8},"end":{"line":381,"column":82}},"185":{"start":{"line":386,"column":0},"end":{"line":399,"column":2}},"186":{"start":{"line":387,"column":31},"end":{"line":387,"column":39}},"187":{"start":{"line":388,"column":4},"end":{"line":390,"column":5}},"188":{"start":{"line":389,"column":8},"end":{"line":389,"column":73}},"189":{"start":{"line":392,"column":4},"end":{"line":398,"column":5}},"190":{"start":{"line":393,"column":21},"end":{"line":393,"column":67}},"191":{"start":{"line":394,"column":8},"end":{"line":394,"column":23}},"192":{"start":{"line":397,"column":8},"end":{"line":397,"column":82}},"193":{"start":{"line":414,"column":0},"end":{"line":431,"column":2}},"194":{"start":{"line":415,"column":91},"end":{"line":415,"column":99}},"195":{"start":{"line":416,"column":18},"end":{"line":416,"column":60}},"196":{"start":{"line":418,"column":4},"end":{"line":420,"column":5}},"197":{"start":{"line":419,"column":8},"end":{"line":419,"column":79}},"198":{"start":{"line":422,"column":4},"end":{"line":430,"column":5}},"199":{"start":{"line":423,"column":23},"end":{"line":423,"column":114}},"200":{"start":{"line":424,"column":26},"end":{"line":424,"column":47}},"201":{"start":{"line":425,"column":18},"end":{"line":425,"column":98}},"202":{"start":{"line":426,"column":4},"end":{"line":426,"column":27}},"203":{"start":{"line":427,"column":4},"end":{"line":427,"column":36}},"204":{"start":{"line":429,"column":8},"end":{"line":429,"column":82}},"205":{"start":{"line":435,"column":0},"end":{"line":453,"column":2}},"206":{"start":{"line":436,"column":97},"end":{"line":436,"column":105}},"207":{"start":{"line":438,"column":4},"end":{"line":440,"column":5}},"208":{"start":{"line":439,"column":8},"end":{"line":439,"column":79}},"209":{"start":{"line":442,"column":4},"end":{"line":452,"column":5}},"210":{"start":{"line":443,"column":26},"end":{"line":443,"column":126}},"211":{"start":{"line":444,"column":8},"end":{"line":444,"column":47}},"212":{"start":{"line":445,"column":30},"end":{"line":445,"column":50}},"213":{"start":{"line":446,"column":22},"end":{"line":446,"column":99}},"214":{"start":{"line":447,"column":22},"end":{"line":447,"column":69}},"215":{"start":{"line":448,"column":8},"end":{"line":448,"column":26}},"216":{"start":{"line":449,"column":8},"end":{"line":449,"column":39}},"217":{"start":{"line":451,"column":8},"end":{"line":451,"column":82}},"218":{"start":{"line":456,"column":0},"end":{"line":471,"column":2}},"219":{"start":{"line":457,"column":41},"end":{"line":457,"column":49}},"220":{"start":{"line":459,"column":4},"end":{"line":461,"column":5}},"221":{"start":{"line":460,"column":8},"end":{"line":460,"column":79}},"222":{"start":{"line":463,"column":4},"end":{"line":470,"column":5}},"223":{"start":{"line":464,"column":26},"end":{"line":464,"column":80}},"224":{"start":{"line":465,"column":30},"end":{"line":465,"column":59}},"225":{"start":{"line":466,"column":22},"end":{"line":466,"column":86}},"226":{"start":{"line":467,"column":8},"end":{"line":467,"column":39}},"227":{"start":{"line":469,"column":8},"end":{"line":469,"column":82}},"228":{"start":{"line":474,"column":0},"end":{"line":489,"column":2}},"229":{"start":{"line":475,"column":32},"end":{"line":475,"column":40}},"230":{"start":{"line":477,"column":4},"end":{"line":479,"column":5}},"231":{"start":{"line":478,"column":8},"end":{"line":478,"column":79}},"232":{"start":{"line":480,"column":4},"end":{"line":488,"column":5}},"233":{"start":{"line":482,"column":21},"end":{"line":482,"column":63}},"234":{"start":{"line":483,"column":30},"end":{"line":483,"column":65}},"235":{"start":{"line":484,"column":22},"end":{"line":484,"column":83}},"236":{"start":{"line":485,"column":8},"end":{"line":485,"column":34}},"237":{"start":{"line":487,"column":8},"end":{"line":487,"column":81}},"238":{"start":{"line":495,"column":0},"end":{"line":509,"column":2}},"239":{"start":{"line":496,"column":66},"end":{"line":496,"column":74}},"240":{"start":{"line":497,"column":4},"end":{"line":499,"column":5}},"241":{"start":{"line":498,"column":8},"end":{"line":498,"column":79}},"242":{"start":{"line":501,"column":4},"end":{"line":508,"column":5}},"243":{"start":{"line":502,"column":25},"end":{"line":502,"column":96}},"244":{"start":{"line":503,"column":30},"end":{"line":503,"column":52}},"245":{"start":{"line":504,"column":22},"end":{"line":504,"column":101}},"246":{"start":{"line":505,"column":8},"end":{"line":505,"column":38}},"247":{"start":{"line":507,"column":8},"end":{"line":507,"column":82}},"248":{"start":{"line":512,"column":0},"end":{"line":524,"column":2}},"249":{"start":{"line":513,"column":18},"end":{"line":513,"column":26}},"250":{"start":{"line":514,"column":4},"end":{"line":516,"column":5}},"251":{"start":{"line":515,"column":8},"end":{"line":515,"column":62}},"252":{"start":{"line":518,"column":4},"end":{"line":523,"column":5}},"253":{"start":{"line":519,"column":30},"end":{"line":519
[...]
"line":588,"column":78}}],"line":588},"45":{"loc":{"start":{"line":596,"column":4},"end":{"line":598,"column":5}},"type":"if","locations":[{"start":{"line":596,"column":4},"end":{"line":598,"column":5}},{"start":{},"end":{}}],"line":596},"46":{"loc":{"start":{"line":596,"column":8},"end":{"line":596,"column":131}},"type":"binary-expr","locations":[{"start":{"line":596,"column":8},"end":{"line":596,"column":19}},{"start":{"line":596,"column":23},"end":{"line":596,"column":34}},{"start":{"line":596,"column":38},"end":{"line":596,"column":52}},{"start":{"line":596,"column":56},"end":{"line":596,"column":69}},{"start":{"line":596,"column":73},"end":{"line":596,"column":94}},{"start":{"line":596,"column":98},"end":{"line":596,"column":113}},{"start":{"line":596,"column":117},"end":{"line":596,"column":122}},{"start":{"line":596,"column":126},"end":{"line":596,"column":131}}],"line":596},"47":{"loc":{"start":{"line":610,"column":38},"end":{"line":610,"column":78}},"type":"binary-expr","locations":[{"start":{"line":610,"column":38},"end":{"line":610,"column":51}},{"start":{"line":610,"column":55},"end":{"line":610,"column":78}}],"line":610},"48":{"loc":{"start":{"line":619,"column":4},"end":{"line":621,"column":5}},"type":"if","locations":[{"start":{"line":619,"column":4},"end":{"line":621,"column":5}},{"start":{},"end":{}}],"line":619},"49":{"loc":{"start":{"line":619,"column":8},"end":{"line":619,"column":48}},"type":"binary-expr","locations":[{"start":{"line":619,"column":8},"end":{"line":619,"column":19}},{"start":{"line":619,"column":23},"end":{"line":619,"column":48}}],"line":619},"50":{"loc":{"start":{"line":629,"column":38},"end":{"line":629,"column":78}},"type":"binary-expr","locations":[{"start":{"line":629,"column":38},"end":{"line":629,"column":51}},{"start":{"line":629,"column":55},"end":{"line":629,"column":78}}],"line":629},"51":{"loc":{"start":{"line":636,"column":4},"end":{"line":638,"column":5}},"type":"if","locations":[{"start":{"line":636,"column":4},"end":{"line":638,"column":5}},{"start":{},"end":{}}],"line":636},"52":{"loc":{"start":{"line":636,"column":8},"end":{"line":636,"column":32}},"type":"binary-expr","locations":[{"start":{"line":636,"column":8},"end":{"line":636,"column":19}},{"start":{"line":636,"column":23},"end":{"line":636,"column":32}}],"line":636},"53":{"loc":{"start":{"line":647,"column":38},"end":{"line":647,"column":78}},"type":"binary-expr","locations":[{"start":{"line":647,"column":38},"end":{"line":647,"column":51}},{"start":{"line":647,"column":55},"end":{"line":647,"column":78}}],"line":647},"54":{"loc":{"start":{"line":653,"column":4},"end":{"line":655,"column":5}},"type":"if","locations":[{"start":{"line":653,"column":4},"end":{"line":655,"column":5}},{"start":{},"end":{}}],"line":653},"55":{"loc":{"start":{"line":663,"column":38},"end":{"line":663,"column":78}},"type":"binary-expr","locations":[{"start":{"line":663,"column":38},"end":{"line":663,"column":51}},{"start":{"line":663,"column":55},"end":{"line":663,"column":78}}],"line":663},"56":{"loc":{"start":{"line":673,"column":4},"end":{"line":675,"column":5}},"type":"if","locations":[{"start":{"line":673,"column":4},"end":{"line":675,"column":5}},{"start":{},"end":{}}],"line":673},"57":{"loc":{"start":{"line":673,"column":8},"end":{"line":673,"column":70}},"type":"binary-expr","locations":[{"start":{"line":673,"column":8},"end":{"line":673,"column":19}},{"start":{"line":673,"column":23},"end":{"line":673,"column":33}},{"start":{"line":673,"column":37},"end":{"line":673,"column":47}},{"start":{"line":673,"column":51},"end":{"line":673,"column":61}},{"start":{"line":673,"column":65},"end":{"line":673,"column":70}}],"line":673},"58":{"loc":{"start":{"line":680,"column":8},"end":{"line":684,"column":9}},"type":"if","locations":[{"start":{"line":680,"column":8},"end":{"line":684,"column":9}},{"start":{},"end":{}}],"line":680},"59":{"loc":{"start":{"line":692,"column":38},"end":{"line":692,"column":78}},"type":"binary-expr","locations":[{"start":{"line":692,"column":38},"end":{"line":692,"column":51}},{"start":{"line":692,"column":55},"end":{"line":692,"column":78}}],"line":692},"60":{"loc":{"start":{"line":699,"column":4},"end":{"line":701,"column":5}},"type":"if","locations":[{"start":{"line":699,"column":4},"end":{"line":701,"column":5}},{"start":{},"end":{}}],"line":699},"61":{"loc":{"start":{"line":699,"column":8},"end":{"line":699,"column":33}},"type":"binary-expr","locations":[{"start":{"line":699,"column":8},"end":{"line":699,"column":19}},{"start":{"line":699,"column":23},"end":{"line":699,"column":33}}],"line":699},"62":{"loc":{"start":{"line":708,"column":8},"end":{"line":710,"column":9}},"type":"if","locations":[{"start":{"line":708,"column":8},"end":{"line":710,"column":9}},{"start":{},"end":{}}],"line":708},"63":{"loc":{"start":{"line":708,"column":12},"end":{"line":708,"column":83}},"type":"binary-expr","locations":[{"start":{"line":708,"column":12},"end":{"line":708,"column":40}},{"start":{"line":708,"column":44},"end":{"line":708,"column":83}}],"line":708},"64":{"loc":{"start":{"line":715,"column":8},"end":{"line":717,"column":9}},"type":"if","locations":[{"start":{"line":715,"column":8},"end":{"line":717,"column":9}},{"start":{},"end":{}}],"line":715},"65":{"loc":{"start":{"line":720,"column":8},"end":{"line":722,"column":9}},"type":"if","locations":[{"start":{"line":720,"column":8},"end":{"line":722,"column":9}},{"start":{},"end":{}}],"line":720},"66":{"loc":{"start":{"line":730,"column":38},"end":{"line":730,"column":78}},"type":"binary-expr","locations":[{"start":{"line":730,"column":38},"end":{"line":730,"column":51}},{"start":{"line":730,"column":55},"end":{"line":730,"column":78}}],"line":730},"67":{"loc":{"start":{"line":737,"column":4},"end":{"line":739,"column":5}},"type":"if","locations":[{"start":{"line":737,"column":4},"end":{"line":739,"column":5}},{"start":{},"end":{}}],"line":737},"68":{"loc":{"start":{"line":747,"column":38},"end":{"line":747,"column":78}},"type":"binary-expr","locations":[{"start":{"line":747,"column":38},"end":{"line":747,"column":51}},{"start":{"line":747,"column":55},"end":{"line":747,"column":78}}],"line":747},"69":{"loc":{"start":{"line":754,"column":4},"end":{"line":756,"column":5}},"type":"if","locations":[{"start":{"line":754,"column":4},"end":{"line":756,"column":5}},{"start":{},"end":{}}],"line":754},"70":{"loc":{"start":{"line":764,"column":38},"end":{"line":764,"column":78}},"type":"binary-expr","locations":[{"start":{"line":764,"column":38},"end":{"line":764,"column":51}},{"start":{"line":764,"column":55},"end":{"line":764,"column":78}}],"line":764},"71":{"loc":{"start":{"line":772,"column":4},"end":{"line":774,"column":5}},"type":"if","locations":[{"start":{"line":772,"column":4},"end":{"line":774,"column":5}},{"start":{},"end":{}}],"line":772},"72":{"loc":{"start":{"line":778,"column":4},"end":{"line":780,"column":5}},"type":"if","locations":[{"start":{"line":778,"column":4},"end":{"line":780,"column":5}},{"start":{},"end":{}}],"line":778},"73":{"loc":{"start":{"line":786,"column":38},"end":{"line":786,"column":78}},"type":"binary-expr","locations":[{"start":{"line":786,"column":38},"end":{"line":786,"column":51}},{"start":{"line":786,"column":55},"end":{"line":786,"column":78}}],"line":786},"74":{"loc":{"start":{"line":793,"column":4},"end":{"line":795,"column":5}},"type":"if","locations":[{"start":{"line":793,"column":4},"end":{"line":795,"column":5}},{"start":{},"end":{}}],"line":793},"75":{"loc":{"start":{"line":803,"column":38},"end":{"line":803,"column":78}},"type":"binary-expr","locations":[{"start":{"line":803,"column":38},"end":{"line":803,"column":51}},{"start":{"line":803,"column":55},"end":{"line":803,"column":78}}],"line":803},"76":{"loc":{"start":{"line":812,"column":4},"end":{"line":814,"column":5}},"type":"if","locations":[{"start":{"line":812,"column":4},"end":{"line":814,"column":5}},{"start":{},"end":{}}],"line":812},"77":{"loc":{"start":{"line":821,"column":4},"end":{"line":823,"column":5}},"type":"if","locations":[{"start":{"line":821,"column":4},"end":{"line":823,"column":5}},{"start":{},"end":{}}],"line":821},"78":{"loc":{"start":{"line":831,"column":38},"end":{"line":831,"column":78}},"type":"binary-expr","locations":[{"start":{"line":831,"column":38},"end":{"line":831,"column":51}},{"start":{"line":831,"column":55},"end":{"line":831,"column":78}}],"line":831},"79":{"loc":{"start":{"line":860,"column":8},"end":{"line":862,"column":9}},"type":"if","locations":[{"start":{"line":860,"column":8},"end":{"line":862,"column":9}},{"start":{},"end":{}}],"line":860},"80":{"loc":{"start":{"line":871,"column":38},"end":{"line":871,"column":78}},"type":"binary-expr","locations":[{"start":{"line":871,"column":38},"end":{"line":871,"column":51}},{"start":{"line":871,"column":55},"end":{"line":871,"column":78}}],"line":871},"81":{"loc":{"start":{"line":886,"column":49},"end":{"line":886,"column":89}},"type":"binary-expr","locations":[{"start":{"line":886,"column":49},"end":{"line":886,"column":62}},{"start":{"line":886,"column":66},"end":{"line":886,"column":89}}],"line":886},"82":{"loc":{"start":{"line":901,"column":49},"end":{"line":901,"column":89}},"type":"binary-expr","locations":[{"start":{"line":901,"column":49},"end":{"line":901,"column":62}},{"start":{"line":901,"column":66},"end":{"line":901,"column":89}}],"line":901},"83":{"loc":{"start":{"line":919,"column":8},"end":{"line":921,"column":9}},"type":"if","locations":[{"start":{"line":919,"column":8},"end":{"line":921,"column":9}},{"start":{},"end":{}}],"line":919},"84":{"loc":{"start":{"line":930,"column":38},"end":{"line":930,"column":78}},"type":"binary-expr","locations":[{"start":{"line":930,"column":38},"end":{"line":930,"column":51}},{"start":{"line":930,"column":55},"end":{"line":930,"column":78}}],"line":930},"85":{"loc":{"start":{"line":949,"column":8},"end":{"line":951,"column":9}},"type":"if","locations":[{"start":{"line":949,"column":8},"end":{"line":951,"column":9}},{"start":{},"end":{}}],"line":949},"86":{"loc":{"start":{"line":958,"column":49},"end":{"line":958,"column":89}},"type":"binary-expr","locations":[{"start":{"line":958,"column":49},"end":{"line":958,"column":62}},{"start":{"line":958,"column":66},"end":{"line":958,"column":89}}],"line":958},"87":{"loc":{"start":{"line":974,"column":36},"end":{"line":974,"column":76}},"type":"binary-expr","locations":[{"start":{"line":974,"column":36},"end":{"line":974,"column":49}},{"start":{"line":974,"column":53},"end":{"line":974,"column":76}}],"line":974},"88":{"loc":{"start":{"line":988,"column":38},"end":{"line":988,"column":78}},"type":"binary-expr","locations":[{"start":{"line":988,"column":38},"end":{"line":988,"column":51}},{"start":{"line":988,"column":55},"end":{"line":988,"column":78}}],"line":988},"89":{"loc":{"start":{"line":995,"column":4},"end":{"line":997,"column":5}},"type":"if","locations":[{"start":{"line":995,"column":4},"end":{"line":997,"column":5}},{"start":{},"end":{}}],"line":995},"90":{"loc":{"start":{"line":995,"column":8},"end":{"line":995,"column":61}},"type":"binary-expr","locations":[{"start":{"line":995,"column":8},"end":{"line":995,"column":19}},{"start":{"line":995,"column":23},"end":{"line":995,"column":33}},{"start":{"line":995,"column":37},"end":{"line":995,"column":47}},{"start":{"line":995,"column":51},"end":{"line":995,"column":61}}],"line":995},"91":{"loc":{"start":{"line":1005,"column":38},"end":{"line":1005,"column":78}},"type":"binary-expr","locations":[{"start":{"line":1005,"column":38},"end":{"line":1005,"column":51}},{"start":{"line":1005,"column":55},"end":{"line":1005,"column":78}}],"line":1005},"92":{"loc":{"start":{"line":1013,"column":4},"end":{"line":1015,"column":5}},"type":"if","locations":[{"start":{"line":1013,"column":4},"end":{"line":1015,"column":5}},{"start":{},"end":{}}],"line":1013},"93":{"loc":{"start":{"line":1013,"column":8},"end":{"line":1013,"column":37}},"type":"binary-expr","locations":[{"start":{"line":1013,"column":8},"end":{"line":1013,"column":23}},{"start":{"line":1013,"column":27},"end":{"line":1013,"column":37}}],"line":1013},"94":{"loc":{"start":{"line":1023,"column":38},"end":{"line":1023,"column":78}},"type":"binary-expr","locations":[{"start":{"line":1023,"column":38},"end":{"line":1023,"column":51}},{"start":{"line":1023,"column":55},"end":{"line":1023,"column":78}}],"line":1023},"95":{"loc":{"start":{"line":1031,"column":4},"end":{"line":1033,"column":5}},"type":"if","locations":[{"start":{"line":1031,"column":4},"end":{"line":1033,"column":5}},{"start":{},"end":{}}],"line":1031},"96":{"loc":{"start":{"line":1031,"column":8},"end":{"line":1031,"column":37}},"type":"binary-expr","locations":[{"start":{"line":1031,"column":8},"end":{"line":1031,"column":23}},{"start":{"line":1031,"column":27},"end":{"line":1031,"column":37}}],"line":1031},"97":{"loc":{"start":{"line":1041,"column":38},"end":{"line":1041,"column":78}},"type":"binary-expr","locations":[{"start":{"line":1041,"column":38},"end":{"line":1041,"column":51}},{"start":{"line":1041,"column":55},"end":{"line":1041,"column":78}}],"line":1041},"98":{"loc":{"start":{"line":1048,"column":4},"end":{"line":1050,"column":5}},"type":"if","locations":[{"start":{"line":1048,"column":4},"end":{"line":1050,"column":5}},{"start":{},"end":{}}],"line":1048},"99":{"loc":{"start":{"line":1048,"column":8},"end":{"line":1048,"column":43}},"type":"binary-expr","locations":[{"start":{"line":1048,"column":8},"end":{"line":1048,"column":24}},{"start":{"line":1048,"column":28},"end":{"line":1048,"column":43}}],"line":1048},"100":{"loc":{"start":{"line":1058,"column":38},"end":{"line":1058,"column":76}},"type":"binary-expr","locations":[{"start":{"line":1058,"column":38},"end":{"line":1058,"column":49}},{"start":{"line":1058,"column":53},"end":{"line":1058,"column":76}}],"line":1058}},"s":{"0":1,"1":1,"2":1,"3":1,"4":1,"5":0,"6":0,"7":1,"8":1,"9":1,"10":0,"11":0,"12":0,"13":0,"14":0,"15":0,"16":0,"17":0,"18":0,"19":0,"20":0,"21":1,"22":1,"23":1,"24":1,"25":1,"26":0,"27":1,"28":0,"29":1,"30":1,"31":0,"32":0,"33":0,"34":1,"35":1,"36":0,"37":0,"38":1,"39":0,"40":0,"41":0,"42":0,"43":0,"44":1,"45":1,"46":1,"47":1,"48":1,"49":1,"50":1,"51":1,"52":1,"53":1,"54":1,"55":1,"56":1,"57":1,"58":1,"59":1,"60":1,"61":1,"62":1,"63":0,"64":0,"65":0,"66":0,"67":0,"68":1,"69":2,"70":2,"71":1,"72":1,"73":1,"74":1,"75":1,"76":1,"77":0,"78":1,"79":0,"80":0,"81":0,"82":0,"83":1,"84":0,"85":0,"86":0,"87":0,"88":1,"89":0,"90":0,"91":0,"92":0,"93":0,"94":1,"95":0,"96":0,"97":0,"98":0,"99":1,"100":0,"101":0,"102":1,"103":0,"104":0,"105":1,"106":0,"107":0,"108":1,"109":0,"110":0,"111":1,"112":0,"113":0,"114":0,"115":0,"116":1,"117":0,"118":0,"119":0,"120":0,"121":1,"122":0,"123":0,"124":0,"125":0,"126":1,"127":0,"128":0,"129":0,"130":0,"131":0,"132":1,"133":0,"134":0,"135":1,"136":1,"137":1,"138":1,"139":0,"140":0,"141":0,"142":0,"143":1,"144":0,"145":0,"146":0,"147":0,"148":1,"149":0,"150":0,"151":0,"152":0,"153":0,"154":0,"155":0,"156":0,"157":0,"158":0,"159":0,"160":1,"161":0,"162":0,"163":0,"164":0,"165":0,"166":0,"167":0,"168":0,"169":0,"170":0,"171":0,"172":1,"173":0,"174":0,"175":0,"176":0,"177":0,"178":0,"179":0,"180":0,"181":0,"182":0,"183":0,"184":0,"185":1,"186":0,"187":0,"188":0,"189":0,"190":0,"191":0,"192":0,"193":1,"194":0,"195":0,"196":0,"197":0,"198":0,"199":0,"200":0,"201":0,"202":0,"203":0,"204":0,"205":1,"206":0,"207":0,"208":0,"209":0,"210":0,"211":0,"212":0,"213":0,"214":0,"215":0,"216":0,"217":0,"218":1,"219":3,"220":3,"221":2,"222":1,"223":1,"224":0,"225":0,"226":0,"227":1,"228":1,"229":1,"230":1,"231":0,"232":1,"233":1,"234":1,"235":1,"236":1,"237":0,"238":1,"239":0,"240":0,"241":0,"242":0,"243":0,"244":0,"245":0,"246":0,"247":0,"248":1,"249":0,"250":0,"251":0,"252":0,"253":0,"254":0,"255":0,"256":1,"257":0,"258":0,"259":0,"260":0,"261":0,"262":0,"263":0,"264":0,"265":0,"266":1,"267":0,"268":0,"269":0,"270":0,"271":0,"272":0,"273":0,"274":1,"275":0,"276":0,"277":0,"278":0,"279":0,"280":0,"281":0,"282":1,"283":0,"284":0,"285":0,"286":0,"287":0,"288":0,"289":0,"290":0,"291":0,"292":1,"293":0,"294":0,"295":0,"296":0,"297":0,"298":0,"299":0,"300":0,"301":0,"302":0,"303":0,"304":0,"305":1,"306":0,"307":0,"308":0,"309":0,"310":0,"311":0,"312":0,"313":0,"314":0,"315":1,"316":0,"317":0,"318":0,"319":0,"320":0,"321":0,"322":0,"323":0,"324":0,"325":0,"326":1,"327":0,"328":0,"329":0,"330":0,"331":0,"332":0,"333":0,"334":0,"335":0,"336":1,"337":0,"338":0,"339":0,"340":0,"341":0,"342":0,"343":0,"344":0,"345":0,"346":0,"347":0,"348":0,"349":0,"350":0,"351":0,"352":1,"353":0,"354":0,"355":0,"356":0,"357":0,"358":0,"359":0,"360":0,"361":0,"362":0,"363":0,"364":0,"365":0,"366":0,"367":0,"368":0,"369":0,"370":0,"371":0,"372":0,"373":1,"374":0,"375":0,"376":0,"377":0,"378":0,"379":0,"380":0,"381":0,"382":0,"383":1,"384":0,"385":0,"386":0,"387":0,"388":0,"389":0,"390":0,"391":0,"392":0,"393":1,"394":0,"395":0,"396":0,"397":0,"398":0,"399":0,"400":0,"401":0,"402":0,"403":0,"404":0,"405":0,"406":1,"407":0,"408":0,"409":0,"410":0,"411":0,"412":0,"413":0,"414":0,"415":0,"416":1,"417":0,"418":0,"419":0,"420":0,"421":0,"422":0,"423":1,"424":0,"425":0,"426":0,"427":0,"428":0,"429":0,"430":0,"431":0,"432":0,"433":1,"434":0,"435":0,"436":0,"437":0,"438":0,"439":0,"440":0,"441":0,"442":0,"443":0,"444":0,"445":0,"446":0,"447":0,"448":1,"449":0,"450":0,"451":0,"452":0,"453":0,"454":0,"455":0,"456":0,"457":1,"458":0,"459":0,"460":0,"461":0,"462":0,"463":0,"464":0,"465":0,"466":1,"467":0,"468":0,"469":0,"470":0,"471":0,"472":0,"473":0,"474":0,"475":0,"476":0,"477":0,"478":0,"479":0,"480":0,"481":1,"482":0,"483":0,"484":0,"485":0,"486":0,"487":0,"488":0,"489":0,"490":0,"491":0,"492":0,"493":0,"494":0,"495":1,"496":0,"497":0,"498":0,"499":0,"500":0,"501":0,"502":0,"503":0,"504":0,"505":1,"506":0,"507":0,"508":0,"509":0,"510":0,"511":0,"512":1,"513":0,"514":0,"515":0,"516":0,"517":0,"518":0,"519":0,"520":0,"521":0,"522":1,"523":0,"524":0,"525":0,"526":0,"527":0,"528":0,"529":0,"530":0,"531":0,"532":1,"533":0,"534":0,"535":0,"536":0,"537":0,"538":0,"539":0,"540":0,"541":0,"542":1,"543":0,"544":0,"545":0,"546":0,"547":0,"548":0,"549":0,"550":0,"551":0,"552":1,"553":0,"554":0,"555":0,"556":0},"f":{"0":0,"1":0,"2":0,"3":0,"4":0,"5":1,"6":1,"7":0,"8":0,"9":0,"10":0,"11":1,"12":1,"13":1,"14":1,"15":0,"16":2,"17":0,"18":0,"19":0,"20":0,"21":0,"22":0,"23":0,"24":0,"25":0,"26":0,"27":0,"28":0,"29":0,"30":1,"31":0,"32":0,"33":0,"34":0,"35":0,"36":0,"37":0,"38":0,"39":3,"40":1,"41":0,"42":0,"43":0,"44":0,"45":0,"46":0,"47":0,"48":0,"49":0,"50":0,"51":0,"52":0,"53":0,"54":0,"55":0,"56":0,"57":0,"58":0,"59":0,"60":0,"61":0,"62":0,"63":0,"64":0,"65":0,"66":0,"67":0,"68":0,"69":0,"70":0,"71":0,"72":0,"73":0},"b":{"0":[0,1],"1":[0,1],"2":[1,1],"3":[0,0],"4":[0,0],"5":[0,0],"6":[0,0],"7":[0,0],"8":[0,0],"9":[0,0],"10":[0,0],"11":[0,0],"12":[0,0],"13":[0,0],"14":[0,0],"15":[0,0],"16":[0,0],"17":[0,0],"18":[0,0],"19":[0,0],"20":[0,0],"21":[0,0,0,0,0,0,0,0],"22":[0,0],"23":[0,0],"24":[0,0,0,0,0,0,0,0],"25":[0,0],"26":[2,1],"27":[1,0],"28":[0,1],"29":[1,1,1],"30":[0,0],"31":[0,0,0,0,0,0],"32":[0,0],"33":[0,0],"34":[0,0],"35":[0,0],"36":[0,0,0,0],"37":[0,0],"38":[0,0],"39":[0,0],"40":[0,0],"41":[0,0],"42":[0,0],"43":[0,0,0,0,0,0,0],"44":[0,0],"45":[0,0],"46":[0,0,0,0,0,0,0,0],"47":[0,0],"48":[0,0],"49":[0,0],"50":[0,0],"51":[0,0],"52":[0,0],"53":[0,0],"54":[0,0],"55":[0,0],"56":[0,0],"57":[0,0,0,0,0],"58":[0,0],"59":[0,0],"60":[0,0],"61":[0,0],"62":[0,0],"63":[0,0],"64":[0,0],"65":[0,0],"66":[0,0],"67":[0,0],"68":[0,0],"69":[0,0],"70":[0,0],"71":[0,0],"72":[0,0],"73":[0,0],"74":[0,0],"75":[0,0],"76":[0,0],"77":[0,0],"78":[0,0],"79":[0,0],"80":[0,0],"81":[0,0],"82":[0,0],"83":[0,0],"84":[0,0],"85":[0,0],"86":[0,0],"87":[0,0],"88":[0,0],"89":[0,0],"90":[0,0,0,0],"91":[0,0],"92":[0,0],"93":[0,0],"94":[0,0],"95":[0,0],"96":[0,0],"97":[0,0],"98":[0,0],"99":[0,0],"100":[0,0]},"_coverageSchema":"1a1c01bbd47fc00a2c39e90264f33305004495a9","hash":"621ae12dc791128d1d647e94adca2381157cef24"}
}
