{"/Users/fardbook/Desktop/Courses/NJIT Classes/CS490/GROUP_PROJECT/CS490-GP-Backend/backend/PrimeWell_db.js": {"path":"/Users/fardbook/Desktop/Courses/NJIT Classes/CS490/GROUP_PROJECT/CS490-GP-Backend/backend/PrimeWell_db.js","statementMap":{"0":{"start":{"line":3,"column":0},"end":{"line":3,"column":15}},"1":{"start":{"line":6,"column":13},"end":{"line":12,"column":12}},"2":{"start":{"line":20,"column":4},"end":{"line":27,"column":5}},"3":{"start":{"line":21,"column":25},"end":{"line":21,"column":118}},"4":{"start":{"line":22,"column":4},"end":{"line":22,"column":24}},"5":{"start":{"line":25,"column":8},"end":{"line":25,"column":57}},"6":{"start":{"line":26,"column":8},"end":{"line":26,"column":17}},"7":{"start":{"line":32,"column":4},"end":{"line":39,"column":5}},"8":{"start":{"line":33,"column":25},"end":{"line":33,"column":97}},"9":{"start":{"line":34,"column":4},"end":{"line":34,"column":21}},"10":{"start":{"line":37,"column":8},"end":{"line":37,"column":57}},"11":{"start":{"line":38,"column":8},"end":{"line":38,"column":17}},"12":{"start":{"line":44,"column":4},"end":{"line":51,"column":5}},"13":{"start":{"line":45,"column":25},"end":{"line":45,"column":95}},"14":{"start":{"line":46,"column":4},"end":{"line":46,"column":21}},"15":{"start":{"line":49,"column":8},"end":{"line":49,"column":56}},"16":{"start":{"line":50,"column":8},"end":{"line":50,"column":17}},"17":{"start":{"line":56,"column":4},"end":{"line":63,"column":5}},"18":{"start":{"line":57,"column":25},"end":{"line":57,"column":94}},"19":{"start":{"line":58,"column":4},"end":{"line":58,"column":21}},"20":{"start":{"line":61,"column":8},"end":{"line":61,"column":58}},"21":{"start":{"line":62,"column":8},"end":{"line":62,"column":17}},"22":{"start":{"line":67,"column":4},"end":{"line":77,"column":5}},"23":{"start":{"line":68,"column":25},"end":{"line":71,"column":37}},"24":{"start":{"line":72,"column":4},"end":{"line":72,"column":24}},"25":{"start":{"line":75,"column":8},"end":{"line":75,"column":64}},"26":{"start":{"line":76,"column":8},"end":{"line":76,"column":17}},"27":{"start":{"line":81,"column":4},"end":{"line":88,"column":5}},"28":{"start":{"line":82,"column":25},"end":{"line":82,"column":125}},"29":{"start":{"line":83,"column":4},"end":{"line":83,"column":21}},"30":{"start":{"line":86,"column":8},"end":{"line":86,"column":56}},"31":{"start":{"line":87,"column":8},"end":{"line":87,"column":17}},"32":{"start":{"line":92,"column":4},"end":{"line":99,"column":5}},"33":{"start":{"line":93,"column":25},"end":{"line":93,"column":157}},"34":{"start":{"line":94,"column":4},"end":{"line":94,"column":24}},"35":{"start":{"line":97,"column":8},"end":{"line":97,"column":60}},"36":{"start":{"line":98,"column":8},"end":{"line":98,"column":17}},"37":{"start":{"line":103,"column":4},"end":{"line":113,"column":5}},"38":{"start":{"line":104,"column":25},"end":{"line":107,"column":50}},"39":{"start":{"line":108,"column":4},"end":{"line":108,"column":21}},"40":{"start":{"line":111,"column":8},"end":{"line":111,"column":65}},"41":{"start":{"line":112,"column":8},"end":{"line":112,"column":17}},"42":{"start":{"line":117,"column":4},"end":{"line":124,"column":5}},"43":{"start":{"line":118,"column":25},"end":{"line":118,"column":136}},"44":{"start":{"line":119,"column":4},"end":{"line":119,"column":24}},"45":{"start":{"line":122,"column":8},"end":{"line":122,"column":54}},"46":{"start":{"line":123,"column":8},"end":{"line":123,"column":17}},"47":{"start":{"line":129,"column":22},"end":{"line":129,"column":100}},"48":{"start":{"line":130,"column":4},"end":{"line":132,"column":5}},"49":{"start":{"line":131,"column":8},"end":{"line":131,"column":46}},"50":{"start":{"line":134,"column":4},"end":{"line":150,"column":5}},"51":{"start":{"line":135,"column":27},"end":{"line":135,"column":166}},"52":{"start":{"line":136,"column":29},"end":{"line":136,"column":133}},"53":{"start":{"line":138,"column":26},"end":{"line":138,"column":55}},"54":{"start":{"line":139,"column":28},"end":{"line":139,"column":64}},"55":{"start":{"line":139,"column":50},"end":{"line":139,"column":63}},"56":{"start":{"line":143,"column":31},"end":{"line":143,"column":84}},"57":{"start":{"line":143,"column":56},"end":{"line":143,"column":83}},"58":{"start":{"line":146,"column":8},"end":{"line":146,"column":29}},"59":{"start":{"line":148,"column":8},"end":{"line":148,"column":60}},"60":{"start":{"line":149,"column":8},"end":{"line":149,"column":17}},"61":{"start":{"line":154,"column":4},"end":{"line":161,"column":5}},"62":{"start":{"line":155,"column":25},"end":{"line":155,"column":117}},"63":{"start":{"line":156,"column":4},"end":{"line":156,"column":21}},"64":{"start":{"line":159,"column":8},"end":{"line":159,"column":55}},"65":{"start":{"line":160,"column":8},"end":{"line":160,"column":17}},"66":{"start":{"line":165,"column":4},"end":{"line":172,"column":5}},"67":{"start":{"line":166,"column":25},"end":{"line":166,"column":109}},"68":{"start":{"line":167,"column":4},"end":{"line":167,"column":21}},"69":{"start":{"line":170,"column":8},"end":{"line":170,"column":50}},"70":{"start":{"line":171,"column":8},"end":{"line":171,"column":17}},"71":{"start":{"line":176,"column":4},"end":{"line":183,"column":5}},"72":{"start":{"line":177,"column":25},"end":{"line":177,"column":109}},"73":{"start":{"line":178,"column":4},"end":{"line":178,"column":21}},"74":{"start":{"line":181,"column":8},"end":{"line":181,"column":50}},"75":{"start":{"line":182,"column":8},"end":{"line":182,"column":17}},"76":{"start":{"line":187,"column":4},"end":{"line":194,"column":5}},"77":{"start":{"line":188,"column":25},"end":{"line":188,"column":124}},"78":{"start":{"line":189,"column":4},"end":{"line":189,"column":21}},"79":{"start":{"line":192,"column":8},"end":{"line":192,"column":50}},"80":{"start":{"line":193,"column":8},"end":{"line":193,"column":17}},"81":{"start":{"line":198,"column":4},"end":{"line":205,"column":5}},"82":{"start":{"line":199,"column":25},"end":{"line":199,"column":152}},"83":{"start":{"line":200,"column":4},"end":{"line":200,"column":21}},"84":{"start":{"line":203,"column":8},"end":{"line":203,"column":54}},"85":{"start":{"line":204,"column":8},"end":{"line":204,"column":17}},"86":{"start":{"line":209,"column":4},"end":{"line":216,"column":5}},"87":{"start":{"line":210,"column":25},"end":{"line":210,"column":195}},"88":{"start":{"line":211,"column":4},"end":{"line":211,"column":21}},"89":{"start":{"line":214,"column":8},"end":{"line":214,"column":63}},"90":{"start":{"line":215,"column":8},"end":{"line":215,"column":17}},"91":{"start":{"line":220,"column":4},"end":{"line":227,"column":5}},"92":{"start":{"line":221,"column":25},"end":{"line":221,"column":103}},"93":{"start":{"line":222,"column":4},"end":{"line":222,"column":21}},"94":{"start":{"line":225,"column":8},"end":{"line":225,"column":53}},"95":{"start":{"line":226,"column":8},"end":{"line":226,"column":17}},"96":{"start":{"line":231,"column":4},"end":{"line":240,"column":5}},"97":{"start":{"line":232,"column":25},"end":{"line":234,"column":124}},"98":{"start":{"line":235,"column":4},"end":{"line":235,"column":21}},"99":{"start":{"line":238,"column":8},"end":{"line":238,"column":56}},"100":{"start":{"line":239,"column":8},"end":{"line":239,"column":17}},"101":{"start":{"line":244,"column":4},"end":{"line":251,"column":5}},"102":{"start":{"line":245,"column":25},"end":{"line":245,"column":314}},"103":{"start":{"line":246,"column":4},"end":{"line":246,"column":21}},"104":{"start":{"line":249,"column":8},"end":{"line":249,"column":53}},"105":{"start":{"line":250,"column":8},"end":{"line":250,"column":17}},"106":{"start":{"line":255,"column":4},"end":{"line":265,"column":5}},"107":{"start":{"line":256,"column":25},"end":{"line":258,"column":138}},"108":{"start":{"line":260,"column":4},"end":{"line":260,"column":21}},"109":{"start":{"line":263,"column":8},"end":{"line":263,"column":52}},"110":{"start":{"line":264,"column":8},"end":{"line":264,"column":17}},"111":{"start":{"line":269,"column":4},"end":{"line":279,"column":5}},"112":{"start":{"line":270,"column":25},"end":{"line":273,"column":17}},"113":{"start":{"line":274,"column":4},"end":{"line":274,"column":21}},"114":{"start":{"line":277,"column":8},"end":{"line":277,"column":52}},"115":{"start":{"line":278,"column":8},"end":{"line":278,"column":17}},"116":{"start":{"line":283,"column":4},"end":{"line":292,"column":5}},"117":{"start":{"line":284,"column":25},"end":{"line":286,"column":95}},"118":{"start":{"line":287,"column":4},"end":{"line":287,"column":21}},"119":{"start":{"line":290,"column":8},"end":{"line":290,"column":61}},"120":{"start":{"line":291,"column":8},"end":{"line":291,"column":17}},"121":{"start":{"line":296,"column":4},"end":{"line":305,"column":5}},"122":{"start":{"line":297,"column":25},"end":{"line":299,"column":99}},"123":{"start":{"line":300,"column":4},"end":{"line":300,"column":21}},"124":{"start":{"line":303,"column":8},"end":{"line":303,"column":56}},"125":{"start":{"line":304,"column":8},"end":{"line":304,"column":17}},"126":{"start":{"line":310,"column":4},"end":{"line":317,"column":5}},"127":{"start":{"line":311,"column":25},"end":{"line":311,"column":185}},"128":{"start":{"line":312,"column":4},"end":{"line":312,"column":21}},"129":{"start":{"line":315,"column":8},"end":{"line":315,"column":59}},"130":{"start":{"line":316,"column":8},"end":{"line":316,"column":17}},"131":{"start":{"line":321,"column":4},"end":{"line":328,"column":5}},"132":{"start":{"line":322,"column":25},"end":{"line":322,"column":148}},"133":{"start":{"line":323,"column":4},"end":{"line":323,"column":21}},"134":{"start":{"line":326,"column":8},"end":{"line":326,"column":71}},"135":{"start":{"line":327,"column":8},"end":{"line":327,"column":17}},"136":{"start":{"line":332,"column":4},"end":{"line":339,"column":5}},"137":{"start":{"line":333,"column":25},"end":{"line":333,"column":149}},"138":{"start":{"line":334,"column":4},"end":{"line":334,"column":21}},"139":{"start":{"line":337,"column":8},"end":{"line":337,"column":59}},"140":{"start":{"line":338,"column":8},"end":{"line":338,"column":17}},"141":{"start":{"line":344,"column":4},"end":{"line":351,"column":5}},"142":{"start":{"line":345,"column":29},"end":{"line":346,"column":163}},"143":{"start":{"line":347,"column":8},"end":{"line":347,"column":25}},"144":{"start":{"line":349,"column":8},"end":{"line":349,"column":70}},"145":{"start":{"line":350,"column":8},"end":{"line":350,"column":17}},"146":{"start":{"line":355,"column":4},"end":{"line":366,"column":5}},"147":{"start":{"line":356,"column":25},"end":{"line":360,"column":63}},"148":{"start":{"line":361,"column":4},"end":{"line":361,"column":21}},"149":{"start":{"line":364,"column":8},"end":{"line":364,"column":53}},"150":{"start":{"line":365,"column":8},"end":{"line":365,"column":17}},"151":{"start":{"line":370,"column":4},"end":{"line":377,"column":5}},"152":{"start":{"line":371,"column":29},"end":{"line":372,"column":58}},"153":{"start":{"line":373,"column":8},"end":{"line":373,"column":25}},"154":{"start":{"line":375,"column":8},"end":{"line":375,"column":54}},"155":{"start":{"line":376,"column":8},"end":{"line":376,"column":17}},"156":{"start":{"line":382,"column":4},"end":{"line":392,"column":5}},"157":{"start":{"line":383,"column":25},"end":{"line":386,"column":45}},"158":{"start":{"line":387,"column":8},"end":{"line":387,"column":25}},"159":{"start":{"line":390,"column":8},"end":{"line":390,"column":65}},"160":{"start":{"line":391,"column":8},"end":{"line":391,"column":17}},"161":{"start":{"line":397,"column":4},"end":{"line":408,"column":5}},"162":{"start":{"line":398,"column":25},"end":{"line":402,"column":12}},"163":{"start":{"line":403,"column":4},"end":{"line":403,"column":21}},"164":{"start":{"line":406,"column":8},"end":{"line":406,"column":64}},"165":{"start":{"line":407,"column":8},"end":{"line":407,"column":17}},"166":{"start":{"line":413,"column":4},"end":{"line":420,"column":5}},"167":{"start":{"line":414,"column":25},"end":{"line":414,"column":143}},"168":{"start":{"line":415,"column":4},"end":{"line":415,"column":21}},"169":{"start":{"line":418,"column":8},"end":{"line":418,"column":65}},"170":{"start":{"line":419,"column":8},"end":{"line":419,"column":17}},"171":{"start":{"line":425,"column":4},"end":{"line":432,"column":5}},"172":{"start":{"line":426,"column":25},"end":{"line":426,"column":143}},"173":{"start":{"line":427,"column":4},"end":{"line":427,"column":21}},"174":{"start":{"line":430,"column":8},"end":{"line":430,"column":64}},"175":{"start":{"line":431,"column":8},"end":{"line":431,"column":17}},"176":{"start":{"line":437,"column":4},"end":{"line":444,"column":5}},"177":{"start":{"line":438,"column":25},"end":{"line":438,"column":145}},"178":{"start":{"line":439,"column":4},"end":{"line":439,"column":21}},"179":{"start":{"line":442,"column":8},"end":{"line":442,"column":66}},"180":{"start":{"line":443,"column":8},"end":{"line":443,"column":17}},"181":{"start":{"line":449,"column":4},"end":{"line":456,"column":5}},"182":{"start":{"line":450,"column":25},"end":{"line":450,"column":167}},"183":{"start":{"line":451,"column":4},"end":{"line":451,"column":21}},"184":{"start":{"line":454,"column":8},"end":{"line":454,"column":58}},"185":{"start":{"line":455,"column":8},"end":{"line":455,"column":17}},"186":{"start":{"line":461,"column":4},"end":{"line":470,"column":5}},"187":{"start":{"line":462,"column":25},"end":{"line":464,"column":5}},"188":{"start":{"line":465,"column":4},"end":{"line":465,"column":24}},"189":{"start":{"line":468,"column":8},"end":{"line":468,"column":57}},"190":{"start":{"line":469,"column":8},"end":{"line":469,"column":17}},"191":{"start":{"line":474,"column":4},"end":{"line":483,"column":5}},"192":{"start":{"line":475,"column":25},"end":{"line":477,"column":5}},"193":{"start":{"line":478,"column":4},"end":{"line":478,"column":24}},"194":{"start":{"line":481,"column":8},"end":{"line":481,"column":56}},"195":{"start":{"line":482,"column":8},"end":{"line":482,"column":17}},"196":{"start":{"line":487,"column":4},"end":{"line":497,"column":5}},"197":{"start":{"line":488,"column":25},"end":{"line":490,"column":5}},"198":{"start":{"line":491,"column":4},"end":{"line":491,"column":27}},"199":{"start":{"line":492,"column":4},"end":{"line":492,"column":24}},"200":{"start":{"line":495,"column":8},"end":{"line":495,"column":58}},"201":{"start":{"line":496,"column":8},"end":{"line":496,"column":17}},"202":{"start":{"line":501,"column":4},"end":{"line":508,"column":5}},"203":{"start":{"line":502,"column":29},"end":{"line":503,"column":121}},"204":{"start":{"line":504,"column":8},"end":{"line":504,"column":25}},"205":{"start":{"line":506,"column":8},"end":{"line":506,"column":24}},"206":{"start":{"line":507,"column":8},"end":{"line":507,"column":17}},"207":{"start":{"line":512,"column":4},"end":{"line":521,"column":5}},"208":{"start":{"line":513,"column":25},"end":{"line":514,"column":18}},"209":{"start":{"line":515,"column":4},"end":{"line":515,"column":27}},"210":{"start":{"line":516,"column":4},"end":{"line":516,"column":21}},"211":{"start":{"line":519,"column":8},"end":{"line":519,"column":61}},"212":{"start":{"line":520,"column":8},"end":{"line":520,"column":17}},"213":{"start":{"line":545,"column":4},"end":{"line":554,"column":5}},"214":{"start":{"line":546,"column":20},"end":{"line":548,"column":34}},"215":{"start":{"line":549,"column":4},"end":{"line":549,"column":16}},"216":{"start":{"line":552,"column":8},"end":{"line":552,"column":56}},"217":{"start":{"line":553,"column":8},"end":{"line":553,"column":17}},"218":{"start":{"line":558,"column":4},"end":{"line":567,"column":5}},"219":{"start":{"line":559,"column":34},"end":{"line":561,"column":54}},"220":{"start":{"line":562,"column":4},"end":{"line":562,"column":30}},"221":{"start":{"line":565,"column":8},"end":{"line":565,"column":52}},"222":{"start":{"line":566,"column":8},"end":{"line":566,"column":17}},"223":{"start":{"line":571,"column":4},"end":{"line":582,"column":5}},"224":{"start":{"line":572,"column":34},"end":{"line":574,"column":83}},"225":{"start":{"line":575,"column":19},"end":{"line":575,"column":149}},"226":{"start":{"line":576,"column":4},"end":{"line":576,"column":36}},"227":{"start":{"line":577,"column":4},"end":{"line":577,"column":18}},"228":{"start":{"line":580,"column":8},"end":{"line":580,"column":52}},"229":{"start":{"line":581,"column":8},"end":{"line":581,"column":17}},"230":{"start":{"line":586,"column":4},"end":{"line":599,"column":5}},"231":{"start":{"line":587,"column":33},"end":{"line":589,"column":82}},"232":{"start":{"line":591,"column":4},"end":{"line":591,"column":35}},"233":{"start":{"line":592,"column":19},"end":{"line":592,"column":145}},"234":{"start":{"line":593,"column":4},"end":{"line":593,"column":33}},"235":{"start":{"line":594,"column":4},"end":{"line":594,"column":18}},"236":{"start":{"line":597,"column":8},"end":{"line":597,"column":51}},"237":{"start":{"line":598,"column":8},"end":{"line":598,"column":17}},"238":{"start":{"line":603,"column":4},"end":{"line":614,"column":5}},"239":{"start":{"line":604,"column":38},"end":{"line":608,"column":41}},"240":{"start":{"line":609,"column":4},"end":{"line":609,"column":34}},"241":{"start":{"line":612,"column":8},"end":{"line":612,"column":57}},"242":{"start":{"line":613,"column":8},"end":{"line":613,"column":17}},"243":{"start":{"line":618,"column":4},"end":{"line":625,"column":5}},"244":{"start":{"line":619,"column":38},"end":{"line":619,"column":159}},"245":{"start":{"line":620,"column":4},"end":{"line":620,"column":34}},"246":{"start":{"line":623,"column":8},"end":{"line":623,"column":60}},"247":{"start":{"line":624,"column":8},"end":{"line":624,"column":17}},"248":{"start":{"line":629,"column":4},"end":{"line":648,"column":7}},"249":{"start":{"line":630,"column":32},"end":{"line":630,"column":58}},"250":{"start":{"line":631,"column":39},"end":{"line":634,"column":68}},"251":{"start":{"line":636,"column":8},"end":{"line":636,"column":60}},"252":{"start":{"line":638,"column":23},"end":{"line":641,"column":9}},"253":{"start":{"line":642,"column":8},"end":{"line":642,"column":43}},"254":{"start":{"line":644,"column":8},"end":{"line":644,"column":23}},"255":{"start":{"line":646,"column":8},"end":{"line":646,"column":55}},"256":{"start":{"line":647,"column":8},"end":{"line":647,"column":18}},"257":{"start":{"line":652,"column":4},"end":{"line":661,"column":5}},"258":{"start":{"line":653,"column":31},"end":{"line":655,"column":42}},"259":{"start":{"line":656,"column":4},"end":{"line":656,"column":27}},"260":{"start":{"line":659,"column":8},"end":{"line":659,"column":49}},"261":{"start":{"line":660,"column":8},"end":{"line":660,"column":17}},"262":{"start":{"line":665,"column":4},"end":{"line":674,"column":5}},"263":{"start":{"line":666,"column":35},"end":{"line":668,"column":86}},"264":{"start":{"line":669,"column":4},"end":{"line":669,"column":31}},"265":{"start":{"line":672,"column":8},"end":{"line":672,"column":53}},"266":{"start":{"line":673,"column":8},"end":{"line":673,"column":17}},"267":{"start":{"line":678,"column":4},"end":{"line":687,"column":5}},"268":{"start":{"line":679,"column":35},"end":{"line":681,"column":29}},"269":{"start":{"line":682,"column":4},"end":{"line":682,"column":31}},"270":{"start":{"line":685,"column":8},"end":{"line":685,"column":53}},"271":{"start":{"line":686,"column":8},"end":{"line":686,"column":17}},"272":{"start":{"line":691,"column":4},"end":{"line":700,"column":5}},"273":{"start":{"line":692,"column":32},"end":{"line":694,"column":44}},"274":{"start":{"line":695,"column":4},"end":{"line":695,"column":28}},"275":{"start":{"line":698,"column":8},"end":{"line":698,"column":55}},"276":{"start":{"line":699,"column":8},"end":{"line":699,"column":17}},"277":{"start":{"line":704,"column":4},"end":{"line":713,"column":5}},"278":{"start":{"line":705,"column":34},"end":{"line":707,"column":43}},"279":{"start":{"line":708,"column":4},"end":{"line":708,"column":30}},"280":{"start":{"line":711,"column":8},"end":{"line":711,"column":52}},"281":{"start":{"line":712,"column":8},"end":{"line":712,"column":17}},"282":{"start":{"line":718,"column":4},"end":{"line":725,"column":5}},"283":{"start":{"line":719,"column":31},"end":{"line":719,"column":117}},"284":{"start":{"line":720,"column":4},"end":{"line":720,"column":27}},"285":{"start":{"line":723,"column":8},"end":{"line":723,"column":53}},"286":{"start":{"line":724,"column":8},"end":{"line":724,"column":17}},"287":{"start":{"line":729,"column":4},"end":{"line":737,"column":5}},"288":{"start":{"line":730,"column":30},"end":{"line":731,"column":95}},"289":{"start":{"line":732,"column":4},"end":{"line":732,"column":26}},"290":{"start":{"line":735,"column":8},"end":{"line":735,"column":52}},"291":{"start":{"line":736,"column":8},"end":{"line":736,"column":17}},"292":{"start":{"line":741,"column":4},"end":{"line":748,"column":5}},"293":{"start":{"line":742,"column":37},"end":{"line":742,"column":189}},"294":{"start":{"line":743,"column":8},"end":{"line":743,"column":33}},"295":{"start":{"line":746,"column":8},"end":{"line":746,"column":65}},"296":{"start":{"line":747,"column":8},"end":{"line":747,"column":17}},"297":{"start":{"line":752,"column":4},"end":{"line":759,"column":5}},"298":{"start":{"line":753,"column":35},"end":{"line":754,"column":132}},"299":{"start":{"line":755,"column":8},"end":{"line":755,"column":31}},"300":{"start":{"line":757,"column":8},"end":{"line":757,"column":57}},"301":{"start":{"line":758,"column":8},"end":{"line":758,"column":17}},"302":{"start":{"line":764,"column":4},"end":{"line":770,"column":5}},"303":{"start":{"line":765,"column":35},"end":{"line":765,"column":231}},"304":{"start":{"line":766,"column":8},"end":{"line":766,"column":31}},"305":{"start":{"line":768,"column":8},"end":{"line":768,"column":58}},"306":{"start":{"line":769,"column":8},"end":{"line":769,"column":17}},"307":{"start":{"line":774,"column":4},"end":{"line":781,"column":5}},"308":{"start":{"line":775,"column":33},"end":{"line":775,"column":140}},"309":{"start":{"line":776,"column":4},"end":{"line":776,"column":29}},"310":{"start":{"line":779,"column":8},"end":{"line":779,"column":56}},"311":{"start":{"line":780,"column":8},"end":{"line":780,"column":17}},"312":{"start":{"line":785,"column":4},"end":{"line":793,"column":5}},"313":{"start":{"line":786,"column":39},"end":{"line":787,"column":87}},"314":{"start":{"line":788,"column":4},"end":{"line":788,"column":35}},"315":{"start":{"line":791,"column":8},"end":{"line":791,"column":57}},"316":{"start":{"line":792,"column":8},"end":{"line":792,"column":17}},"317":{"start":{"line":797,"column":20},"end":{"line":798,"column":74}},"318":{"start":{"line":800,"column":4},"end":{"line":802,"column":5}},"319":{"start":{"line":801,"column":8},"end":{"line":801,"column":19}},"320":{"start":{"line":803,"column":4},"end":{"line":812,"column":5}},"321":{"start":{"line":804,"column":33},"end":{"line":806,"column":51}},"322":{"start":{"line":807,"column":4},"end":{"line":807,"column":29}},"323":{"start":{"line":810,"column":8},"end":{"line":810,"column":51}},"324":{"start":{"line":811,"column":8},"end":{"line":811,"column":17}},"325":{"start":{"line":816,"column":4},"end":{"line":824,"column":5}},"326":{"start":{"line":817,"column":33},"end":{"line":818,"column":105}},"327":{"start":{"line":819,"column":4},"end":{"line":819,"column":29}},"328":{"start":{"line":822,"column":8},"end":{"line":822,"column":51}},"329":{"start":{"line":823,"column":8},"end":{"line":823,"column":17}},"330":{"start":{"line":828,"column":4},"end":{"line":836,"column":5}},"331":{"start":{"line":829,"column":34},"end":{"line":830,"column":102}},"332":{"start":{"line":831,"column":4},"end":{"line":831,"column":30}},"333":{"start":{"line":834,"column":8},"end":{"line":834,"column":52}},"334":{"start":{"line":835,"column":8},"end":{"line":835,"column":17}},"335":{"start":{"line":844,"column":4},"end":{"line":854,"column":5}},"336":{"start":{"line":845,"column":27},"end":{"line":847,"column":18}},"337":{"start":{"line":848,"column":4},"end":{"line":848,"column":57}},"338":{"start":{"line":849,"column":4},"end":{"line":849,"column":23}},"339":{"start":{"line":852,"column":8},"end":{"line":852,"column":58}},"340":{"start":{"line":853,"column":8},"end":{"line":853,"column":17}},"341":{"start":{"line":859,"column":4},"end":{"line":867,"column":5}},"342":{"start":{"line":860,"column":31},"end":{"line":862,"column":23}},"343":{"start":{"line":863,"column":8},"end":{"line":863,"column":27}},"344":{"start":{"line":865,"column":8},"end":{"line":865,"column":64}},"345":{"start":{"line":866,"column":8},"end":{"line":866,"column":17}},"346":{"start":{"line":872,"column":4},"end":{"line":882,"column":5}},"347":{"start":{"line":873,"column":27},"end":{"line":875,"column":11}},"348":{"start":{"line":876,"column":4},"end":{"line":876,"column":57}},"349":{"start":{"line":877,"column":4},"end":{"line":877,"column":23}},"350":{"start":{"line":880,"column":8},"end":{"line":880,"column":58}},"351":{"start":{"line":881,"column":8},"end":{"line":881,"column":17}},"352":{"start":{"line":886,"column":4},"end":{"line":893,"column":5}},"353":{"start":{"line":887,"column":31},"end":{"line":888,"column":119}},"354":{"start":{"line":889,"column":8},"end":{"line":889,"column":27}},"355":{"start":{"line":891,"column":8},"end":{"line":891,"column":66}},"356":{"start":{"line":892,"column":8},"end":{"line":892,"column":17}},"357":{"start":{"line":897,"column":4},"end":{"line":907,"column":5}},"358":{"start":{"line":898,"column":27},"end":{"line":900,"column":18}},"359":{"start":{"line":901,"column":4},"end":{"line":901,"column":57}},"360":{"start":{"line":902,"column":4},"end":{"line":902,"column":23}},"361":{"start":{"line":905,"column":8},"end":{"line":905,"column":57}},"362":{"start":{"line":906,"column":8},"end":{"line":906,"column":17}},"363":{"start":{"line":911,"column":4},"end":{"line":920,"column":5}},"364":{"start":{"line":912,"column":31},"end":{"line":914,"column":55}},"365":{"start":{"line":915,"column":8},"end":{"line":915,"column":61}},"366":{"start":{"line":916,"column":8},"end":{"line":916,"column":27}},"367":{"start":{"line":918,"column":8},"end":{"line":918,"column":53}},"368":{"start":{"line":919,"column":8},"end":{"line":919,"column":17}},"369":{"start":{"line":924,"column":4},"end":{"line":933,"column":5}},"370":{"start":{"line":925,"column":34},"end":{"line":927,"column":25}},"371":{"start":{"line":928,"column":8},"end":{"line":928,"column":64}},"372":{"start":{"line":929,"column":8},"end":{"line":929,"column":30}},"373":{"start":{"line":931,"column":8},"end":{"line":931,"column":53}},"374":{"start":{"line":932,"column":8},"end":{"line":932,"column":17}},"375":{"start":{"line":937,"column":4},"end":{"line":946,"column":5}},"376":{"start":{"line":938,"column":32},"end":{"line":940,"column":25}},"377":{"start":{"line":941,"column":8},"end":{"line":941,"column":62}},"378":{"start":{"line":942,"column":8},"end":{"line":942,"column":28}},"379":{"start":{"line":944,"column":8},"end":{"line":944,"column":53}},"380":{"start":{"line":945,"column":8},"end":{"line":945,"column":17}},"381":{"start":{"line":950,"column":4},"end":{"line":958,"column":5}},"382":{"start":{"line":951,"column":36},"end":{"line":951,"column":127}},"383":{"start":{"line":952,"column":8},"end":{"line":952,"column":66}},"384":{"start":{"line":953,"column":8},"end":{"line":953,"column":35}},"385":{"start":{"line":956,"column":8},"end":{"line":956,"column":63}},"386":{"start":{"line":957,"column":8},"end":{"line":957,"column":17}},"387":{"start":{"line":962,"column":4},"end":{"line":970,"column":5}},"388":{"start":{"line":963,"column":36},"end":{"line":963,"column":125}},"389":{"start":{"line":964,"column":8},"end":{"line":964,"column":66}},"390":{"start":{"line":965,"column":8},"end":{"line":965,"column":35}},"391":{"start":{"line":968,"column":8},"end":{"line":968,"column":63}},"392":{"start":{"line":969,"column":8},"end":{"line":969,"column":17}},"393":{"start":{"line":975,"column":4},"end":{"line":985,"column":5}},"394":{"start":{"line":976,"column":27},"end":{"line":978,"column":18}},"395":{"start":{"line":979,"column":4},"end":{"line":979,"column":57}},"396":{"start":{"line":980,"column":4},"end":{"line":980,"column":23}},"397":{"start":{"line":983,"column":8},"end":{"line":983,"column":61}},"398":{"start":{"line":984,"column":8},"end":{"line":984,"column":17}},"399":{"start":{"line":990,"column":4},"end":{"line":1000,"column":5}},"400":{"start":{"line":991,"column":27},"end":{"line":993,"column":19}},"401":{"start":{"line":994,"column":4},"end":{"line":994,"column":57}},"402":{"start":{"line":995,"column":4},"end":{"line":995,"column":23}},"403":{"start":{"line":998,"column":8},"end":{"line":998,"column":64}},"404":{"start":{"line":999,"column":8},"end":{"line":999,"column":17}},"405":{"start":{"line":1004,"column":4},"end":{"line":1012,"column":5}},"406":{"start":{"line":1005,"column":33},"end":{"line":1006,"column":46}},"407":{"start":{"line":1007,"column":8},"end":{"line":1007,"column":71}},"408":{"start":{"line":1008,"column":8},"end":{"line":1008,"column":29}},"409":{"start":{"line":1010,"column":8},"end":{"line":1010,"column":54}},"410":{"start":{"line":1011,"column":8},"end":{"line":1011,"column":17}},"411":{"start":{"line":1017,"column":4},"end":{"line":1027,"column":5}},"412":{"start":{"line":1018,"column":27},"end":{"line":1020,"column":18}},"413":{"start":{"line":1021,"column":4},"end":{"line":1021,"column":57}},"414":{"start":{"line":1022,"column":4},"end":{"line":1022,"column":23}},"415":{"start":{"line":1025,"column":8},"end":{"line":1025,"column":63}},"416":{"start":{"line":1026,"column":8},"end":{"line":1026,"column":17}},"417":{"start":{"line":1032,"column":4},"end":{"line":1042,"column":5}},"418":{"start":{"line":1033,"column":27},"end":{"line":1035,"column":18}},"419":{"start":{"line":1036,"column":4},"end":{"line":1036,"column":57}},"420":{"start":{"line":1037,"column":4},"end":{"line":1037,"column":23}},"421":{"start":{"line":1040,"column":8},"end":{"line":1040,"column":55}},"422":{"start":{"line":1041,"column":8},"end":{"line":1041,"column":17}},"423":{"start":{"line":1047,"column":4},"end":{"line":1057,"column":5}},"424":{"start":{"line":1048,"column":27},"end":{"line":1050,"column":18}},"425":{"start":{"line":1051,"column":4},"end":{"line":1051,"column":57}},"426":{"start":{"line":1052,"column":4},"end":{"line":1052,"column":23}},"427":{"start":{"line":1055,"column":8},"end":{"line":1055,"column":59}},"428":{"start":{"line":1056,"column":8},"end":{"line":1056,"column":17}},"429":{"start":{"line":1061,"column":4},"end":{"line":1115,"column":5}},"430":{"start":{"line":1063,"column":29},"end":{"line":1066,"column":7}},"431":{"start":{"line":1068,"column":6},"end":{"line":1070,"column":7}},"432":{"start":{"line":1069,"column":8},"end":{"line":1069,"column":72}},"433":{"start":{"line":1073,"column":29},"end":{"line":1073,"column":31}},"434":{"start":{"line":1075,"column":6},"end":{"line":1086,"column":7}},"435":{"start":{"line":1076,"column":24},"end":{"line":1076,"column":48}},"436":{"start":{"line":1078,"column":8},"end":{"line":1082,"column":9}},"437":{"start":{"line":1079,"column":10},"end":{"line":1079,"column":57}},"438":{"start":{"line":1080,"column":15},"end":{"line":1082,"column":9}},"439":{"start":{"line":1081,"column":10},"end":{"line":1081,"column":37}},"440":{"start":{"line":1084,"column":8},"end":{"line":1084,"column":68}},"441":{"start":{"line":1085,"column":8},"end":{"line":1085,"column":62}},"442":{"start":{"line":1089,"column":4},"end":{"line":1089,"column":32}},"443":{"start":{"line":1090,"column":4},"end":{"line":1103,"column":5}},"444":{"start":{"line":1091,"column":8},"end":{"line":1094,"column":9}},"445":{"start":{"line":1092,"column":8},"end":{"line":1092,"column":105}},"446":{"start":{"line":1093,"column":8},"end":{"line":1093,"column":17}},"447":{"start":{"line":1096,"column":8},"end":{"line":1096,"column":63}},"448":{"start":{"line":1096,"column":36},"end":{"line":1096,"column":63}},"449":{"start":{"line":1098,"column":8},"end":{"line":1102,"column":11}},"450":{"start":{"line":1099,"column":8},"end":{"line":1101,"column":9}},"451":{"start":{"line":1100,"column":12},"end":{"line":1100,"column":43}},"452":{"start":{"line":1106,"column":23},"end":{"line":1109,"column":7}},"453":{"start":{"line":1111,"column":6},"end":{"line":1111,"column":20}},"454":{"start":{"line":1113,"column":6},"end":{"line":1113,"column":55}},"455":{"start":{"line":1114,"column":6},"end":{"line":1114,"column":16}},"456":{"start":{"line":1119,"column":4},"end":{"line":1128,"column":5}},"457":{"start":{"line":1120,"column":25},"end":{"line":1123,"column":11}},"458":{"start":{"line":1124,"column":8},"end":{"line":1124,"column":22}},"459":{"start":{"line":1126,"column":8},"end":{"line":1126,"column":53}},"460":{"start":{"line":1127,"column":8},"end":{"line":1127,"column":17}},"461":{"start":{"line":1137,"column":4},"end":{"line":1146,"column":5}},"462":{"start":{"line":1138,"column":27},"end":{"line":1139,"column":11}},"463":{"start":{"line":1140,"column":4},"end":{"line":1140,"column":57}},"464":{"start":{"line":1141,"column":4},"end":{"line":1141,"column":23}},"465":{"start":{"line":1144,"column":8},"end":{"line":1144,"column":53}},"466":{"start":{"line":1145,"column":8},"end":{"line":1145,"column":17}},"467":{"start":{"line":1151,"column":4},"end":{"line":1160,"column":5}},"468":{"start":{"line":1152,"column":27},"end":{"line":1153,"column":11}},"469":{"start":{"line":1154,"column":4},"end":{"line":1154,"column":57}},"470":{"start":{"line":1155,"column":4},"end":{"line":1155,"column":23}},"471":{"start":{"line":1158,"column":8},"end":{"line":1158,"column":57}},"472":{"start":{"line":1159,"column":8},"end":{"line":1159,"column":17}},"473":{"start":{"line":1164,"column":4},"end":{"line":1173,"column":5}},"474":{"start":{"line":1165,"column":27},"end":{"line":1166,"column":11}},"475":{"start":{"line":1167,"column":4},"end":{"line":1167,"column":57}},"476":{"start":{"line":1168,"column":4},"end":{"line":1168,"column":23}},"477":{"start":{"line":1171,"column":8},"end":{"line":1171,"column":54}},"478":{"start":{"line":1172,"column":8},"end":{"line":1172,"column":17}},"479":{"start":{"line":1177,"column":4},"end":{"line":1186,"column":5}},"480":{"start":{"line":1178,"column":27},"end":{"line":1179,"column":11}},"481":{"start":{"line":1180,"column":4},"end":{"line":1180,"column":57}},"482":{"start":{"line":1181,"column":4},"end":{"line":1181,"column":23}},"483":{"start":{"line":1184,"column":8},"end":{"line":1184,"column":52}},"484":{"start":{"line":1185,"column":8},"end":{"line":1185,"column":17}},"485":{"start":{"line":1190,"column":4},"end":{"line":1199,"column":5}},"486":{"start":{"line":1191,"column":27},"end":{"line":1192,"column":11}},"487":{"start":{"line":1193,"column":4},"end":{"line":1193,"column":57}},"488":{"start":{"line":1194,"column":4},"end":{"line":1194,"column":23}},"489":{"start":{"line":1197,"column":8},"end":{"line":1197,"column":58}},"490":{"start":{"line":1198,"column":8},"end":{"line":1198,"column":17}},"491":{"start":{"line":1203,"column":4},"end":{"line":1212,"column":5}},"492":{"start":{"line":1204,"column":27},"end":{"line":1205,"column":11}},"493":{"start":{"line":1206,"column":4},"end":{"line":1206,"column":57}},"494":{"start":{"line":1207,"column":4},"end":{"line":1207,"column":23}},"495":{"start":{"line":1210,"column":8},"end":{"line":1210,"column":61}},"496":{"start":{"line":1211,"column":8},"end":{"line":1211,"column":17}},"497":{"start":{"line":1217,"column":4},"end":{"line":1226,"column":5}},"498":{"start":{"line":1218,"column":27},"end":{"line":1219,"column":11}},"499":{"start":{"line":1220,"column":4},"end":{"line":1220,"column":57}},"500":{"start":{"line":1221,"column":4},"end":{"line":1221,"column":23}},"501":{"start":{"line":1224,"column":8},"end":{"line":1224,"column":58}},"502":{"start":{"line":1225,"column":8},"end":{"line":1225,"column":17}},"503":{"start":{"line":1230,"column":4},"end":{"line":1239,"column":5}},"504":{"start":{"line":1231,"column":27},"end":{"line":1232,"column":11}},"505":{"start":{"line":1233,"column":4},"end":{"line":1233,"column":57}},"506":{"start":{"line":1234,"column":4},"end":{"line":1234,"column":23}},"507":{"start":{"line":1237,"column":8},"end":{"line":1237,"column":50}},"508":{"start":{"line":1238,"column":8},"end":{"line":1238,"column":17}},"509":{"start":{"line":1243,"column":4},"end":{"line":1252,"column":5}},"510":{"start":{"line":1244,"column":27},"end":{"line":1245,"column":11}},"511":{"start":{"line":1246,"column":4},"end":{"line":1246,"column":57}},"512":{"start":{"line":1247,"column":4},"end":{"line":1247,"column":23}},"513":{"start":{"line":1250,"column":8},"end":{"line":1250,"column":53}},"514":{"start":{"line":1251,"column":8},"end":{"line":1251,"column":17}},"515":{"start":{"line":1256,"column":4},"end":{"line":1267,"column":5}},"516":{"start":{"line":1257,"column":27},"end":{"line":1260,"column":15}},"517":{"start":{"line":1261,"column":4},"end":{"line":1261,"column":57}},"518":{"start":{"line":1262,"column":4},"end":{"line":1262,"column":23}},"519":{"start":{"line":1265,"column":8},"end":{"line":1265,"column":56}},"520":{"start":{"line":1266,"column":8},"end":{"line":1266,"column":17}}},"fnMap":{"0":{"name":"getPatients","decl":{"start":{"line":18,"column":22},"end":{"line":18,"column":33}},"loc":{"start":{"line":18,"column":38},"end":{"line":28,"column":1}},"line":18},"1":{"name":"getPatientInfo","decl":{"start":{"line":31,"column":22},"end":{"line":31,"column":36}},"loc":{"start":{"line":31,"column":41},"end":{"line":40,"column":1}},"line":31},"2":{"name":"getDoctorInfo","decl":{"start":{"line":43,"column":22},"end":{"line":43,"column":35}},"loc":{"start":{"line":43,"column":40},"end":{"line":52,"column":1}},"line":43},"3":{"name":"getPharmInfo","decl":{"start":{"line":55,"column":22},"end":{"line":55,"column":34}},"loc":{"start":{"line":55,"column":39},"end":{"line":64,"column":1}},"line":55},"4":{"name":"getPatientDoc","decl":{"start":{"line":66,"column":22},"end":{"line":66,"column":35}},"loc":{"start":{"line":66,"column":40},"end":{"line":78,"column":1}},"line":66},"5":{"name":"getAllDoctors","decl":{"start":{"line":80,"column":22},"end":{"line":80,"column":35}},"loc":{"start":{"line":80,"column":38},"end":{"line":89,"column":1}},"line":80},"6":{"name":"getDoctors","decl":{"start":{"line":91,"column":22},"end":{"line":91,"column":32}},"loc":{"start":{"line":91,"column":37},"end":{"line":100,"column":1}},"line":91},"7":{"name":"getDocPatients","decl":{"start":{"line":102,"column":22},"end":{"line":102,"column":36}},"loc":{"start":{"line":102,"column":48},"end":{"line":114,"column":1}},"line":102},"8":{"name":"getDocID","decl":{"start":{"line":116,"column":22},"end":{"line":116,"column":30}},"loc":{"start":{"line":116,"column":42},"end":{"line":125,"column":1}},"line":116},"9":{"name":"getDoctorSchedule","decl":{"start":{"line":128,"column":22},"end":{"line":128,"column":39}},"loc":{"start":{"line":128,"column":55},"end":{"line":151,"column":1}},"line":128},"10":{"name":"(anonymous_10)","decl":{"start":{"line":139,"column":43},"end":{"line":139,"column":44}},"loc":{"start":{"line":139,"column":50},"end":{"line":139,"column":63}},"line":139},"11":{"name":"(anonymous_11)","decl":{"start":{"line":143,"column":48},"end":{"line":143,"column":49}},"loc":{"start":{"line":143,"column":56},"end":{"line":143,"column":83}},"line":143},"12":{"name":"getPharmacies","decl":{"start":{"line":153,"column":22},"end":{"line":153,"column":35}},"loc":{"start":{"line":153,"column":38},"end":{"line":162,"column":1}},"line":153},"13":{"name":"getPills","decl":{"start":{"line":164,"column":22},"end":{"line":164,"column":30}},"loc":{"start":{"line":164,"column":33},"end":{"line":173,"column":1}},"line":164},"14":{"name":"getTiers","decl":{"start":{"line":175,"column":22},"end":{"line":175,"column":30}},"loc":{"start":{"line":175,"column":35},"end":{"line":184,"column":1}},"line":175},"15":{"name":"getPillsFromPharm","decl":{"start":{"line":186,"column":22},"end":{"line":186,"column":39}},"loc":{"start":{"line":186,"column":44},"end":{"line":195,"column":1}},"line":186},"16":{"name":"getExercises","decl":{"start":{"line":197,"column":22},"end":{"line":197,"column":34}},"loc":{"start":{"line":197,"column":37},"end":{"line":206,"column":1}},"line":197},"17":{"name":"getExerciseByClass","decl":{"start":{"line":208,"column":22},"end":{"line":208,"column":40}},"loc":{"start":{"line":208,"column":57},"end":{"line":217,"column":1}},"line":208},"18":{"name":"getRegiment","decl":{"start":{"line":219,"column":22},"end":{"line":219,"column":33}},"loc":{"start":{"line":219,"column":38},"end":{"line":228,"column":1}},"line":219},"19":{"name":"getForumPosts","decl":{"start":{"line":230,"column":22},"end":{"line":230,"column":35}},"loc":{"start":{"line":230,"column":38},"end":{"line":241,"column":1}},"line":230},"20":{"name":"getComments_id","decl":{"start":{"line":243,"column":22},"end":{"line":243,"column":36}},"loc":{"start":{"line":243,"column":41},"end":{"line":252,"column":1}},"line":243},"21":{"name":"getReviews","decl":{"start":{"line":254,"column":22},"end":{"line":254,"column":32}},"loc":{"start":{"line":254,"column":35},"end":{"line":266,"column":1}},"line":254},"22":{"name":"getReviewsByID","decl":{"start":{"line":268,"column":22},"end":{"line":268,"column":36}},"loc":{"start":{"line":268,"column":41},"end":{"line":280,"column":1}},"line":268},"23":{"name":"getReviewsComments","decl":{"start":{"line":282,"column":22},"end":{"line":282,"column":40}},"loc":{"start":{"line":282,"column":45},"end":{"line":293,"column":1}},"line":282},"24":{"name":"getReviewsTop","decl":{"start":{"line":295,"column":22},"end":{"line":295,"column":35}},"loc":{"start":{"line":295,"column":38},"end":{"line":306,"column":1}},"line":295},"25":{"name":"getSurvey","decl":{"start":{"line":309,"column":22},"end":{"line":309,"column":31}},"loc":{"start":{"line":309,"column":36},"end":{"line":318,"column":1}},"line":309},"26":{"name":"getSurveyLatestDate","decl":{"start":{"line":320,"column":22},"end":{"line":320,"column":41}},"loc":{"start":{"line":320,"column":45},"end":{"line":329,"column":1}},"line":320},"27":{"name":"getAuthSurvey","decl":{"start":{"line":331,"column":22},"end":{"line":331,"column":35}},"loc":{"start":{"line":331,"column":40},"end":{"line":340,"column":1}},"line":331},"28":{"name":"getAppointmentsPatient","decl":{"start":{"line":343,"column":22},"end":{"line":343,"column":44}},"loc":{"start":{"line":343,"column":49},"end":{"line":352,"column":1}},"line":343},"29":{"name":"getTimeslot","decl":{"start":{"line":354,"column":22},"end":{"line":354,"column":33}},"loc":{"start":{"line":354,"column":67},"end":{"line":367,"column":1}},"line":354},"30":{"name":"checkExistingRequests","decl":{"start":{"line":369,"column":22},"end":{"line":369,"column":43}},"loc":{"start":{"line":369,"column":89},"end":{"line":378,"column":1}},"line":369},"31":{"name":"getApptRequest","decl":{"start":{"line":381,"column":22},"end":{"line":381,"column":36}},"loc":{"start":{"line":381,"column":41},"end":{"line":393,"column":1}},"line":381},"32":{"name":"getAppointmentsDoctor","decl":{"start":{"line":396,"column":22},"end":{"line":396,"column":43}},"loc":{"start":{"line":396,"column":48},"end":{"line":409,"column":1}},"line":396},"33":{"name":"getPrescription","decl":{"start":{"line":412,"column":22},"end":{"line":412,"column":37}},"loc":{"start":{"line":412,"column":42},"end":{"line":421,"column":1}},"line":412},"34":{"name":"getPrescriptionDoc","decl":{"start":{"line":424,"column":22},"end":{"line":424,"column":40}},"loc":{"start":{"line":424,"column":45},"end":{"line":433,"column":1}},"line":424},"35":{"name":"getPreliminaries","decl":{"start":{"line":436,"column":22},"end":{"line":436,"column":38}},"loc":{"start":{"line":436,"column":43},"end":{"line":445,"column":1}},"line":436},"36":{"name":"getChatMesseges","decl":{"start":{"line":448,"column":22},"end":{"line":448,"column":37}},"loc":{"start":{"line":448,"column":42},"end":{"line":457,"column":1}},"line":448},"37":{"name":"getPatientAuth","decl":{"start":{"line":460,"column":22},"end":{"line":460,"column":36}},"loc":{"start":{"line":460,"column":48},"end":{"line":471,"column":1}},"line":460},"38":{"name":"getDoctorAuth","decl":{"start":{"line":473,"column":22},"end":{"line":473,"column":35}},"loc":{"start":{"line":473,"column":47},"end":{"line":484,"column":1}},"line":473},"39":{"name":"getPharmAuth","decl":{"start":{"line":486,"column":22},"end":{"line":486,"column":34}},"loc":{"start":{"line":486,"column":46},"end":{"line":498,"column":1}},"line":486},"40":{"name":"getNearestPharms","decl":{"start":{"line":500,"column":22},"end":{"line":500,"column":38}},"loc":{"start":{"line":500,"column":44},"end":{"line":509,"column":1}},"line":500},"41":{"name":"getAppointmentInfo","decl":{"start":{"line":511,"column":22},"end":{"line":511,"column":40}},"loc":{"start":{"line":511,"column":50},"end":{"line":522,"column":1}},"line":511},"42":{"name":"LogAttempt","decl":{"start":{"line":544,"column":22},"end":{"line":544,"column":32}},"loc":{"start":{"line":544,"column":59},"end":{"line":555,"column":1}},"line":544},"43":{"name":"genereateAudit","decl":{"start":{"line":557,"column":22},"end":{"line":557,"column":36}},"loc":{"start":{"line":557,"column":83},"end":{"line":568,"column":1}},"line":557},"44":{"name":"createPatient","decl":{"start":{"line":570,"column":22},"end":{"line":570,"column":35}},"loc":{"start":{"line":570,"column":112},"end":{"line":583,"column":1}},"line":570},"45":{"name":"createDoctor","decl":{"start":{"line":585,"column":22},"end":{"line":585,"column":34}},"loc":{"start":{"line":585,"column":110},"end":{"line":600,"column":1}},"line":585},"46":{"name":"createDoctorTiers","decl":{"start":{"line":602,"column":22},"end":{"line":602,"column":39}},"loc":{"start":{"line":602,"column":51},"end":{"line":615,"column":1}},"line":602},"47":{"name":"createDoctorSchedule","decl":{"start":{"line":617,"column":22},"end":{"line":617,"column":42}},"loc":{"start":{"line":617,"column":71},"end":{"line":626,"column":1}},"line":617},"48":{"name":"createPharmacy","decl":{"start":{"line":628,"column":22},"end":{"line":628,"column":36}},"loc":{"start":{"line":628,"column":83},"end":{"line":649,"column":1}},"line":628},"49":{"name":"createPill","decl":{"start":{"line":651,"column":22},"end":{"line":651,"column":32}},"loc":{"start":{"line":651,"column":68},"end":{"line":662,"column":1}},"line":651},"50":{"name":"createExercise","decl":{"start":{"line":664,"column":22},"end":{"line":664,"column":36}},"loc":{"start":{"line":664,"column":116},"end":{"line":675,"column":1}},"line":664},"51":{"name":"createRegiment","decl":{"start":{"line":677,"column":22},"end":{"line":677,"column":36}},"loc":{"start":{"line":677,"column":59},"end":{"line":688,"column":1}},"line":677},"52":{"name":"createForumPost","decl":{"start":{"line":690,"column":22},"end":{"line":690,"column":37}},"loc":{"start":{"line":690,"column":75},"end":{"line":701,"column":1}},"line":690},"53":{"name":"createComment","decl":{"start":{"line":703,"column":22},"end":{"line":703,"column":35}},"loc":{"start":{"line":703,"column":72},"end":{"line":714,"column":1}},"line":703},"54":{"name":"createChatroom","decl":{"start":{"line":717,"column":22},"end":{"line":717,"column":36}},"loc":{"start":{"line":717,"column":52},"end":{"line":726,"column":1}},"line":717},"55":{"name":"createChatMsg","decl":{"start":{"line":728,"column":22},"end":{"line":728,"column":35}},"loc":{"start":{"line":728,"column":95},"end":{"line":738,"column":1}},"line":728},"56":{"name":"fetchAppointmentMessages","decl":{"start":{"line":740,"column":22},"end":{"line":740,"column":46}},"loc":{"start":{"line":740,"column":63},"end":{"line":749,"column":1}},"line":740},"57":{"name":"createAppointment","decl":{"start":{"line":751,"column":22},"end":{"line":751,"column":39}},"loc":{"start":{"line":751,"column":91},"end":{"line":760,"column":1}},"line":751},"58":{"name":"createApptRequest","decl":{"start":{"line":763,"column":22},"end":{"line":763,"column":39}},"loc":{"start":{"line":763,"column":91},"end":{"line":771,"column":1}},"line":763},"59":{"name":"createPreliminary","decl":{"start":{"line":773,"column":22},"end":{"line":773,"column":39}},"loc":{"start":{"line":773,"column":62},"end":{"line":782,"column":1}},"line":773},"60":{"name":"createPerscription","decl":{"start":{"line":784,"column":22},"end":{"line":784,"column":40}},"loc":{"start":{"line":784,"column":93},"end":{"line":794,"column":1}},"line":784},"61":{"name":"createReveiw","decl":{"start":{"line":796,"column":22},"end":{"line":796,"column":34}},"loc":{"start":{"line":796,"column":79},"end":{"line":813,"column":1}},"line":796},"62":{"name":"createSurvey","decl":{"start":{"line":815,"column":22},"end":{"line":815,"column":34}},"loc":{"start":{"line":815,"column":91},"end":{"line":825,"column":1}},"line":815},"63":{"name":"createPayment","decl":{"start":{"line":827,"column":22},"end":{"line":827,"column":35}},"loc":{"start":{"line":827,"column":103},"end":{"line":837,"column":1}},"line":827},"64":{"name":"UpdatePatientInfo","decl":{"start":{"line":843,"column":22},"end":{"line":843,"column":39}},"loc":{"start":{"line":843,"column":51},"end":{"line":855,"column":1}},"line":843},"65":{"name":"addPatientDoc","decl":{"start":{"line":858,"column":22},"end":{"line":858,"column":35}},"loc":{"start":{"line":858,"column":48},"end":{"line":868,"column":1}},"line":858},"66":{"name":"rmPatientDoc","decl":{"start":{"line":871,"column":22},"end":{"line":871,"column":34}},"loc":{"start":{"line":871,"column":39},"end":{"line":883,"column":1}},"line":871},"67":{"name":"rmPatientAppt","decl":{"start":{"line":885,"column":22},"end":{"line":885,"column":35}},"loc":{"start":{"line":885,"column":59},"end":{"line":894,"column":1}},"line":885},"68":{"name":"UpdateDoctorInfo","decl":{"start":{"line":896,"column":22},"end":{"line":896,"column":38}},"loc":{"start":{"line":896,"column":50},"end":{"line":908,"column":1}},"line":896},"69":{"name":"UpdateRequest","decl":{"start":{"line":910,"column":22},"end":{"line":910,"column":35}},"loc":{"start":{"line":910,"column":80},"end":{"line":921,"column":1}},"line":910},"70":{"name":"startAppointment","decl":{"start":{"line":923,"column":22},"end":{"line":923,"column":38}},"loc":{"start":{"line":923,"column":47},"end":{"line":934,"column":1}},"line":923},"71":{"name":"endAppointment","decl":{"start":{"line":936,"column":22},"end":{"line":936,"column":36}},"loc":{"start":{"line":936,"column":45},"end":{"line":947,"column":1}},"line":936},"72":{"name":"fetchApptStartStatus","decl":{"start":{"line":949,"column":22},"end":{"line":949,"column":42}},"loc":{"start":{"line":949,"column":51},"end":{"line":959,"column":1}},"line":949},"73":{"name":"fetchApptEndStatus","decl":{"start":{"line":961,"column":22},"end":{"line":961,"column":40}},"loc":{"start":{"line":961,"column":49},"end":{"line":971,"column":1}},"line":961},"74":{"name":"UpdateDoctorSchedule","decl":{"start":{"line":974,"column":22},"end":{"line":974,"column":42}},"loc":{"start":{"line":974,"column":54},"end":{"line":986,"column":1}},"line":974},"75":{"name":"UpdateApptStat","decl":{"start":{"line":989,"column":22},"end":{"line":989,"column":36}},"loc":{"start":{"line":989,"column":49},"end":{"line":1001,"column":1}},"line":989},"76":{"name":"UpdateDoctorFeedback","decl":{"start":{"line":1003,"column":22},"end":{"line":1003,"column":42}},"loc":{"start":{"line":1003,"column":76},"end":{"line":1013,"column":1}},"line":1003},"77":{"name":"UpdatePerscriptionInfo","decl":{"start":{"line":1016,"column":22},"end":{"line":1016,"column":44}},"loc":{"start":{"line":1016,"column":56},"end":{"line":1028,"column":1}},"line":1016},"78":{"name":"UpdatePillInfo","decl":{"start":{"line":1031,"column":22},"end":{"line":1031,"column":36}},"loc":{"start":{"line":1031,"column":48},"end":{"line":1043,"column":1}},"line":1031},"79":{"name":"UpdateRegiment","decl":{"start":{"line":1046,"column":22},"end":{"line":1046,"column":36}},"loc":{"start":{"line":1046,"column":48},"end":{"line":1058,"column":1}},"line":1046},"80":{"name":"appendToRegiment","decl":{"start":{"line":1060,"column":22},"end":{"line":1060,"column":38}},"loc":{"start":{"line":1060,"column":67},"end":{"line":1116,"column":3}},"line":1060},"81":{"name":"(anonymous_81)","decl":{"start":{"line":1098,"column":26},"end":{"line":1098,"column":27}},"loc":{"start":{"line":1098,"column":32},"end":{"line":1102,"column":9}},"line":1098},"82":{"name":"clearPatientRegiment","decl":{"start":{"line":1118,"column":22},"end":{"line":1118,"column":42}},"loc":{"start":{"line":1118,"column":54},"end":{"line":1129,"column":1}},"line":1118},"83":{"name":"deletePatient","decl":{"start":{"line":1136,"column":22},"end":{"line":1136,"column":35}},"loc":{"start":{"line":1136,"column":40},"end":{"line":1147,"column":1}},"line":1136},"84":{"name":"deleteAppointment","decl":{"start":{"line":1150,"column":22},"end":{"line":1150,"column":39}},"loc":{"start":{"line":1150,"column":44},"end":{"line":1161,"column":1}},"line":1150},"85":{"name":"deleteRegiment","decl":{"start":{"line":1163,"column":22},"end":{"line":1163,"column":36}},"loc":{"start":{"line":1163,"column":41},"end":{"line":1174,"column":1}},"line":1163},"86":{"name":"deleteDoctor","decl":{"start":{"line":1176,"column":22},"end":{"line":1176,"column":34}},"loc":{"start":{"line":1176,"column":39},"end":{"line":1187,"column":1}},"line":1176},"87":{"name":"deleteDoctorTiers","decl":{"start":{"line":1189,"column":22},"end":{"line":1189,"column":39}},"loc":{"start":{"line":1189,"column":44},"end":{"line":1200,"column":1}},"line":1189},"88":{"name":"deleteDoctorSchedule","decl":{"start":{"line":1202,"column":22},"end":{"line":1202,"column":42}},"loc":{"start":{"line":1202,"column":47},"end":{"line":1213,"column":1}},"line":1202},"89":{"name":"deletePerscription","decl":{"start":{"line":1215,"column":22},"end":{"line":1215,"column":40}},"loc":{"start":{"line":1215,"column":45},"end":{"line":1227,"column":1}},"line":1215},"90":{"name":"deletePill","decl":{"start":{"line":1229,"column":22},"end":{"line":1229,"column":32}},"loc":{"start":{"line":1229,"column":37},"end":{"line":1240,"column":1}},"line":1229},"91":{"name":"deleteComment","decl":{"start":{"line":1242,"column":22},"end":{"line":1242,"column":35}},"loc":{"start":{"line":1242,"column":40},"end":{"line":1253,"column":1}},"line":1242},"92":{"name":"deleteForumPost","decl":{"start":{"line":1255,"column":22},"end":{"line":1255,"column":37}},"loc":{"start":{"line":1255,"column":42},"end":{"line":1268,"column":1}},"line":1255}},"branchMap":{"0":{"loc":{"start":{"line":130,"column":4},"end":{"line":132,"column":5}},"type":"if","locations":[{"start":{"line":130,"column":4},"end":{"line":132,"column":5}},{"start":{},"end":{}}],"line":130},"1":{"loc":{"start":{"line":800,"column":4},"end":{"line":802,"column":5}},"type":"if","locations":[{"start":{"line":800,"column":4},"end":{"line":802,"column":5}},{"start":{},"end":{}}],"line":800},"2":{"loc":{"start":{"line":1068,"column":6},"end":{"line":1070,"column":7}},"type":"if","locations":[{"start":{"line":1068,"column":6},"end":{"line":1070,"column":7}},{"start":{},"end":{}}],"line":1068},"3":{"loc":{"start":{"line":1078,"column":8},"end":{"line":1082,"column":9}},"type":"if","locations":[{"start":{"line":1078,"column":8},"end":{"line":1082,"column":9}},{"start":{"line":1080,"column":15},"end":{"line":1082,"column":9}}],"line":1078},"4":{"loc":{"start":{"line":1079,"column":40},"end":{"line":1079,"column":55}},"type":"binary-expr","locations":[{"start":{"line":1079,"column":40},"end":{"line":1079,"column":47}},{"start":{"line":1079,"column":51},"end":{"line":1079,"column":55}}],"line":1079},"5":{"loc":{"start":{"line":1080,"column":15},"end":{"line":1082,"column":9}},"type":"if","locations":[{"start":{"line":1080,"column":15},"end":{"line":1082,"column":9}},{"start":{},"end":{}}],"line":1080},"6":{"loc":{"start":{"line":1080,"column":19},"end":{"line":1080,"column":66}},"type":"binary-expr","locations":[{"start":{"line":1080,"column":19},"end":{"line":1080,"column":46}},{"start":{"line":1080,"column":50},"end":{"line":1080,"column":66}}],"line":1080},"7":{"loc":{"start":{"line":1091,"column":8},"end":{"line":1094,"column":9}},"type":"if","locations":[{"start":{"line":1091,"column":8},"end":{"line":1094,"column":9}},{"start":{},"end":{}}],"line":1091},"8":{"loc":{"start":{"line":1096,"column":8},"end":{"line":1096,"column":63}},"type":"if","locations":[{"start":{"line":1096,"column":8},"end":{"line":1096,"column":63}},{"start":{},"end":{}}],"line":1096},"9":{"loc":{"start":{"line":1099,"column":8},"end":{"line":1101,"column":9}},"type":"if","locations":[{"start":{"line":1099,"column":8},"end":{"line":1101,"column":9}},{"start":{},"end":{}}],"line":1099}},"s":{"0":1,"1":1,"2":0,"3":0,"4":0,"5":0,"6":0,"7":1,"8":1,"9":1,"10":0,"11":0,"12":1,"13":1,"14":1,"15":0,"16":0,"17":1,"18":1,"19":1,"20":0,"21":0,"22":4,"23":4,"24":4,"25":0,"26":0,"27":1,"28":1,"29":1,"30":0,"31":0,"32":0,"33":0,"34":0,"35":0,"36":0,"37":1,"38":1,"39":1,"40":0,"41":0,"42":0,"43":0,"44":0,"45":0,"46":0,"47":1,"48":1,"49":0,"50":1,"51":1,"52":1,"53":1,"54":1,"55":0,"56":1,"57":5,"58":1,"59":0,"60":0,"61":0,"62":0,"63":0,"64":0,"65":0,"66":1,"67":1,"68":1,"69":0,"70":0,"71":0,"72":0,"73":0,"74":0,"75":0,"76":1,"77":1,"78":1,"79":0,"80":0,"81":0,"82":0,"83":0,"84":0,"85":0,"86":1,"87":1,"88":1,"89":0,"90":0,"91":1,"92":1,"93":1,"94":0,"95":0,"96":1,"97":1,"98":1,"99":0,"100":0,"101":1,"102":1,"103":1,"104":0,"105":0,"106":1,"107":1,"108":1,"109":0,"110":0,"111":1,"112":1,"113":1,"114":0,"115":0,"116":0,"117":0,"118":0,"119":0,"120":0,"121":2,"122":2,"123":2,"124":0,"125":0,"126":1,"127":1,"128":1,"129":0,"130":0,"131":2,"132":2,"133":2,"134":0,"135":0,"136":0,"137":0,"138":0,"139":0,"140":0,"141":0,"142":0,"143":0,"144":0,"145":0,"146":2,"147":2,"148":2,"149":0,"150":0,"151":1,"152":1,"153":1,"154":0,"155":0,"156":1,"157":1,"158":1,"159":0,"160":0,"161":1,"162":1,"163":1,"164":0,"165":0,"166":1,"167":1,"168":1,"169":0,"170":0,"171":0,"172":0,"173":0,"174":0,"175":0,"176":1,"177":1,"178":1,"179":0,"180":0,"181":0,"182":0,"183":0,"184":0,"185":0,"186":1,"187":1,"188":1,"189":0,"190":0,"191":1,"192":1,"193":1,"194":0,"195":0,"196":1,"197":1,"198":1,"199":1,"200":0,"201":0,"202":1,"203":1,"204":1,"205":0,"206":0,"207":1,"208":1,"209":1,"210":1,"211":0,"212":0,"213":3,"214":3,"215":3,"216":0,"217":0,"218":29,"219":29,"220":29,"221":0,"222":0,"223":1,"224":1,"225":0,"226":0,"227":0,"228":1,"229":1,"230":1,"231":1,"232":0,"233":0,"234":0,"235":0,"236":1,"237":1,"238":0,"239":0,"240":0,"241":0,"242":0,"243":1,"244":1,"245":0,"246":1,"247":1,"248":1,"249":1,"250":1,"251":0,"252":0,"253":0,"254":0,"255":1,"256":1,"257":1,"258":1,"259":1,"260":0,"261":0,"262":1,"263":1,"264":1,"265":0,"266":0,"267":1,"268":1,"269":0,"270":1,"271":1,"272":1,"273":1,"274":1,"275":0,"276":0,"277":1,"278":1,"279":1,"280":0,"281":0,"282":0,"283":0,"284":0,"285":0,"286":0,"287":0,"288":0,"289":0,"290":0,"291":0,"292":1,"293":1,"294":1,"295":0,"296":0,"297":1,"298":1,"299":1,"300":0,"301":0,"302":0,"303":0,"304":0,"305":0,"306":0,"307":1,"308":1,"309":1,"310":0,"311":0,"312":0,"313":0,"314":0,"315":0,"316":0,"317":1,"318":1,"319":0,"320":1,"321":1,"322":1,"323":0,"324":0,"325":1,"326":1,"327":0,"328":1,"329":1,"330":0,"331":0,"332":0,"333":0,"334":0,"335":2,"336":2,"337":1,"338":1,"339":1,"340":1,"341":1,"342":1,"343":1,"344":0,"345":0,"346":1,"347":1,"348":1,"349":1,"350":0,"351":0,"352":1,"353":1,"354":1,"355":0,"356":0,"357":1,"358":1,"359":1,"360":1,"361":0,"362":0,"363":1,"364":1,"365":1,"366":1,"367":0,"368":0,"369":1,"370":1,"371":1,"372":1,"373":0,"374":0,"375":1,"376":1,"377":1,"378":1,"379":0,"380":0,"381":1,"382":1,"383":1,"384":1,"385":0,"386":0,"387":1,"388":1,"389":1,"390":1,"391":0,"392":0,"393":1,"394":1,"395":0,"396":0,"397":1,"398":1,"399":0,"400":0,"401":0,"402":0,"403":0,"404":0,"405":1,"406":1,"407":1,"408":1,"409":0,"410":0,"411":0,"412":0,"413":0,"414":0,"415":0,"416":0,"417":0,"418":0,"419":0,"420":0,"421":0,"422":0,"423":0,"424":0,"425":0,"426":0,"427":0,"428":0,"429":1,"430":1,"431":1,"432":0,"433":1,"434":1,"435":1,"436":1,"437":0,"438":1,"439":1,"440":0,"441":0,"442":1,"443":1,"444":1,"445":0,"446":0,"447":1,"448":1,"449":1,"450":1,"451":1,"452":1,"453":1,"454":0,"455":0,"456":2,"457":2,"458":2,"459":0,"460":0,"461":0,"462":0,"463":0,"464":0,"465":0,"466":0,"467":2,"468":2,"469":2,"470":2,"471":0,"472":0,"473":0,"474":0,"475":0,"476":0,"477":0,"478":0,"479":0,"480":0,"481":0,"482":0,"483":0,"484":0,"485":0,"486":0,"487":0,"488":0,"489":0,"490":0,"491":0,"492":0,"493":0,"494":0,"495":0,"496":0,"497":0,"498":0,"499":0,"500":0,"501":0,"502":0,"503":1,"504":1,"505":1,"506":1,"507":0,"508":0,"509":0,"510":0,"511":0,"512":0,"513":0,"514":0,"515":0,"516":0,"517":0,"518":0,"519":0,"520":0},"f":{"0":0,"1":1,"2":1,"3":1,"4":4,"5":1,"6":0,"7":1,"8":0,"9":1,"10":0,"11":5,"12":0,"13":1,"14":0,"15":1,"16":0,"17":1,"18":1,"19":1,"20":1,"21":1,"22":1,"23":0,"24":2,"25":1,"26":2,"27":0,"28":0,"29":2,"30":1,"31":1,"32":1,"33":1,"34":0,"35":1,"36":0,"37":1,"38":1,"39":1,"40":1,"41":1,"42":3,"43":29,"44":1,"45":1,"46":0,"47":1,"48":1,"49":1,"50":1,"51":1,"52":1,"53":1,"54":0,"55":0,"56":1,"57":1,"58":0,"59":1,"60":0,"61":1,"62":1,"63":0,"64":2,"65":1,"66":1,"67":1,"68":1,"69":1,"70":1,"71":1,"72":1,"73":1,"74":1,"75":0,"76":1,"77":0,"78":0,"79":0,"80":1,"81":1,"82":2,"83":0,"84":2,"85":0,"86":0,"87":0,"88":0,"89":0,"90":1,"91":0,"92":0},"b":{"0":[0,1],"1":[0,1],"2":[0,1],"3":[0,1],"4":[0,0],"5":[1,0],"6":[1,1],"7":[0,1],"8":[1,0],"9":[1,0]},"_coverageSchema":"1a1c01bbd47fc00a2c39e90264f33305004495a9","hash":"f293f3acee3be5ed9009dc3627cb56d8201e87d3"}
,"/Users/fardbook/Desktop/Courses/NJIT Classes/CS490/GROUP_PROJECT/CS490-GP-Backend/backend/server.js": {"path":"/Users/fardbook/Desktop/Courses/NJIT Classes/CS490/GROUP_PROJECT/CS490-GP-Backend/backend/server.js","statementMap":{"0":{"start":{"line":36,"column":0},"end":{"line":36,"column":15}},"1":{"start":{"line":44,"column":12},"end":{"line":44,"column":21}},"2":{"start":{"line":45,"column":0},"end":{"line":45,"column":23}},"3":{"start":{"line":46,"column":0},"end":{"line":46,"column":15}},"4":{"start":{"line":48,"column":0},"end":{"line":51,"column":2}},"5":{"start":{"line":49,"column":4},"end":{"line":49,"column":28}},"6":{"start":{"line":50,"column":4},"end":{"line":50,"column":44}},"7":{"start":{"line":53,"column":15},"end":{"line":53,"column":37}},"8":{"start":{"line":54,"column":11},"end":{"line":59,"column":2}},"9":{"start":{"line":61,"column":0},"end":{"line":83,"column":2}},"10":{"start":{"line":62,"column":4},"end":{"line":62,"column":45}},"11":{"start":{"line":65,"column":4},"end":{"line":68,"column":6}},"12":{"start":{"line":66,"column":8},"end":{"line":66,"column":28}},"13":{"start":{"line":67,"column":8},"end":{"line":67,"column":71}},"14":{"start":{"line":71,"column":4},"end":{"line":77,"column":6}},"15":{"start":{"line":72,"column":8},"end":{"line":72,"column":43}},"16":{"start":{"line":74,"column":25},"end":{"line":74,"column":121}},"17":{"start":{"line":75,"column":8},"end":{"line":75,"column":29}},"18":{"start":{"line":76,"column":8},"end":{"line":76,"column":53}},"19":{"start":{"line":80,"column":4},"end":{"line":82,"column":6}},"20":{"start":{"line":81,"column":8},"end":{"line":81,"column":53}},"21":{"start":{"line":86,"column":0},"end":{"line":88,"column":2}},"22":{"start":{"line":87,"column":4},"end":{"line":87,"column":49}},"23":{"start":{"line":90,"column":25},"end":{"line":103,"column":1}},"24":{"start":{"line":91,"column":19},"end":{"line":91,"column":43}},"25":{"start":{"line":93,"column":4},"end":{"line":95,"column":5}},"26":{"start":{"line":94,"column":6},"end":{"line":94,"column":67}},"27":{"start":{"line":98,"column":4},"end":{"line":100,"column":5}},"28":{"start":{"line":99,"column":6},"end":{"line":99,"column":66}},"29":{"start":{"line":102,"column":4},"end":{"line":102,"column":11}},"30":{"start":{"line":107,"column":14},"end":{"line":117,"column":2}},"31":{"start":{"line":109,"column":8},"end":{"line":109,"column":40}},"32":{"start":{"line":113,"column":8},"end":{"line":113,"column":26}},"33":{"start":{"line":114,"column":8},"end":{"line":114,"column":49}},"34":{"start":{"line":118,"column":15},"end":{"line":118,"column":39}},"35":{"start":{"line":120,"column":0},"end":{"line":123,"column":4}},"36":{"start":{"line":121,"column":4},"end":{"line":121,"column":28}},"37":{"start":{"line":122,"column":4},"end":{"line":122,"column":44}},"38":{"start":{"line":130,"column":0},"end":{"line":136,"column":2}},"39":{"start":{"line":131,"column":17},"end":{"line":131,"column":49}},"40":{"start":{"line":132,"column":4},"end":{"line":132,"column":42}},"41":{"start":{"line":133,"column":26},"end":{"line":133,"column":53}},"42":{"start":{"line":134,"column":18},"end":{"line":134,"column":86}},"43":{"start":{"line":135,"column":4},"end":{"line":135,"column":18}},"44":{"start":{"line":138,"column":0},"end":{"line":143,"column":2}},"45":{"start":{"line":139,"column":17},"end":{"line":139,"column":52}},"46":{"start":{"line":140,"column":26},"end":{"line":140,"column":56}},"47":{"start":{"line":141,"column":18},"end":{"line":141,"column":86}},"48":{"start":{"line":142,"column":4},"end":{"line":142,"column":18}},"49":{"start":{"line":145,"column":0},"end":{"line":150,"column":2}},"50":{"start":{"line":146,"column":17},"end":{"line":146,"column":51}},"51":{"start":{"line":147,"column":26},"end":{"line":147,"column":56}},"52":{"start":{"line":148,"column":18},"end":{"line":148,"column":85}},"53":{"start":{"line":149,"column":4},"end":{"line":149,"column":18}},"54":{"start":{"line":152,"column":0},"end":{"line":157,"column":2}},"55":{"start":{"line":153,"column":17},"end":{"line":153,"column":50}},"56":{"start":{"line":154,"column":26},"end":{"line":154,"column":56}},"57":{"start":{"line":155,"column":18},"end":{"line":155,"column":89}},"58":{"start":{"line":156,"column":4},"end":{"line":156,"column":18}},"59":{"start":{"line":160,"column":0},"end":{"line":165,"column":2}},"60":{"start":{"line":161,"column":17},"end":{"line":161,"column":51}},"61":{"start":{"line":162,"column":26},"end":{"line":162,"column":58}},"62":{"start":{"line":163,"column":18},"end":{"line":163,"column":86}},"63":{"start":{"line":164,"column":4},"end":{"line":164,"column":18}},"64":{"start":{"line":167,"column":0},"end":{"line":170,"column":2}},"65":{"start":{"line":168,"column":17},"end":{"line":168,"column":38}},"66":{"start":{"line":169,"column":4},"end":{"line":169,"column":18}},"67":{"start":{"line":172,"column":0},"end":{"line":178,"column":2}},"68":{"start":{"line":173,"column":17},"end":{"line":173,"column":48}},"69":{"start":{"line":174,"column":4},"end":{"line":174,"column":41}},"70":{"start":{"line":175,"column":26},"end":{"line":175,"column":52}},"71":{"start":{"line":176,"column":18},"end":{"line":176,"column":85}},"72":{"start":{"line":177,"column":4},"end":{"line":177,"column":18}},"73":{"start":{"line":180,"column":0},"end":{"line":194,"column":2}},"74":{"start":{"line":181,"column":24},"end":{"line":181,"column":32}},"75":{"start":{"line":182,"column":4},"end":{"line":184,"column":5}},"76":{"start":{"line":183,"column":8},"end":{"line":183,"column":69}},"77":{"start":{"line":185,"column":4},"end":{"line":193,"column":5}},"78":{"start":{"line":186,"column":21},"end":{"line":186,"column":52}},"79":{"start":{"line":187,"column":30},"end":{"line":187,"column":63}},"80":{"start":{"line":188,"column":22},"end":{"line":188,"column":85}},"81":{"start":{"line":189,"column":8},"end":{"line":189,"column":22}},"82":{"start":{"line":192,"column":8},"end":{"line":192,"column":81}},"83":{"start":{"line":197,"column":0},"end":{"line":202,"column":2}},"84":{"start":{"line":198,"column":17},"end":{"line":198,"column":38}},"85":{"start":{"line":199,"column":26},"end":{"line":199,"column":54}},"86":{"start":{"line":200,"column":18},"end":{"line":200,"column":77}},"87":{"start":{"line":201,"column":4},"end":{"line":201,"column":18}},"88":{"start":{"line":204,"column":0},"end":{"line":209,"column":2}},"89":{"start":{"line":205,"column":17},"end":{"line":205,"column":33}},"90":{"start":{"line":206,"column":26},"end":{"line":206,"column":50}},"91":{"start":{"line":207,"column":18},"end":{"line":207,"column":77}},"92":{"start":{"line":208,"column":4},"end":{"line":208,"column":18}},"93":{"start":{"line":211,"column":0},"end":{"line":214,"column":2}},"94":{"start":{"line":212,"column":17},"end":{"line":212,"column":46}},"95":{"start":{"line":213,"column":4},"end":{"line":213,"column":18}},"96":{"start":{"line":216,"column":0},"end":{"line":219,"column":2}},"97":{"start":{"line":217,"column":17},"end":{"line":217,"column":37}},"98":{"start":{"line":218,"column":4},"end":{"line":218,"column":18}},"99":{"start":{"line":221,"column":0},"end":{"line":230,"column":2}},"100":{"start":{"line":222,"column":4},"end":{"line":229,"column":5}},"101":{"start":{"line":223,"column":35},"end":{"line":223,"column":43}},"102":{"start":{"line":224,"column":21},"end":{"line":224,"column":61}},"103":{"start":{"line":225,"column":8},"end":{"line":225,"column":22}},"104":{"start":{"line":228,"column":8},"end":{"line":228,"column":81}},"105":{"start":{"line":232,"column":0},"end":{"line":237,"column":2}},"106":{"start":{"line":233,"column":17},"end":{"line":233,"column":49}},"107":{"start":{"line":234,"column":26},"end":{"line":234,"column":57}},"108":{"start":{"line":235,"column":18},"end":{"line":235,"column":86}},"109":{"start":{"line":236,"column":4},"end":{"line":236,"column":18}},"110":{"start":{"line":239,"column":0},"end":{"line":242,"column":2}},"111":{"start":{"line":240,"column":17},"end":{"line":240,"column":38}},"112":{"start":{"line":241,"column":4},"end":{"line":241,"column":18}},"113":{"start":{"line":244,"column":0},"end":{"line":247,"column":2}},"114":{"start":{"line":245,"column":17},"end":{"line":245,"column":52}},"115":{"start":{"line":246,"column":4},"end":{"line":246,"column":18}},"116":{"start":{"line":249,"column":0},"end":{"line":252,"column":2}},"117":{"start":{"line":250,"column":17},"end":{"line":250,"column":35}},"118":{"start":{"line":251,"column":4},"end":{"line":251,"column":18}},"119":{"start":{"line":254,"column":0},"end":{"line":257,"column":2}},"120":{"start":{"line":255,"column":17},"end":{"line":255,"column":52}},"121":{"start":{"line":256,"column":4},"end":{"line":256,"column":18}},"122":{"start":{"line":259,"column":0},"end":{"line":268,"column":2}},"123":{"start":{"line":260,"column":4},"end":{"line":267,"column":5}},"124":{"start":{"line":261,"column":21},"end":{"line":261,"column":64}},"125":{"start":{"line":262,"column":30},"end":{"line":262,"column":61}},"126":{"start":{"line":263,"column":22},"end":{"line":263,"column":90}},"127":{"start":{"line":264,"column":8},"end":{"line":264,"column":22}},"128":{"start":{"line":266,"column":8},"end":{"line":266,"column":70}},"129":{"start":{"line":270,"column":0},"end":{"line":275,"column":2}},"130":{"start":{"line":271,"column":17},"end":{"line":271,"column":59}},"131":{"start":{"line":272,"column":26},"end":{"line":272,"column":57}},"132":{"start":{"line":273,"column":18},"end":{"line":273,"column":85}},"133":{"start":{"line":274,"column":4},"end":{"line":274,"column":18}},"134":{"start":{"line":277,"column":0},"end":{"line":282,"column":2}},"135":{"start":{"line":278,"column":17},"end":{"line":278,"column":52}},"136":{"start":{"line":279,"column":26},"end":{"line":279,"column":61}},"137":{"start":{"line":280,"column":18},"end":{"line":280,"column":85}},"138":{"start":{"line":281,"column":4},"end":{"line":281,"column":18}},"139":{"start":{"line":284,"column":0},"end":{"line":289,"column":2}},"140":{"start":{"line":285,"column":17},"end":{"line":285,"column":53}},"141":{"start":{"line":286,"column":26},"end":{"line":286,"column":53}},"142":{"start":{"line":287,"column":18},"end":{"line":287,"column":86}},"143":{"start":{"line":288,"column":4},"end":{"line":288,"column":18}},"144":{"start":{"line":291,"column":0},"end":{"line":296,"column":2}},"145":{"start":{"line":292,"column":17},"end":{"line":292,"column":56}},"146":{"start":{"line":293,"column":26},"end":{"line":293,"column":53}},"147":{"start":{"line":294,"column":18},"end":{"line":294,"column":85}},"148":{"start":{"line":295,"column":4},"end":{"line":295,"column":18}},"149":{"start":{"line":300,"column":0},"end":{"line":309,"column":2}},"150":{"start":{"line":301,"column":4},"end":{"line":308,"column":5}},"151":{"start":{"line":302,"column":21},"end":{"line":302,"column":58}},"152":{"start":{"line":303,"column":8},"end":{"line":303,"column":25}},"153":{"start":{"line":304,"column":8},"end":{"line":304,"column":22}},"154":{"start":{"line":307,"column":8},"end":{"line":307,"column":59}},"155":{"start":{"line":312,"column":0},"end":{"line":315,"column":2}},"156":{"start":{"line":313,"column":17},"end":{"line":313,"column":53}},"157":{"start":{"line":314,"column":4},"end":{"line":314,"column":18}},"158":{"start":{"line":317,"column":0},"end":{"line":320,"column":2}},"159":{"start":{"line":318,"column":17},"end":{"line":318,"column":38}},"160":{"start":{"line":319,"column":4},"end":{"line":319,"column":18}},"161":{"start":{"line":322,"column":0},"end":{"line":325,"column":2}},"162":{"start":{"line":323,"column":17},"end":{"line":323,"column":56}},"163":{"start":{"line":324,"column":4},"end":{"line":324,"column":18}},"164":{"start":{"line":328,"column":0},"end":{"line":333,"column":2}},"165":{"start":{"line":329,"column":17},"end":{"line":329,"column":47}},"166":{"start":{"line":330,"column":26},"end":{"line":330,"column":63}},"167":{"start":{"line":331,"column":18},"end":{"line":331,"column":86}},"168":{"start":{"line":332,"column":4},"end":{"line":332,"column":18}},"169":{"start":{"line":335,"column":0},"end":{"line":343,"column":2}},"170":{"start":{"line":336,"column":17},"end":{"line":336,"column":51}},"171":{"start":{"line":337,"column":26},"end":{"line":337,"column":67}},"172":{"start":{"line":338,"column":18},"end":{"line":338,"column":86}},"173":{"start":{"line":339,"column":17},"end":{"line":339,"column":27}},"174":{"start":{"line":340,"column":4},"end":{"line":341,"column":30}},"175":{"start":{"line":340,"column":100},"end":{"line":340,"column":114}},"176":{"start":{"line":341,"column":13},"end":{"line":341,"column":30}},"177":{"start":{"line":345,"column":0},"end":{"line":353,"column":2}},"178":{"start":{"line":346,"column":4},"end":{"line":352,"column":5}},"179":{"start":{"line":347,"column":17},"end":{"line":347,"column":56}},"180":{"start":{"line":348,"column":4},"end":{"line":348,"column":18}},"181":{"start":{"line":351,"column":8},"end":{"line":351,"column":62}},"182":{"start":{"line":355,"column":0},"end":{"line":363,"column":2}},"183":{"start":{"line":356,"column":4},"end":{"line":362,"column":5}},"184":{"start":{"line":357,"column":17},"end":{"line":357,"column":55}},"185":{"start":{"line":358,"column":4},"end":{"line":358,"column":18}},"186":{"start":{"line":361,"column":8},"end":{"line":361,"column":62}},"187":{"start":{"line":365,"column":0},"end":{"line":384,"column":3}},"188":{"start":{"line":366,"column":26},"end":{"line":366,"column":34}},"189":{"start":{"line":367,"column":4},"end":{"line":369,"column":5}},"190":{"start":{"line":368,"column":8},"end":{"line":368,"column":82}},"191":{"start":{"line":371,"column":4},"end":{"line":383,"column":5}},"192":{"start":{"line":372,"column":21},"end":{"line":372,"column":52}},"193":{"start":{"line":373,"column":7},"end":{"line":380,"column":8}},"194":{"start":{"line":374,"column":27},"end":{"line":374,"column":57}},"195":{"start":{"line":375,"column":8},"end":{"line":375,"column":70}},"196":{"start":{"line":378,"column":27},"end":{"line":378,"column":56}},"197":{"start":{"line":379,"column":8},"end":{"line":379,"column":23}},"198":{"start":{"line":382,"column":8},"end":{"line":382,"column":82}},"199":{"start":{"line":386,"column":0},"end":{"line":405,"column":2}},"200":{"start":{"line":387,"column":26},"end":{"line":387,"column":34}},"201":{"start":{"line":388,"column":4},"end":{"line":390,"column":5}},"202":{"start":{"line":389,"column":8},"end":{"line":389,"column":82}},"203":{"start":{"line":392,"column":4},"end":{"line":404,"column":5}},"204":{"start":{"line":393,"column":21},"end":{"line":393,"column":51}},"205":{"start":{"line":394,"column":8},"end":{"line":401,"column":9}},"206":{"start":{"line":395,"column":31},"end":{"line":395,"column":61}},"207":{"start":{"line":396,"column":12},"end":{"line":396,"column":74}},"208":{"start":{"line":399,"column":31},"end":{"line":399,"column":60}},"209":{"start":{"line":400,"column":12},"end":{"line":400,"column":27}},"210":{"start":{"line":403,"column":8},"end":{"line":403,"column":82}},"211":{"start":{"line":407,"column":0},"end":{"line":427,"column":2}},"212":{"start":{"line":408,"column":26},"end":{"line":408,"column":34}},"213":{"start":{"line":409,"column":4},"end":{"line":409,"column":25}},"214":{"start":{"line":410,"column":4},"end":{"line":412,"column":5}},"215":{"start":{"line":411,"column":8},"end":{"line":411,"column":82}},"216":{"start":{"line":414,"column":4},"end":{"line":426,"column":5}},"217":{"start":{"line":415,"column":21},"end":{"line":415,"column":50}},"218":{"start":{"line":416,"column":8},"end":{"line":423,"column":9}},"219":{"start":{"line":417,"column":31},"end":{"line":417,"column":61}},"220":{"start":{"line":418,"column":12},"end":{"line":418,"column":74}},"221":{"start":{"line":421,"column":31},"end":{"line":421,"column":60}},"222":{"start":{"line":422,"column":12},"end":{"line":422,"column":27}},"223":{"start":{"line":425,"column":8},"end":{"line":425,"column":82}},"224":{"start":{"line":429,"column":0},"end":{"line":442,"column":2}},"225":{"start":{"line":430,"column":31},"end":{"line":430,"column":39}},"226":{"start":{"line":431,"column":4},"end":{"line":433,"column":5}},"227":{"start":{"line":432,"column":8},"end":{"line":432,"column":73}},"228":{"start":{"line":435,"column":4},"end":{"line":441,"column":5}},"229":{"start":{"line":436,"column":21},"end":{"line":436,"column":67}},"230":{"start":{"line":437,"column":8},"end":{"line":437,"column":23}},"231":{"start":{"line":440,"column":8},"end":{"line":440,"column":82}},"232":{"start":{"line":456,"column":0},"end":{"line":473,"column":2}},"233":{"start":{"line":457,"column":91},"end":{"line":457,"column":99}},"234":{"start":{"line":458,"column":18},"end":{"line":458,"column":60}},"235":{"start":{"line":460,"column":4},"end":{"line":462,"column":5}},"236":{"start":{"line":461,"column":8},"end":{"line":461,"column":79}},"237":{"start":{"line":464,"column":4},"end":{"line":472,"column":5}},"238":{"start":{"line":465,"column":23},"end":{"line":465,"column":114}},"239":{"start":{"line":466,"column":26},"end":{"line":466,"column":47}},"240":{"start":{"line":467,"column":18},"end":{"line":467,"column":98}},"241":{"start":{"line":468,"column":4},"end":{"line":468,"column":27}},"242":{"start":{"line":469,"column":4},"end":{"line":469,"column":36}},"243":{"start":{"line":471,"column":8},"end":{"line":471,"column":82}},"244":{"start":{"line":476,"column":0},"end":{"line":494,"column":2}},"245":{"start":{"line":477,"column":97},"end":{"line":477,"column":105}},"246":{"start":{"line":479,"column":4},"end":{"line":481,"column":5}},"247":{"start":{"line":480,"column":8},"end":{"line":480,"column":79}},"248":{"start":{"line":483,"column":4},"end":{"line":493,"column":5}},"249":{"start":{"line":484,"column":26},"end":{"line":484,"column":126}},"250":{"start":{"line":485,"column":8},"end":{"line":485,"column":47}},"251":{"start":{"line":486,"column":30},"end":{"line":486,"column":50}},"252":{"start":{"line":487,"column":22},"end":{"line":487,"column":99}},"253":{"start":{"line":488,"column":22},"e
[...]
lumn":4},"end":{"line":693,"column":5}},{"start":{},"end":{}}],"line":691},"56":{"loc":{"start":{"line":701,"column":38},"end":{"line":701,"column":78}},"type":"binary-expr","locations":[{"start":{"line":701,"column":38},"end":{"line":701,"column":51}},{"start":{"line":701,"column":55},"end":{"line":701,"column":78}}],"line":701},"57":{"loc":{"start":{"line":707,"column":4},"end":{"line":709,"column":5}},"type":"if","locations":[{"start":{"line":707,"column":4},"end":{"line":709,"column":5}},{"start":{},"end":{}}],"line":707},"58":{"loc":{"start":{"line":717,"column":38},"end":{"line":717,"column":78}},"type":"binary-expr","locations":[{"start":{"line":717,"column":38},"end":{"line":717,"column":51}},{"start":{"line":717,"column":55},"end":{"line":717,"column":78}}],"line":717},"59":{"loc":{"start":{"line":727,"column":4},"end":{"line":729,"column":5}},"type":"if","locations":[{"start":{"line":727,"column":4},"end":{"line":729,"column":5}},{"start":{},"end":{}}],"line":727},"60":{"loc":{"start":{"line":727,"column":8},"end":{"line":727,"column":70}},"type":"binary-expr","locations":[{"start":{"line":727,"column":8},"end":{"line":727,"column":19}},{"start":{"line":727,"column":23},"end":{"line":727,"column":33}},{"start":{"line":727,"column":37},"end":{"line":727,"column":47}},{"start":{"line":727,"column":51},"end":{"line":727,"column":61}},{"start":{"line":727,"column":65},"end":{"line":727,"column":70}}],"line":727},"61":{"loc":{"start":{"line":734,"column":8},"end":{"line":738,"column":9}},"type":"if","locations":[{"start":{"line":734,"column":8},"end":{"line":738,"column":9}},{"start":{},"end":{}}],"line":734},"62":{"loc":{"start":{"line":746,"column":38},"end":{"line":746,"column":78}},"type":"binary-expr","locations":[{"start":{"line":746,"column":38},"end":{"line":746,"column":51}},{"start":{"line":746,"column":55},"end":{"line":746,"column":78}}],"line":746},"63":{"loc":{"start":{"line":753,"column":4},"end":{"line":755,"column":5}},"type":"if","locations":[{"start":{"line":753,"column":4},"end":{"line":755,"column":5}},{"start":{},"end":{}}],"line":753},"64":{"loc":{"start":{"line":753,"column":8},"end":{"line":753,"column":33}},"type":"binary-expr","locations":[{"start":{"line":753,"column":8},"end":{"line":753,"column":19}},{"start":{"line":753,"column":23},"end":{"line":753,"column":33}}],"line":753},"65":{"loc":{"start":{"line":762,"column":8},"end":{"line":764,"column":9}},"type":"if","locations":[{"start":{"line":762,"column":8},"end":{"line":764,"column":9}},{"start":{},"end":{}}],"line":762},"66":{"loc":{"start":{"line":762,"column":12},"end":{"line":762,"column":83}},"type":"binary-expr","locations":[{"start":{"line":762,"column":12},"end":{"line":762,"column":40}},{"start":{"line":762,"column":44},"end":{"line":762,"column":83}}],"line":762},"67":{"loc":{"start":{"line":769,"column":8},"end":{"line":771,"column":9}},"type":"if","locations":[{"start":{"line":769,"column":8},"end":{"line":771,"column":9}},{"start":{},"end":{}}],"line":769},"68":{"loc":{"start":{"line":774,"column":8},"end":{"line":776,"column":9}},"type":"if","locations":[{"start":{"line":774,"column":8},"end":{"line":776,"column":9}},{"start":{},"end":{}}],"line":774},"69":{"loc":{"start":{"line":784,"column":38},"end":{"line":784,"column":78}},"type":"binary-expr","locations":[{"start":{"line":784,"column":38},"end":{"line":784,"column":51}},{"start":{"line":784,"column":55},"end":{"line":784,"column":78}}],"line":784},"70":{"loc":{"start":{"line":790,"column":4},"end":{"line":792,"column":5}},"type":"if","locations":[{"start":{"line":790,"column":4},"end":{"line":792,"column":5}},{"start":{},"end":{}}],"line":790},"71":{"loc":{"start":{"line":800,"column":38},"end":{"line":800,"column":78}},"type":"binary-expr","locations":[{"start":{"line":800,"column":38},"end":{"line":800,"column":51}},{"start":{"line":800,"column":55},"end":{"line":800,"column":78}}],"line":800},"72":{"loc":{"start":{"line":806,"column":4},"end":{"line":808,"column":5}},"type":"if","locations":[{"start":{"line":806,"column":4},"end":{"line":808,"column":5}},{"start":{},"end":{}}],"line":806},"73":{"loc":{"start":{"line":806,"column":8},"end":{"line":806,"column":68}},"type":"binary-expr","locations":[{"start":{"line":806,"column":8},"end":{"line":806,"column":55}},{"start":{"line":806,"column":59},"end":{"line":806,"column":68}}],"line":806},"74":{"loc":{"start":{"line":816,"column":38},"end":{"line":816,"column":78}},"type":"binary-expr","locations":[{"start":{"line":816,"column":38},"end":{"line":816,"column":51}},{"start":{"line":816,"column":55},"end":{"line":816,"column":78}}],"line":816},"75":{"loc":{"start":{"line":823,"column":4},"end":{"line":825,"column":5}},"type":"if","locations":[{"start":{"line":823,"column":4},"end":{"line":825,"column":5}},{"start":{},"end":{}}],"line":823},"76":{"loc":{"start":{"line":829,"column":4},"end":{"line":831,"column":5}},"type":"if","locations":[{"start":{"line":829,"column":4},"end":{"line":831,"column":5}},{"start":{},"end":{}}],"line":829},"77":{"loc":{"start":{"line":837,"column":38},"end":{"line":837,"column":78}},"type":"binary-expr","locations":[{"start":{"line":837,"column":38},"end":{"line":837,"column":51}},{"start":{"line":837,"column":55},"end":{"line":837,"column":78}}],"line":837},"78":{"loc":{"start":{"line":843,"column":4},"end":{"line":845,"column":5}},"type":"if","locations":[{"start":{"line":843,"column":4},"end":{"line":845,"column":5}},{"start":{},"end":{}}],"line":843},"79":{"loc":{"start":{"line":853,"column":38},"end":{"line":853,"column":78}},"type":"binary-expr","locations":[{"start":{"line":853,"column":38},"end":{"line":853,"column":51}},{"start":{"line":853,"column":55},"end":{"line":853,"column":78}}],"line":853},"80":{"loc":{"start":{"line":861,"column":4},"end":{"line":863,"column":5}},"type":"if","locations":[{"start":{"line":861,"column":4},"end":{"line":863,"column":5}},{"start":{},"end":{}}],"line":861},"81":{"loc":{"start":{"line":869,"column":4},"end":{"line":871,"column":5}},"type":"if","locations":[{"start":{"line":869,"column":4},"end":{"line":871,"column":5}},{"start":{},"end":{}}],"line":869},"82":{"loc":{"start":{"line":879,"column":38},"end":{"line":879,"column":78}},"type":"binary-expr","locations":[{"start":{"line":879,"column":38},"end":{"line":879,"column":51}},{"start":{"line":879,"column":55},"end":{"line":879,"column":78}}],"line":879},"83":{"loc":{"start":{"line":907,"column":8},"end":{"line":909,"column":9}},"type":"if","locations":[{"start":{"line":907,"column":8},"end":{"line":909,"column":9}},{"start":{},"end":{}}],"line":907},"84":{"loc":{"start":{"line":918,"column":38},"end":{"line":918,"column":78}},"type":"binary-expr","locations":[{"start":{"line":918,"column":38},"end":{"line":918,"column":51}},{"start":{"line":918,"column":55},"end":{"line":918,"column":78}}],"line":918},"85":{"loc":{"start":{"line":932,"column":49},"end":{"line":932,"column":89}},"type":"binary-expr","locations":[{"start":{"line":932,"column":49},"end":{"line":932,"column":62}},{"start":{"line":932,"column":66},"end":{"line":932,"column":89}}],"line":932},"86":{"loc":{"start":{"line":946,"column":49},"end":{"line":946,"column":89}},"type":"binary-expr","locations":[{"start":{"line":946,"column":49},"end":{"line":946,"column":62}},{"start":{"line":946,"column":66},"end":{"line":946,"column":89}}],"line":946},"87":{"loc":{"start":{"line":963,"column":8},"end":{"line":965,"column":9}},"type":"if","locations":[{"start":{"line":963,"column":8},"end":{"line":965,"column":9}},{"start":{},"end":{}}],"line":963},"88":{"loc":{"start":{"line":974,"column":38},"end":{"line":974,"column":78}},"type":"binary-expr","locations":[{"start":{"line":974,"column":38},"end":{"line":974,"column":51}},{"start":{"line":974,"column":55},"end":{"line":974,"column":78}}],"line":974},"89":{"loc":{"start":{"line":988,"column":49},"end":{"line":988,"column":89}},"type":"binary-expr","locations":[{"start":{"line":988,"column":49},"end":{"line":988,"column":62}},{"start":{"line":988,"column":66},"end":{"line":988,"column":89}}],"line":988},"90":{"loc":{"start":{"line":1005,"column":8},"end":{"line":1007,"column":9}},"type":"if","locations":[{"start":{"line":1005,"column":8},"end":{"line":1007,"column":9}},{"start":{},"end":{}}],"line":1005},"91":{"loc":{"start":{"line":1014,"column":49},"end":{"line":1014,"column":89}},"type":"binary-expr","locations":[{"start":{"line":1014,"column":49},"end":{"line":1014,"column":62}},{"start":{"line":1014,"column":66},"end":{"line":1014,"column":89}}],"line":1014},"92":{"loc":{"start":{"line":1031,"column":8},"end":{"line":1033,"column":9}},"type":"if","locations":[{"start":{"line":1031,"column":8},"end":{"line":1033,"column":9}},{"start":{},"end":{}}],"line":1031},"93":{"loc":{"start":{"line":1040,"column":49},"end":{"line":1040,"column":89}},"type":"binary-expr","locations":[{"start":{"line":1040,"column":49},"end":{"line":1040,"column":62}},{"start":{"line":1040,"column":66},"end":{"line":1040,"column":89}}],"line":1040},"94":{"loc":{"start":{"line":1055,"column":36},"end":{"line":1055,"column":76}},"type":"binary-expr","locations":[{"start":{"line":1055,"column":36},"end":{"line":1055,"column":49}},{"start":{"line":1055,"column":53},"end":{"line":1055,"column":76}}],"line":1055},"95":{"loc":{"start":{"line":1068,"column":38},"end":{"line":1068,"column":78}},"type":"binary-expr","locations":[{"start":{"line":1068,"column":38},"end":{"line":1068,"column":51}},{"start":{"line":1068,"column":55},"end":{"line":1068,"column":78}}],"line":1068},"96":{"loc":{"start":{"line":1074,"column":4},"end":{"line":1076,"column":5}},"type":"if","locations":[{"start":{"line":1074,"column":4},"end":{"line":1076,"column":5}},{"start":{},"end":{}}],"line":1074},"97":{"loc":{"start":{"line":1074,"column":8},"end":{"line":1074,"column":61}},"type":"binary-expr","locations":[{"start":{"line":1074,"column":8},"end":{"line":1074,"column":19}},{"start":{"line":1074,"column":23},"end":{"line":1074,"column":33}},{"start":{"line":1074,"column":37},"end":{"line":1074,"column":47}},{"start":{"line":1074,"column":51},"end":{"line":1074,"column":61}}],"line":1074},"98":{"loc":{"start":{"line":1084,"column":38},"end":{"line":1084,"column":78}},"type":"binary-expr","locations":[{"start":{"line":1084,"column":38},"end":{"line":1084,"column":51}},{"start":{"line":1084,"column":55},"end":{"line":1084,"column":78}}],"line":1084},"99":{"loc":{"start":{"line":1091,"column":4},"end":{"line":1093,"column":5}},"type":"if","locations":[{"start":{"line":1091,"column":4},"end":{"line":1093,"column":5}},{"start":{},"end":{}}],"line":1091},"100":{"loc":{"start":{"line":1091,"column":8},"end":{"line":1091,"column":37}},"type":"binary-expr","locations":[{"start":{"line":1091,"column":8},"end":{"line":1091,"column":23}},{"start":{"line":1091,"column":27},"end":{"line":1091,"column":37}}],"line":1091},"101":{"loc":{"start":{"line":1101,"column":38},"end":{"line":1101,"column":78}},"type":"binary-expr","locations":[{"start":{"line":1101,"column":38},"end":{"line":1101,"column":51}},{"start":{"line":1101,"column":55},"end":{"line":1101,"column":78}}],"line":1101},"102":{"loc":{"start":{"line":1108,"column":4},"end":{"line":1110,"column":5}},"type":"if","locations":[{"start":{"line":1108,"column":4},"end":{"line":1110,"column":5}},{"start":{},"end":{}}],"line":1108},"103":{"loc":{"start":{"line":1108,"column":8},"end":{"line":1108,"column":37}},"type":"binary-expr","locations":[{"start":{"line":1108,"column":8},"end":{"line":1108,"column":23}},{"start":{"line":1108,"column":27},"end":{"line":1108,"column":37}}],"line":1108},"104":{"loc":{"start":{"line":1118,"column":38},"end":{"line":1118,"column":78}},"type":"binary-expr","locations":[{"start":{"line":1118,"column":38},"end":{"line":1118,"column":51}},{"start":{"line":1118,"column":55},"end":{"line":1118,"column":78}}],"line":1118},"105":{"loc":{"start":{"line":1124,"column":4},"end":{"line":1126,"column":5}},"type":"if","locations":[{"start":{"line":1124,"column":4},"end":{"line":1126,"column":5}},{"start":{},"end":{}}],"line":1124},"106":{"loc":{"start":{"line":1124,"column":8},"end":{"line":1124,"column":43}},"type":"binary-expr","locations":[{"start":{"line":1124,"column":8},"end":{"line":1124,"column":24}},{"start":{"line":1124,"column":28},"end":{"line":1124,"column":43}}],"line":1124},"107":{"loc":{"start":{"line":1134,"column":38},"end":{"line":1134,"column":76}},"type":"binary-expr","locations":[{"start":{"line":1134,"column":38},"end":{"line":1134,"column":49}},{"start":{"line":1134,"column":53},"end":{"line":1134,"column":76}}],"line":1134}},"s":{"0":1,"1":1,"2":1,"3":1,"4":1,"5":0,"6":0,"7":1,"8":1,"9":1,"10":0,"11":0,"12":0,"13":0,"14":0,"15":0,"16":0,"17":0,"18":0,"19":0,"20":0,"21":1,"22":1,"23":1,"24":4,"25":4,"26":0,"27":4,"28":0,"29":4,"30":1,"31":0,"32":0,"33":0,"34":1,"35":1,"36":0,"37":0,"38":1,"39":0,"40":0,"41":0,"42":0,"43":0,"44":1,"45":1,"46":1,"47":1,"48":1,"49":1,"50":1,"51":1,"52":1,"53":1,"54":1,"55":1,"56":1,"57":1,"58":1,"59":1,"60":0,"61":0,"62":0,"63":0,"64":1,"65":1,"66":1,"67":1,"68":0,"69":0,"70":0,"71":0,"72":0,"73":1,"74":2,"75":2,"76":1,"77":1,"78":1,"79":1,"80":1,"81":1,"82":0,"83":1,"84":0,"85":0,"86":0,"87":0,"88":1,"89":1,"90":1,"91":1,"92":1,"93":1,"94":0,"95":0,"96":1,"97":0,"98":0,"99":1,"100":1,"101":1,"102":1,"103":1,"104":0,"105":1,"106":1,"107":1,"108":1,"109":1,"110":1,"111":1,"112":1,"113":1,"114":1,"115":1,"116":1,"117":1,"118":1,"119":1,"120":1,"121":1,"122":1,"123":0,"124":0,"125":0,"126":0,"127":0,"128":0,"129":1,"130":1,"131":1,"132":1,"133":1,"134":1,"135":1,"136":1,"137":1,"138":1,"139":1,"140":1,"141":1,"142":1,"143":1,"144":1,"145":0,"146":0,"147":0,"148":0,"149":1,"150":1,"151":1,"152":1,"153":1,"154":0,"155":1,"156":0,"157":0,"158":1,"159":2,"160":2,"161":1,"162":0,"163":0,"164":1,"165":1,"166":1,"167":1,"168":1,"169":1,"170":0,"171":0,"172":0,"173":0,"174":0,"175":0,"176":0,"177":1,"178":1,"179":1,"180":1,"181":0,"182":1,"183":1,"184":1,"185":1,"186":0,"187":1,"188":3,"189":3,"190":2,"191":1,"192":1,"193":1,"194":0,"195":0,"196":1,"197":1,"198":0,"199":1,"200":3,"201":3,"202":2,"203":1,"204":1,"205":1,"206":0,"207":0,"208":1,"209":1,"210":0,"211":1,"212":3,"213":3,"214":3,"215":2,"216":1,"217":1,"218":1,"219":0,"220":0,"221":1,"222":1,"223":0,"224":1,"225":2,"226":2,"227":1,"228":1,"229":1,"230":1,"231":0,"232":1,"233":2,"234":2,"235":2,"236":1,"237":1,"238":1,"239":0,"240":0,"241":0,"242":0,"243":1,"244":1,"245":2,"246":2,"247":1,"248":1,"249":1,"250":0,"251":0,"252":0,"253":0,"254":0,"255":0,"256":1,"257":1,"258":2,"259":2,"260":1,"261":1,"262":1,"263":0,"264":0,"265":0,"266":1,"267":1,"268":2,"269":2,"270":1,"271":1,"272":1,"273":1,"274":1,"275":1,"276":0,"277":1,"278":2,"279":2,"280":1,"281":1,"282":1,"283":0,"284":0,"285":0,"286":1,"287":1,"288":2,"289":2,"290":1,"291":1,"292":1,"293":1,"294":0,"295":1,"296":2,"297":2,"298":1,"299":1,"300":1,"301":1,"302":1,"303":1,"304":0,"305":1,"306":2,"307":2,"308":1,"309":1,"310":1,"311":1,"312":0,"313":1,"314":2,"315":2,"316":1,"317":1,"318":1,"319":1,"320":0,"321":1,"322":0,"323":0,"324":0,"325":0,"326":0,"327":0,"328":0,"329":0,"330":0,"331":1,"332":2,"333":2,"334":1,"335":1,"336":1,"337":1,"338":1,"339":1,"340":1,"341":1,"342":1,"343":0,"344":1,"345":2,"346":2,"347":1,"348":1,"349":1,"350":1,"351":1,"352":1,"353":0,"354":1,"355":2,"356":2,"357":1,"358":1,"359":1,"360":0,"361":0,"362":0,"363":0,"364":1,"365":1,"366":0,"367":0,"368":0,"369":0,"370":0,"371":0,"372":0,"373":0,"374":1,"375":0,"376":0,"377":0,"378":0,"379":0,"380":0,"381":0,"382":0,"383":0,"384":1,"385":2,"386":2,"387":1,"388":1,"389":1,"390":1,"391":0,"392":0,"393":0,"394":1,"395":1,"396":1,"397":1,"398":1,"399":0,"400":1,"401":4,"402":4,"403":1,"404":3,"405":3,"406":3,"407":3,"408":3,"409":1,"410":2,"411":2,"412":1,"413":1,"414":1,"415":1,"416":0,"417":0,"418":0,"419":0,"420":0,"421":1,"422":2,"423":2,"424":1,"425":1,"426":1,"427":1,"428":1,"429":1,"430":0,"431":1,"432":0,"433":0,"434":0,"435":0,"436":0,"437":0,"438":0,"439":0,"440":0,"441":1,"442":2,"443":2,"444":1,"445":1,"446":1,"447":1,"448":0,"449":1,"450":1,"451":1,"452":0,"453":0,"454":1,"455":2,"456":2,"457":1,"458":1,"459":1,"460":0,"461":0,"462":0,"463":1,"464":1,"465":2,"466":2,"467":2,"468":2,"469":2,"470":0,"471":1,"472":2,"473":2,"474":1,"475":1,"476":1,"477":0,"478":0,"479":0,"480":1,"481":1,"482":2,"483":2,"484":2,"485":2,"486":2,"487":3,"488":2,"489":0,"490":2,"491":1,"492":1,"493":1,"494":1,"495":1,"496":1,"497":1,"498":1,"499":1,"500":1,"501":1,"502":1,"503":1,"504":0,"505":1,"506":1,"507":1,"508":1,"509":1,"510":1,"511":1,"512":1,"513":0,"514":1,"515":2,"516":2,"517":2,"518":2,"519":2,"520":2,"521":2,"522":1,"523":1,"524":1,"525":1,"526":1,"527":1,"528":0,"529":1,"530":1,"531":1,"532":1,"533":1,"534":0,"535":0,"536":0,"537":1,"538":1,"539":2,"540":2,"541":2,"542":2,"543":2,"544":2,"545":0,"546":0,"547":0,"548":0,"549":0,"550":0,"551":2,"552":1,"553":1,"554":1,"555":1,"556":1,"557":1,"558":1,"559":0,"560":0,"561":0,"562":0,"563":0,"564":0,"565":1,"566":1,"567":1,"568":1,"569":1,"570":1,"571":1,"572":1,"573":1,"574":0,"575":0,"576":1,"577":2,"578":2,"579":2,"580":2,"581":0,"582":0,"583":1,"584":0,"585":0,"586":0,"587":0,"588":0,"589":0,"590":0,"591":0,"592":0,"593":1,"594":1,"595":1,"596":0,"597":1,"598":1,"599":1,"600":1,"601":1,"602":0,"603":1,"604":1,"605":1,"606":0,"607":1,"608":1,"609":1,"610":1,"611":1,"612":0,"613":1,"614":1,"615":1,"616":0,"617":1,"618":1,"619":1,"620":1,"621":1,"622":0,"623":1,"624":0,"625":0,"626":0,"627":0,"628":0,"629":1,"630":1,"631":1,"632":1,"633":1,"634":1,"635":1,"636":1,"637":1,"638":1,"639":1,"640":0,"641":0,"642":0,"643":0,"644":1,"645":0,"646":0,"647":0,"648":0,"649":1,"650":0,"651":0,"652":0,"653":0,"654":1,"655":0,"656":0,"657":0,"658":0,"659":1,"660":0,"661":0,"662":0,"663":0,"664":1,"665":1,"666":1,"667":1,"668":1,"669":1,"670":0,"671":0,"672":0,"673":0,"674":1,"675":0,"676":0,"677":0,"678":0},"f":{"0":0,"1":0,"2":0,"3":0,"4":0,"5":1,"6":4,"7":0,"8":0,"9":0,"10":0,"11":1,"12":1,"13":1,"14":0,"15":1,"16":0,"17":2,"18":0,"19":1,"20":0,"21":0,"22":1,"23":1,"24":1,"25":1,"26":1,"27":1,"28":0,"29":1,"30":1,"31":1,"32":0,"33":1,"34":0,"35":2,"36":0,"37":1,"38":0,"39":1,"40":1,"41":3,"42":3,"43":3,"44":2,"45":2,"46":2,"47":2,"48":2,"49":2,"50":2,"51":2,"52":2,"53":2,"54":0,"55":2,"56":2,"57":2,"58":0,"59":0,"60":2,"61":4,"62":2,"63":0,"64":2,"65":2,"66":2,"67":2,"68":2,"69":3,"70":1,"71":1,"72":2,"73":2,"74":1,"75":2,"76":2,"77":1,"78":1,"79":1,"80":2,"81":0,"82":1,"83":1,"84":1,"85":0,"86":1,"87":1,"88":0,"89":0,"90":0,"91":0,"92":0,"93":1,"94":0,"95":0},"b":{"0":[0,4],"1":[0,4],"2":[1,1],"3":[0,0],"4":[0,0],"5":[0,0],"6":[2,1],"7":[3,2],"8":[0,1],"9":[0,0],"10":[2,1],"11":[3,2],"12":[0,1],"13":[0,0],"14":[2,1],"15":[3,2],"16":[0,1],"17":[0,0],"18":[1,1],"19":[0,0],"20":[0,2],"21":[1,1],"22":[2,1,1,1,1,1,1,1],"23":[1,0],"24":[1,1],"25":[2,1,1,1,1,1,1,1],"26":[1,0],"27":[1,1],"28":[1,0],"29":[1,1],"30":[2,1,1],"31":[1,1],"32":[2,1,1,1,1,1],"33":[1,0],"34":[1,1],"35":[0,0],"36":[1,1],"37":[2,1,1,1],"38":[0,0],"39":[1,1],"40":[0,0],"41":[1,1],"42":[0,0],"43":[0,0],"44":[0,0,0,0,0,0,0],"45":[0,0],"46":[1,1],"47":[2,1,1,1,1,1,1,1],"48":[0,0],"49":[1,1],"50":[2,1],"51":[0,0],"52":[1,1],"53":[2,1],"54":[1,0],"55":[0,0],"56":[0,0],"57":[0,0],"58":[0,0],"59":[1,1],"60":[2,1,1,1,1],"61":[0,1],"62":[0,0],"63":[1,3],"64":[4,3],"65":[1,2],"66":[3,3],"67":[1,1],"68":[1,0],"69":[0,0],"70":[1,1],"71":[0,0],"72":[0,0],"73":[0,0],"74":[0,0],"75":[1,1],"76":[0,1],"77":[0,0],"78":[1,1],"79":[1,0],"80":[2,0],"81":[1,1],"82":[1,0],"83":[0,2],"84":[1,0],"85":[0,0],"86":[0,0],"87":[1,1],"88":[0,0],"89":[1,0],"90":[0,0],"91":[2,0],"92":[0,0],"93":[1,0],"94":[0,0],"95":[0,0],"96":[0,0],"97":[0,0,0,0],"98":[0,0],"99":[0,1],"100":[1,1],"101":[0,0],"102":[0,1],"103":[1,1],"104":[0,0],"105":[0,1],"106":[1,1],"107":[0,0]},"_coverageSchema":"1a1c01bbd47fc00a2c39e90264f33305004495a9","hash":"f4e781d53c210a61ba276f4dc70263373e4a7f8d"}
}
