TN:
SF:PrimeWell_db.js
FN:18,getPatients
FN:31,getPatientInfo
FN:43,getDoctorInfo
FN:55,getPharmInfo
FN:66,getPatientDoc
FN:80,getAllDoctors
FN:91,getDoctors
FN:102,getDocPatients
FN:116,getDocID
FN:128,getDoctorSchedule
FN:139,(anonymous_10)
FN:143,(anonymous_11)
FN:153,getPharmacies
FN:164,getPills
FN:175,getTiers
FN:186,getPillsFromPharm
FN:197,getExercises
FN:208,getExerciseByClass
FN:219,getRegiment
FN:230,getForumPosts
FN:243,getComments_id
FN:254,getReviews
FN:268,getReviewsByID
FN:282,getReviewsComments
FN:295,getReviewsTop
FN:309,getSurvey
FN:320,getSurveyLatestDate
FN:331,getAuthSurvey
FN:343,getAppointmentsPatient
FN:354,getTimeslot
FN:369,checkExistingRequests
FN:381,getApptRequest
FN:396,getAppointmentsDoctor
FN:411,getPrescription
FN:423,getPrescriptionDoc
FN:435,getPreliminaries
FN:447,getChatMesseges
FN:459,getPatientAuth
FN:472,getDoctorAuth
FN:485,getPharmAuth
FN:499,getNearestPharms
FN:510,getAppointmentInfo
FN:543,LogAttempt
FN:556,genereateAudit
FN:569,createPatient
FN:584,createDoctor
FN:601,createDoctorTiers
FN:616,createDoctorSchedule
FN:627,createPharmacy
FN:650,createPill
FN:663,createExercise
FN:676,createRegiment
FN:689,createForumPost
FN:702,createComment
FN:716,createChatroom
FN:727,createChatMsg
FN:739,fetchAppointmentMessages
FN:750,createAppointment
FN:762,createApptRequest
FN:772,createPreliminary
FN:783,createPerscription
FN:795,createReveiw
FN:814,createSurvey
FN:826,createPayment
FN:842,UpdatePatientInfo
FN:857,addPatientDoc
FN:870,rmPatientDoc
FN:884,rmPatientAppt
FN:895,UpdateDoctorInfo
FN:909,UpdateRequest
FN:922,startAppointment
FN:935,endAppointment
FN:948,fetchApptStartStatus
FN:960,fetchApptEndStatus
FN:973,UpdateDoctorSchedule
FN:988,UpdateApptStat
FN:1002,UpdateDoctorFeedback
FN:1015,UpdatePerscriptionInfo
FN:1030,UpdatePillInfo
FN:1045,UpdateRegiment
FN:1059,appendToRegiment
FN:1097,(anonymous_81)
FN:1117,clearPatientRegiment
FN:1135,deletePatient
FN:1149,deleteAppointment
FN:1162,deleteRegiment
FN:1175,deleteDoctor
FN:1188,deleteDoctorTiers
FN:1201,deleteDoctorSchedule
FN:1214,deletePerscription
FN:1228,deletePill
FN:1241,deleteComment
FN:1254,deleteForumPost
FNF:93
FNH:2
FNDA:1,getPatients
FNDA:0,getPatientInfo
FNDA:0,getDoctorInfo
FNDA:0,getPharmInfo
FNDA:0,getPatientDoc
FNDA:0,getAllDoctors
FNDA:0,getDoctors
FNDA:0,getDocPatients
FNDA:0,getDocID
FNDA:0,getDoctorSchedule
FNDA:0,(anonymous_10)
FNDA:0,(anonymous_11)
FNDA:0,getPharmacies
FNDA:0,getPills
FNDA:0,getTiers
FNDA:0,getPillsFromPharm
FNDA:0,getExercises
FNDA:0,getExerciseByClass
FNDA:0,getRegiment
FNDA:0,getForumPosts
FNDA:0,getComments_id
FNDA:0,getReviews
FNDA:0,getReviewsByID
FNDA:0,getReviewsComments
FNDA:0,getReviewsTop
FNDA:0,getSurvey
FNDA:0,getSurveyLatestDate
FNDA:0,getAuthSurvey
FNDA:0,getAppointmentsPatient
FNDA:0,getTimeslot
FNDA:0,checkExistingRequests
FNDA:0,getApptRequest
FNDA:0,getAppointmentsDoctor
FNDA:0,getPrescription
FNDA:0,getPrescriptionDoc
FNDA:0,getPreliminaries
FNDA:0,getChatMesseges
FNDA:0,getPatientAuth
FNDA:0,getDoctorAuth
FNDA:0,getPharmAuth
FNDA:0,getNearestPharms
FNDA:0,getAppointmentInfo
FNDA:0,LogAttempt
FNDA:1,genereateAudit
FNDA:0,createPatient
FNDA:0,createDoctor
FNDA:0,createDoctorTiers
FNDA:0,createDoctorSchedule
FNDA:0,createPharmacy
FNDA:0,createPill
FNDA:0,createExercise
FNDA:0,createRegiment
FNDA:0,createForumPost
FNDA:0,createComment
FNDA:0,createChatroom
FNDA:0,createChatMsg
FNDA:0,fetchAppointmentMessages
FNDA:0,createAppointment
FNDA:0,createApptRequest
FNDA:0,createPreliminary
FNDA:0,createPerscription
FNDA:0,createReveiw
FNDA:0,createSurvey
FNDA:0,createPayment
FNDA:0,UpdatePatientInfo
FNDA:0,addPatientDoc
FNDA:0,rmPatientDoc
FNDA:0,rmPatientAppt
FNDA:0,UpdateDoctorInfo
FNDA:0,UpdateRequest
FNDA:0,startAppointment
FNDA:0,endAppointment
FNDA:0,fetchApptStartStatus
FNDA:0,fetchApptEndStatus
FNDA:0,UpdateDoctorSchedule
FNDA:0,UpdateApptStat
FNDA:0,UpdateDoctorFeedback
FNDA:0,UpdatePerscriptionInfo
FNDA:0,UpdatePillInfo
FNDA:0,UpdateRegiment
FNDA:0,appendToRegiment
FNDA:0,(anonymous_81)
FNDA:0,clearPatientRegiment
FNDA:0,deletePatient
FNDA:0,deleteAppointment
FNDA:0,deleteRegiment
FNDA:0,deleteDoctor
FNDA:0,deleteDoctorTiers
FNDA:0,deleteDoctorSchedule
FNDA:0,deletePerscription
FNDA:0,deletePill
FNDA:0,deleteComment
FNDA:0,deleteForumPost
DA:3,1
DA:6,1
DA:20,1
DA:21,1
DA:22,1
DA:25,0
DA:26,0
DA:32,0
DA:33,0
DA:34,0
DA:37,0
DA:38,0
DA:44,0
DA:45,0
DA:46,0
DA:49,0
DA:50,0
DA:56,0
DA:57,0
DA:58,0
DA:61,0
DA:62,0
DA:67,0
DA:68,0
DA:72,0
DA:75,0
DA:76,0
DA:81,0
DA:82,0
DA:83,0
DA:86,0
DA:87,0
DA:92,0
DA:93,0
DA:94,0
DA:97,0
DA:98,0
DA:103,0
DA:104,0
DA:108,0
DA:111,0
DA:112,0
DA:117,0
DA:118,0
DA:119,0
DA:122,0
DA:123,0
DA:129,0
DA:130,0
DA:131,0
DA:134,0
DA:135,0
DA:136,0
DA:138,0
DA:139,0
DA:143,0
DA:146,0
DA:148,0
DA:149,0
DA:154,0
DA:155,0
DA:156,0
DA:159,0
DA:160,0
DA:165,0
DA:166,0
DA:167,0
DA:170,0
DA:171,0
DA:176,0
DA:177,0
DA:178,0
DA:181,0
DA:182,0
DA:187,0
DA:188,0
DA:189,0
DA:192,0
DA:193,0
DA:198,0
DA:199,0
DA:200,0
DA:203,0
DA:204,0
DA:209,0
DA:210,0
DA:211,0
DA:214,0
DA:215,0
DA:220,0
DA:221,0
DA:222,0
DA:225,0
DA:226,0
DA:231,0
DA:232,0
DA:235,0
DA:238,0
DA:239,0
DA:244,0
DA:245,0
DA:246,0
DA:249,0
DA:250,0
DA:255,0
DA:256,0
DA:260,0
DA:263,0
DA:264,0
DA:269,0
DA:270,0
DA:274,0
DA:277,0
DA:278,0
DA:283,0
DA:284,0
DA:287,0
DA:290,0
DA:291,0
DA:296,0
DA:297,0
DA:300,0
DA:303,0
DA:304,0
DA:310,0
DA:311,0
DA:312,0
DA:315,0
DA:316,0
DA:321,0
DA:322,0
DA:323,0
DA:326,0
DA:327,0
DA:332,0
DA:333,0
DA:334,0
DA:337,0
DA:338,0
DA:344,0
DA:345,0
DA:347,0
DA:349,0
DA:350,0
DA:355,0
DA:356,0
DA:361,0
DA:364,0
DA:365,0
DA:370,0
DA:371,0
DA:373,0
DA:375,0
DA:376,0
DA:382,0
DA:383,0
DA:387,0
DA:390,0
DA:391,0
DA:397,0
DA:398,0
DA:402,0
DA:405,0
DA:406,0
DA:412,0
DA:413,0
DA:414,0
DA:417,0
DA:418,0
DA:424,0
DA:425,0
DA:426,0
DA:429,0
DA:430,0
DA:436,0
DA:437,0
DA:438,0
DA:441,0
DA:442,0
DA:448,0
DA:449,0
DA:450,0
DA:453,0
DA:454,0
DA:460,0
DA:461,0
DA:464,0
DA:467,0
DA:468,0
DA:473,0
DA:474,0
DA:477,0
DA:480,0
DA:481,0
DA:486,0
DA:487,0
DA:490,0
DA:491,0
DA:494,0
DA:495,0
DA:500,0
DA:501,0
DA:503,0
DA:505,0
DA:506,0
DA:511,0
DA:512,0
DA:514,0
DA:515,0
DA:518,0
DA:519,0
DA:544,0
DA:545,0
DA:548,0
DA:551,0
DA:552,0
DA:557,1
DA:558,1
DA:561,1
DA:564,0
DA:565,0
DA:570,0
DA:571,0
DA:574,0
DA:575,0
DA:576,0
DA:579,0
DA:580,0
DA:585,0
DA:586,0
DA:590,0
DA:591,0
DA:592,0
DA:593,0
DA:596,0
DA:597,0
DA:602,0
DA:603,0
DA:608,0
DA:611,0
DA:612,0
DA:617,0
DA:618,0
DA:619,0
DA:622,0
DA:623,0
DA:628,0
DA:629,0
DA:630,0
DA:635,0
DA:637,0
DA:641,0
DA:643,0
DA:645,0
DA:646,0
DA:651,0
DA:652,0
DA:655,0
DA:658,0
DA:659,0
DA:664,0
DA:665,0
DA:668,0
DA:671,0
DA:672,0
DA:677,0
DA:678,0
DA:681,0
DA:684,0
DA:685,0
DA:690,0
DA:691,0
DA:694,0
DA:697,0
DA:698,0
DA:703,0
DA:704,0
DA:707,0
DA:710,0
DA:711,0
DA:717,0
DA:718,0
DA:719,0
DA:722,0
DA:723,0
DA:728,0
DA:729,0
DA:731,0
DA:734,0
DA:735,0
DA:740,0
DA:741,0
DA:742,0
DA:745,0
DA:746,0
DA:751,0
DA:752,0
DA:754,0
DA:756,0
DA:757,0
DA:763,0
DA:764,0
DA:765,0
DA:767,0
DA:768,0
DA:773,0
DA:774,0
DA:775,0
DA:778,0
DA:779,0
DA:784,0
DA:785,0
DA:787,0
DA:790,0
DA:791,0
DA:796,0
DA:799,0
DA:800,0
DA:802,0
DA:803,0
DA:806,0
DA:809,0
DA:810,0
DA:815,0
DA:816,0
DA:818,0
DA:821,0
DA:822,0
DA:827,0
DA:828,0
DA:830,0
DA:833,0
DA:834,0
DA:843,0
DA:844,0
DA:847,0
DA:848,0
DA:851,0
DA:852,0
DA:858,0
DA:859,0
DA:862,0
DA:864,0
DA:865,0
DA:871,0
DA:872,0
DA:875,0
DA:876,0
DA:879,0
DA:880,0
DA:885,0
DA:886,0
DA:888,0
DA:890,0
DA:891,0
DA:896,0
DA:897,0
DA:900,0
DA:901,0
DA:904,0
DA:905,0
DA:910,0
DA:911,0
DA:914,0
DA:915,0
DA:917,0
DA:918,0
DA:923,0
DA:924,0
DA:927,0
DA:928,0
DA:930,0
DA:931,0
DA:936,0
DA:937,0
DA:940,0
DA:941,0
DA:943,0
DA:944,0
DA:949,0
DA:950,0
DA:951,0
DA:952,0
DA:955,0
DA:956,0
DA:961,0
DA:962,0
DA:963,0
DA:964,0
DA:967,0
DA:968,0
DA:974,0
DA:975,0
DA:978,0
DA:979,0
DA:982,0
DA:983,0
DA:989,0
DA:990,0
DA:993,0
DA:994,0
DA:997,0
DA:998,0
DA:1003,0
DA:1004,0
DA:1006,0
DA:1007,0
DA:1009,0
DA:1010,0
DA:1016,0
DA:1017,0
DA:1020,0
DA:1021,0
DA:1024,0
DA:1025,0
DA:1031,0
DA:1032,0
DA:1035,0
DA:1036,0
DA:1039,0
DA:1040,0
DA:1046,0
DA:1047,0
DA:1050,0
DA:1051,0
DA:1054,0
DA:1055,0
DA:1060,0
DA:1062,0
DA:1067,0
DA:1068,0
DA:1072,0
DA:1074,0
DA:1075,0
DA:1077,0
DA:1078,0
DA:1079,0
DA:1080,0
DA:1083,0
DA:1084,0
DA:1088,0
DA:1089,0
DA:1090,0
DA:1091,0
DA:1092,0
DA:1095,0
DA:1097,0
DA:1098,0
DA:1099,0
DA:1105,0
DA:1110,0
DA:1112,0
DA:1113,0
DA:1118,0
DA:1119,0
DA:1123,0
DA:1125,0
DA:1126,0
DA:1136,0
DA:1137,0
DA:1139,0
DA:1140,0
DA:1143,0
DA:1144,0
DA:1150,0
DA:1151,0
DA:1153,0
DA:1154,0
DA:1157,0
DA:1158,0
DA:1163,0
DA:1164,0
DA:1166,0
DA:1167,0
DA:1170,0
DA:1171,0
DA:1176,0
DA:1177,0
DA:1179,0
DA:1180,0
DA:1183,0
DA:1184,0
DA:1189,0
DA:1190,0
DA:1192,0
DA:1193,0
DA:1196,0
DA:1197,0
DA:1202,0
DA:1203,0
DA:1205,0
DA:1206,0
DA:1209,0
DA:1210,0
DA:1216,0
DA:1217,0
DA:1219,0
DA:1220,0
DA:1223,0
DA:1224,0
DA:1229,0
DA:1230,0
DA:1232,0
DA:1233,0
DA:1236,0
DA:1237,0
DA:1242,0
DA:1243,0
DA:1245,0
DA:1246,0
DA:1249,0
DA:1250,0
DA:1255,0
DA:1256,0
DA:1260,0
DA:1261,0
DA:1264,0
DA:1265,0
LF:518
LH:8
BRDA:130,0,0,0
BRDA:130,0,1,0
BRDA:799,1,0,0
BRDA:799,1,1,0
BRDA:1067,2,0,0
BRDA:1067,2,1,0
BRDA:1077,3,0,0
BRDA:1077,3,1,0
BRDA:1078,4,0,0
BRDA:1078,4,1,0
BRDA:1079,5,0,0
BRDA:1079,5,1,0
BRDA:1079,6,0,0
BRDA:1079,6,1,0
BRDA:1090,7,0,0
BRDA:1090,7,1,0
BRDA:1095,8,0,0
BRDA:1095,8,1,0
BRDA:1098,9,0,0
BRDA:1098,9,1,0
BRF:20
BRH:0
end_of_record
TN:
SF:server.js
FN:39,(anonymous_0)
FN:52,(anonymous_1)
FN:56,(anonymous_2)
FN:62,(anonymous_3)
FN:71,(anonymous_4)
FN:77,(anonymous_5)
FN:81,(anonymous_6)
FN:98,(anonymous_7)
FN:108,(anonymous_8)
FN:116,(anonymous_9)
FN:123,(anonymous_10)
FN:130,(anonymous_11)
FN:138,(anonymous_12)
FN:145,(anonymous_13)
FN:150,(anonymous_14)
FN:158,(anonymous_15)
FN:174,(anonymous_16)
FN:190,(anonymous_17)
FN:197,(anonymous_18)
FN:204,(anonymous_19)
FN:209,(anonymous_20)
FN:220,(anonymous_21)
FN:227,(anonymous_22)
FN:232,(anonymous_23)
FN:237,(anonymous_24)
FN:242,(anonymous_25)
FN:247,(anonymous_26)
FN:258,(anonymous_27)
FN:265,(anonymous_28)
FN:272,(anonymous_29)
FN:299,(anonymous_30)
FN:311,(anonymous_31)
FN:316,(anonymous_32)
FN:321,(anonymous_33)
FN:336,(anonymous_34)
FN:343,(anonymous_35)
FN:353,(anonymous_36)
FN:363,(anonymous_37)
FN:373,(anonymous_38)
FN:394,(anonymous_39)
FN:415,(anonymous_40)
FN:437,(anonymous_41)
FN:464,(anonymous_42)
FN:484,(anonymous_43)
FN:504,(anonymous_44)
FN:521,(anonymous_45)
FN:541,(anonymous_46)
FN:557,(anonymous_47)
FN:572,(anonymous_48)
FN:588,(anonymous_49)
FN:603,(anonymous_50)
FN:626,(anonymous_51)
FN:646,(anonymous_52)
FN:668,(anonymous_53)
FN:685,(anonymous_54)
FN:702,(anonymous_55)
FN:722,(anonymous_56)
FN:748,(anonymous_57)
FN:785,(anonymous_58)
FN:801,(anonymous_59)
FN:818,(anonymous_60)
FN:838,(anonymous_61)
FN:854,(anonymous_62)
FN:864,(anonymous_63)
FN:891,(anonymous_64)
FN:901,(anonymous_65)
FN:920,(anonymous_66)
FN:933,(anonymous_67)
FN:947,(anonymous_68)
FN:957,(anonymous_69)
FN:976,(anonymous_70)
FN:989,(anonymous_71)
FN:999,(anonymous_72)
FN:1015,(anonymous_73)
FN:1025,(anonymous_74)
FN:1040,(anonymous_75)
FN:1056,(anonymous_76)
FN:1069,(anonymous_77)
FN:1086,(anonymous_78)
FN:1103,(anonymous_79)
FN:1119,(anonymous_80)
FN:1142,(anonymous_81)
FN:1150,(anonymous_82)
FN:1157,(anonymous_83)
FN:1164,(anonymous_84)
FN:1171,(anonymous_85)
FN:1178,(anonymous_86)
FN:1185,(anonymous_87)
FN:1192,(anonymous_88)
FN:1199,(anonymous_89)
FN:1206,(anonymous_90)
FNF:91
FNH:2
FNDA:0,(anonymous_0)
FNDA:0,(anonymous_1)
FNDA:0,(anonymous_2)
FNDA:0,(anonymous_3)
FNDA:0,(anonymous_4)
FNDA:1,(anonymous_5)
FNDA:0,(anonymous_6)
FNDA:0,(anonymous_7)
FNDA:1,(anonymous_8)
FNDA:0,(anonymous_9)
FNDA:0,(anonymous_10)
FNDA:0,(anonymous_11)
FNDA:0,(anonymous_12)
FNDA:0,(anonymous_13)
FNDA:0,(anonymous_14)
FNDA:0,(anonymous_15)
FNDA:0,(anonymous_16)
FNDA:0,(anonymous_17)
FNDA:0,(anonymous_18)
FNDA:0,(anonymous_19)
FNDA:0,(anonymous_20)
FNDA:0,(anonymous_21)
FNDA:0,(anonymous_22)
FNDA:0,(anonymous_23)
FNDA:0,(anonymous_24)
FNDA:0,(anonymous_25)
FNDA:0,(anonymous_26)
FNDA:0,(anonymous_27)
FNDA:0,(anonymous_28)
FNDA:0,(anonymous_29)
FNDA:0,(anonymous_30)
FNDA:0,(anonymous_31)
FNDA:0,(anonymous_32)
FNDA:0,(anonymous_33)
FNDA:0,(anonymous_34)
FNDA:0,(anonymous_35)
FNDA:0,(anonymous_36)
FNDA:0,(anonymous_37)
FNDA:0,(anonymous_38)
FNDA:0,(anonymous_39)
FNDA:0,(anonymous_40)
FNDA:0,(anonymous_41)
FNDA:0,(anonymous_42)
FNDA:0,(anonymous_43)
FNDA:0,(anonymous_44)
FNDA:0,(anonymous_45)
FNDA:0,(anonymous_46)
FNDA:0,(anonymous_47)
FNDA:0,(anonymous_48)
FNDA:0,(anonymous_49)
FNDA:0,(anonymous_50)
FNDA:0,(anonymous_51)
FNDA:0,(anonymous_52)
FNDA:0,(anonymous_53)
FNDA:0,(anonymous_54)
FNDA:0,(anonymous_55)
FNDA:0,(anonymous_56)
FNDA:0,(anonymous_57)
FNDA:0,(anonymous_58)
FNDA:0,(anonymous_59)
FNDA:0,(anonymous_60)
FNDA:0,(anonymous_61)
FNDA:0,(anonymous_62)
FNDA:0,(anonymous_63)
FNDA:0,(anonymous_64)
FNDA:0,(anonymous_65)
FNDA:0,(anonymous_66)
FNDA:0,(anonymous_67)
FNDA:0,(anonymous_68)
FNDA:0,(anonymous_69)
FNDA:0,(anonymous_70)
FNDA:0,(anonymous_71)
FNDA:0,(anonymous_72)
FNDA:0,(anonymous_73)
FNDA:0,(anonymous_74)
FNDA:0,(anonymous_75)
FNDA:0,(anonymous_76)
FNDA:0,(anonymous_77)
FNDA:0,(anonymous_78)
FNDA:0,(anonymous_79)
FNDA:0,(anonymous_80)
FNDA:0,(anonymous_81)
FNDA:0,(anonymous_82)
FNDA:0,(anonymous_83)
FNDA:0,(anonymous_84)
FNDA:0,(anonymous_85)
FNDA:0,(anonymous_86)
FNDA:0,(anonymous_87)
FNDA:0,(anonymous_88)
FNDA:0,(anonymous_89)
FNDA:0,(anonymous_90)
DA:33,1
DA:35,1
DA:36,1
DA:37,1
DA:39,1
DA:40,0
DA:41,0
DA:44,1
DA:45,1
DA:52,1
DA:53,0
DA:56,0
DA:57,0
DA:58,0
DA:62,0
DA:63,0
DA:65,0
DA:66,0
DA:67,0
DA:71,0
DA:72,0
DA:77,1
DA:78,1
DA:81,1
DA:82,0
DA:84,0
DA:85,0
DA:89,0
DA:90,0
DA:93,0
DA:98,1
DA:99,0
DA:100,0
DA:108,1
DA:109,1
DA:110,1
DA:111,1
DA:112,1
DA:113,1
DA:116,1
DA:117,0
DA:118,0
DA:119,0
DA:120,0
DA:123,1
DA:124,0
DA:125,0
DA:126,0
DA:127,0
DA:130,1
DA:131,0
DA:132,0
DA:133,0
DA:134,0
DA:138,1
DA:139,0
DA:140,0
DA:141,0
DA:142,0
DA:145,1
DA:146,0
DA:147,0
DA:150,1
DA:151,0
DA:152,0
DA:153,0
DA:154,0
DA:155,0
DA:158,1
DA:159,0
DA:160,0
DA:161,0
DA:163,0
DA:164,0
DA:165,0
DA:166,0
DA:167,0
DA:170,0
DA:174,1
DA:175,0
DA:176,0
DA:177,0
DA:179,0
DA:180,0
DA:181,0
DA:182,0
DA:183,0
DA:186,0
DA:190,1
DA:191,0
DA:192,0
DA:193,0
DA:194,0
DA:197,1
DA:198,0
DA:199,0
DA:200,0
DA:201,0
DA:204,1
DA:205,0
DA:206,0
DA:209,1
DA:210,0
DA:211,0
DA:212,0
DA:213,0
DA:216,0
DA:220,1
DA:221,0
DA:222,0
DA:223,0
DA:224,0
DA:227,1
DA:228,0
DA:229,0
DA:232,1
DA:233,0
DA:234,0
DA:237,1
DA:238,0
DA:239,0
DA:242,1
DA:243,0
DA:244,0
DA:247,1
DA:248,0
DA:249,0
DA:250,0
DA:251,0
DA:252,0
DA:254,0
DA:258,1
DA:259,0
DA:260,0
DA:261,0
DA:262,0
DA:265,1
DA:266,0
DA:267,0
DA:268,0
DA:269,0
DA:272,1
DA:273,0
DA:274,0
DA:275,0
DA:276,0
DA:299,1
DA:300,0
DA:301,0
DA:302,0
DA:303,0
DA:306,0
DA:311,1
DA:312,0
DA:313,0
DA:316,1
DA:317,0
DA:318,0
DA:321,1
DA:322,0
DA:323,0
DA:324,0
DA:326,0
DA:327,0
DA:328,0
DA:331,0
DA:336,1
DA:337,0
DA:338,0
DA:339,0
DA:340,0
DA:343,1
DA:344,0
DA:345,0
DA:346,0
DA:347,0
DA:348,0
DA:349,0
DA:353,1
DA:354,0
DA:355,0
DA:356,0
DA:359,0
DA:363,1
DA:364,0
DA:365,0
DA:366,0
DA:369,0
DA:373,1
DA:374,0
DA:375,0
DA:376,0
DA:379,0
DA:380,0
DA:381,0
DA:382,0
DA:383,0
DA:386,0
DA:387,0
DA:390,0
DA:394,1
DA:395,0
DA:396,0
DA:397,0
DA:400,0
DA:401,0
DA:402,0
DA:403,0
DA:404,0
DA:407,0
DA:408,0
DA:411,0
DA:415,1
DA:416,0
DA:417,0
DA:418,0
DA:419,0
DA:422,0
DA:423,0
DA:424,0
DA:425,0
DA:426,0
DA:429,0
DA:430,0
DA:433,0
DA:437,1
DA:438,0
DA:439,0
DA:440,0
DA:443,0
DA:444,0
DA:445,0
DA:448,0
DA:464,1
DA:465,0
DA:466,0
DA:468,0
DA:469,0
DA:472,0
DA:473,0
DA:474,0
DA:475,0
DA:476,0
DA:477,0
DA:479,0
DA:484,1
DA:485,0
DA:487,0
DA:488,0
DA:491,0
DA:492,0
DA:493,0
DA:494,0
DA:495,0
DA:496,0
DA:497,0
DA:498,0
DA:500,0
DA:504,1
DA:505,0
DA:507,0
DA:508,0
DA:511,0
DA:512,0
DA:513,0
DA:514,0
DA:515,0
DA:517,0
DA:521,1
DA:522,0
DA:524,0
DA:525,0
DA:527,0
DA:529,0
DA:530,0
DA:531,0
DA:532,0
DA:534,0
DA:541,1
DA:542,0
DA:543,0
DA:544,0
DA:547,0
DA:548,0
DA:549,0
DA:550,0
DA:551,0
DA:553,0
DA:557,1
DA:558,0
DA:559,0
DA:560,0
DA:563,0
DA:564,0
DA:565,0
DA:567,0
DA:572,1
DA:573,0
DA:574,0
DA:575,0
DA:578,0
DA:579,0
DA:580,0
DA:581,0
DA:582,0
DA:584,0
DA:588,1
DA:589,0
DA:590,0
DA:591,0
DA:594,0
DA:595,0
DA:596,0
DA:599,0
DA:603,1
DA:604,0
DA:605,0
DA:606,0
DA:609,0
DA:610,0
DA:611,0
DA:614,0
DA:626,1
DA:627,0
DA:628,0
DA:629,0
DA:631,0
DA:632,0
DA:633,0
DA:634,0
DA:635,0
DA:637,0
DA:646,1
DA:647,0
DA:648,0
DA:649,0
DA:652,0
DA:653,0
DA:654,0
DA:655,0
DA:657,0
DA:658,0
DA:659,0
DA:660,0
DA:662,0
DA:668,1
DA:669,0
DA:670,0
DA:671,0
DA:674,0
DA:675,0
DA:676,0
DA:677,0
DA:678,0
DA:680,0
DA:685,1
DA:686,0
DA:687,0
DA:688,0
DA:691,0
DA:692,0
DA:693,0
DA:694,0
DA:695,0
DA:696,0
DA:698,0
DA:702,1
DA:703,0
DA:704,0
DA:705,0
DA:708,0
DA:709,0
DA:710,0
DA:711,0
DA:712,0
DA:714,0
DA:722,1
DA:723,0
DA:724,0
DA:725,0
DA:728,0
DA:729,0
DA:731,0
DA:732,0
DA:733,0
DA:734,0
DA:737,0
DA:738,0
DA:739,0
DA:740,0
DA:741,0
DA:743,0
DA:748,1
DA:749,0
DA:750,0
DA:751,0
DA:754,0
DA:755,0
DA:756,0
DA:757,0
DA:759,0
DA:760,0
DA:764,0
DA:766,0
DA:767,0
DA:770,0
DA:771,0
DA:772,0
DA:775,0
DA:776,0
DA:777,0
DA:778,0
DA:781,0
DA:785,1
DA:786,0
DA:787,0
DA:788,0
DA:791,0
DA:792,0
DA:793,0
DA:794,0
DA:795,0
DA:797,0
DA:801,1
DA:802,0
DA:803,0
DA:804,0
DA:807,0
DA:808,0
DA:809,0
DA:810,0
DA:811,0
DA:813,0
DA:818,1
DA:819,0
DA:820,0
DA:821,0
DA:824,0
DA:825,0
DA:826,0
DA:827,0
DA:829,0
DA:830,0
DA:831,0
DA:833,0
DA:834,0
DA:838,1
DA:839,0
DA:840,0
DA:841,0
DA:844,0
DA:845,0
DA:846,0
DA:847,0
DA:848,0
DA:850,0
DA:854,1
DA:855,0
DA:856,0
DA:857,0
DA:858,0
DA:859,0
DA:861,0
DA:864,1
DA:865,0
DA:866,0
DA:867,0
DA:870,0
DA:871,0
DA:872,0
DA:873,0
DA:874,0
DA:876,0
DA:891,1
DA:892,0
DA:893,0
DA:894,0
DA:897,0
DA:900,0
DA:901,0
DA:904,0
DA:905,0
DA:908,0
DA:909,0
DA:910,0
DA:912,0
DA:913,0
DA:915,0
DA:920,1
DA:921,0
DA:922,0
DA:923,0
DA:924,0
DA:925,0
DA:926,0
DA:927,0
DA:929,0
DA:933,1
DA:934,0
DA:935,0
DA:936,0
DA:937,0
DA:938,0
DA:940,0
DA:941,0
DA:943,0
DA:947,1
DA:948,0
DA:949,0
DA:950,0
DA:953,0
DA:956,0
DA:957,0
DA:960,0
DA:961,0
DA:964,0
DA:965,0
DA:966,0
DA:968,0
DA:969,0
DA:971,0
DA:976,1
DA:977,0
DA:978,0
DA:979,0
DA:980,0
DA:981,0
DA:982,0
DA:983,0
DA:985,0
DA:989,1
DA:990,0
DA:991,0
DA:992,0
DA:995,0
DA:998,0
DA:999,0
DA:1002,0
DA:1003,0
DA:1006,0
DA:1007,0
DA:1008,0
DA:1009,0
DA:1011,0
DA:1015,1
DA:1016,0
DA:1017,0
DA:1018,0
DA:1021,0
DA:1024,0
DA:1025,0
DA:1028,0
DA:1029,0
DA:1032,0
DA:1033,0
DA:1034,0
DA:1035,0
DA:1037,0
DA:1040,1
DA:1041,0
DA:1042,0
DA:1043,0
DA:1045,0
DA:1046,0
DA:1047,0
DA:1049,0
DA:1051,0
DA:1052,0
DA:1056,1
DA:1057,0
DA:1058,0
DA:1060,0
DA:1062,0
DA:1064,0
DA:1065,0
DA:1069,1
DA:1070,0
DA:1071,0
DA:1072,0
DA:1075,0
DA:1076,0
DA:1077,0
DA:1078,0
DA:1079,0
DA:1081,0
DA:1086,1
DA:1087,0
DA:1088,0
DA:1089,0
DA:1092,0
DA:1093,0
DA:1094,0
DA:1095,0
DA:1096,0
DA:1098,0
DA:1103,1
DA:1104,0
DA:1105,0
DA:1106,0
DA:1109,0
DA:1110,0
DA:1111,0
DA:1112,0
DA:1113,0
DA:1115,0
DA:1119,1
DA:1120,0
DA:1121,0
DA:1122,0
DA:1125,0
DA:1126,0
DA:1127,0
DA:1128,0
DA:1129,0
DA:1131,0
DA:1142,1
DA:1143,0
DA:1144,0
DA:1145,0
DA:1146,0
DA:1147,0
DA:1150,1
DA:1151,0
DA:1152,0
DA:1153,0
DA:1154,0
DA:1157,1
DA:1158,0
DA:1159,0
DA:1160,0
DA:1161,0
DA:1164,1
DA:1165,0
DA:1166,0
DA:1167,0
DA:1168,0
DA:1171,1
DA:1172,0
DA:1173,0
DA:1174,0
DA:1175,0
DA:1178,1
DA:1179,0
DA:1180,0
DA:1181,0
DA:1182,0
DA:1185,1
DA:1186,0
DA:1187,0
DA:1188,0
DA:1189,0
DA:1192,1
DA:1193,0
DA:1194,0
DA:1195,0
DA:1196,0
DA:1199,1
DA:1200,0
DA:1201,0
DA:1202,0
DA:1203,0
DA:1206,1
DA:1207,0
DA:1208,0
DA:1209,0
DA:1210,0
LF:666
LH:96
BRDA:84,0,0,0
BRDA:84,0,1,0
BRDA:89,1,0,0
BRDA:89,1,1,0
BRDA:160,2,0,0
BRDA:160,2,1,0
BRDA:170,3,0,0
BRDA:170,3,1,0
BRDA:176,4,0,0
BRDA:176,4,1,0
BRDA:186,5,0,0
BRDA:186,5,1,0
BRDA:216,6,0,0
BRDA:216,6,1,0
BRDA:323,7,0,0
BRDA:323,7,1,0
BRDA:331,8,0,0
BRDA:331,8,1,0
BRDA:348,9,0,0
BRDA:348,9,1,0
BRDA:375,10,0,0
BRDA:375,10,1,0
BRDA:375,11,0,0
BRDA:375,11,1,0
BRDA:381,12,0,0
BRDA:381,12,1,0
BRDA:390,13,0,0
BRDA:390,13,1,0
BRDA:396,14,0,0
BRDA:396,14,1,0
BRDA:396,15,0,0
BRDA:396,15,1,0
BRDA:402,16,0,0
BRDA:402,16,1,0
BRDA:411,17,0,0
BRDA:411,17,1,0
BRDA:418,18,0,0
BRDA:418,18,1,0
BRDA:418,19,0,0
BRDA:418,19,1,0
BRDA:424,20,0,0
BRDA:424,20,1,0
BRDA:433,21,0,0
BRDA:433,21,1,0
BRDA:439,22,0,0
BRDA:439,22,1,0
BRDA:448,23,0,0
BRDA:448,23,1,0
BRDA:466,24,0,0
BRDA:466,24,1,0
BRDA:468,25,0,0
BRDA:468,25,1,0
BRDA:468,26,0,0
BRDA:468,26,1,0
BRDA:468,26,2,0
BRDA:468,26,3,0
BRDA:468,26,4,0
BRDA:468,26,5,0
BRDA:468,26,6,0
BRDA:468,26,7,0
BRDA:479,27,0,0
BRDA:479,27,1,0
BRDA:487,28,0,0
BRDA:487,28,1,0
BRDA:487,29,0,0
BRDA:487,29,1,0
BRDA:487,29,2,0
BRDA:487,29,3,0
BRDA:487,29,4,0
BRDA:487,29,5,0
BRDA:487,29,6,0
BRDA:487,29,7,0
BRDA:500,30,0,0
BRDA:500,30,1,0
BRDA:507,31,0,0
BRDA:507,31,1,0
BRDA:517,32,0,0
BRDA:517,32,1,0
BRDA:524,33,0,0
BRDA:524,33,1,0
BRDA:524,34,0,0
BRDA:524,34,1,0
BRDA:524,34,2,0
BRDA:543,35,0,0
BRDA:543,35,1,0
BRDA:543,36,0,0
BRDA:543,36,1,0
BRDA:543,36,2,0
BRDA:543,36,3,0
BRDA:543,36,4,0
BRDA:543,36,5,0
BRDA:553,37,0,0
BRDA:553,37,1,0
BRDA:559,38,0,0
BRDA:559,38,1,0
BRDA:567,39,0,0
BRDA:567,39,1,0
BRDA:574,40,0,0
BRDA:574,40,1,0
BRDA:574,41,0,0
BRDA:574,41,1,0
BRDA:574,41,2,0
BRDA:574,41,3,0
BRDA:584,42,0,0
BRDA:584,42,1,0
BRDA:590,43,0,0
BRDA:590,43,1,0
BRDA:599,44,0,0
BRDA:599,44,1,0
BRDA:605,45,0,0
BRDA:605,45,1,0
BRDA:614,46,0,0
BRDA:614,46,1,0
BRDA:628,47,0,0
BRDA:628,47,1,0
BRDA:628,48,0,0
BRDA:628,48,1,0
BRDA:628,48,2,0
BRDA:628,48,3,0
BRDA:628,48,4,0
BRDA:628,48,5,0
BRDA:628,48,6,0
BRDA:637,49,0,0
BRDA:637,49,1,0
BRDA:648,50,0,0
BRDA:648,50,1,0
BRDA:648,51,0,0
BRDA:648,51,1,0
BRDA:648,51,2,0
BRDA:648,51,3,0
BRDA:648,51,4,0
BRDA:648,51,5,0
BRDA:648,51,6,0
BRDA:648,51,7,0
BRDA:662,52,0,0
BRDA:662,52,1,0
BRDA:670,53,0,0
BRDA:670,53,1,0
BRDA:670,54,0,0
BRDA:670,54,1,0
BRDA:680,55,0,0
BRDA:680,55,1,0
BRDA:687,56,0,0
BRDA:687,56,1,0
BRDA:687,57,0,0
BRDA:687,57,1,0
BRDA:698,58,0,0
BRDA:698,58,1,0
BRDA:704,59,0,0
BRDA:704,59,1,0
BRDA:714,60,0,0
BRDA:714,60,1,0
BRDA:724,61,0,0
BRDA:724,61,1,0
BRDA:724,62,0,0
BRDA:724,62,1,0
BRDA:724,62,2,0
BRDA:724,62,3,0
BRDA:724,62,4,0
BRDA:731,63,0,0
BRDA:731,63,1,0
BRDA:743,64,0,0
BRDA:743,64,1,0
BRDA:750,65,0,0
BRDA:750,65,1,0
BRDA:750,66,0,0
BRDA:750,66,1,0
BRDA:759,67,0,0
BRDA:759,67,1,0
BRDA:759,68,0,0
BRDA:759,68,1,0
BRDA:766,69,0,0
BRDA:766,69,1,0
BRDA:771,70,0,0
BRDA:771,70,1,0
BRDA:781,71,0,0
BRDA:781,71,1,0
BRDA:787,72,0,0
BRDA:787,72,1,0
BRDA:797,73,0,0
BRDA:797,73,1,0
BRDA:803,74,0,0
BRDA:803,74,1,0
BRDA:813,75,0,0
BRDA:813,75,1,0
BRDA:820,76,0,0
BRDA:820,76,1,0
BRDA:826,77,0,0
BRDA:826,77,1,0
BRDA:834,78,0,0
BRDA:834,78,1,0
BRDA:840,79,0,0
BRDA:840,79,1,0
BRDA:850,80,0,0
BRDA:850,80,1,0
BRDA:858,81,0,0
BRDA:858,81,1,0
BRDA:866,82,0,0
BRDA:866,82,1,0
BRDA:876,83,0,0
BRDA:876,83,1,0
BRDA:904,84,0,0
BRDA:904,84,1,0
BRDA:915,85,0,0
BRDA:915,85,1,0
BRDA:929,86,0,0
BRDA:929,86,1,0
BRDA:943,87,0,0
BRDA:943,87,1,0
BRDA:960,88,0,0
BRDA:960,88,1,0
BRDA:971,89,0,0
BRDA:971,89,1,0
BRDA:985,90,0,0
BRDA:985,90,1,0
BRDA:1002,91,0,0
BRDA:1002,91,1,0
BRDA:1011,92,0,0
BRDA:1011,92,1,0
BRDA:1028,93,0,0
BRDA:1028,93,1,0
BRDA:1037,94,0,0
BRDA:1037,94,1,0
BRDA:1052,95,0,0
BRDA:1052,95,1,0
BRDA:1065,96,0,0
BRDA:1065,96,1,0
BRDA:1071,97,0,0
BRDA:1071,97,1,0
BRDA:1071,98,0,0
BRDA:1071,98,1,0
BRDA:1071,98,2,0
BRDA:1071,98,3,0
BRDA:1081,99,0,0
BRDA:1081,99,1,0
BRDA:1088,100,0,0
BRDA:1088,100,1,0
BRDA:1088,101,0,0
BRDA:1088,101,1,0
BRDA:1098,102,0,0
BRDA:1098,102,1,0
BRDA:1105,103,0,0
BRDA:1105,103,1,0
BRDA:1105,104,0,0
BRDA:1105,104,1,0
BRDA:1115,105,0,0
BRDA:1115,105,1,0
BRDA:1121,106,0,0
BRDA:1121,106,1,0
BRDA:1121,107,0,0
BRDA:1121,107,1,0
BRDA:1131,108,0,0
BRDA:1131,108,1,0
BRF:253
BRH:0
end_of_record
