TN:
SF:PrimeWell_db.js
FN:18,getPatients
FN:31,getPatientInfo
FN:43,getDoctorInfo
FN:55,getPharmInfo
FN:66,getPatientDoc
FN:80,getAllDoctors
FN:91,getDocPatients
FN:105,getDocID
FN:117,getDoctorSchedule
FN:128,(anonymous_9)
FN:132,(anonymous_10)
FN:142,getPills
FN:153,getTiers
FN:164,getPillsFromPharm
FN:175,getExercises
FN:186,getExerciseByClass
FN:197,getRegiment
FN:208,getForumPosts
FN:221,getComments_id
FN:232,getReviews
FN:246,getReviewsByID
FN:260,getReviewsComments
FN:273,getReviewsTop
FN:287,getSurvey
FN:298,getSurveyLatestDate
FN:309,getAuthSurvey
FN:332,getTimeslot
FN:347,checkExistingRequests
FN:359,getApptRequest
FN:374,getAppointmentsDoctor
FN:390,getPrescription
FN:402,getPrescriptionDoc
FN:414,getPreliminaries
FN:426,getChatMesseges
FN:438,getPatientAuth
FN:451,getDoctorAuth
FN:464,getPharmAuth
FN:478,getNearestPharms
FN:489,getAppointmentInfo
FN:522,LogAttempt
FN:535,genereateAudit
FN:548,createPatient
FN:563,createDoctor
FN:580,createDoctorTiers
FN:595,createDoctorSchedule
FN:606,createPharmacy
FN:629,createPill
FN:642,createExercise
FN:655,createRegiment
FN:668,createForumPost
FN:681,createComment
FN:694,createChatMsg
FN:706,fetchAppointmentMessages
FN:717,createAppointment
FN:729,createApptRequest
FN:739,createPreliminary
FN:750,createPerscription
FN:762,createReveiw
FN:781,createSurvey
FN:793,createPayment
FN:809,UpdatePatientInfo
FN:824,addPatientDoc
FN:837,rmPatientDoc
FN:851,rmPatientAppt
FN:862,UpdateDoctorInfo
FN:876,UpdateRequest
FN:889,startAppointment
FN:902,endAppointment
FN:915,fetchApptStartStatus
FN:927,fetchApptEndStatus
FN:940,UpdateDoctorSchedule
FN:955,UpdateApptStat
FN:969,UpdateDoctorFeedback
FN:982,UpdatePerscriptionInfo
FN:997,UpdatePillInfo
FN:1012,UpdateRegiment
FN:1026,appendToRegiment
FN:1064,(anonymous_77)
FN:1084,clearPatientRegiment
FN:1102,deletePatient
FN:1116,deleteAppointment
FN:1129,deleteRegiment
FN:1142,deleteDoctor
FN:1155,deleteDoctorTiers
FN:1168,deleteDoctorSchedule
FN:1181,deletePerscription
FN:1195,deletePill
FN:1208,deleteComment
FN:1221,deleteForumPost
FNF:89
FNH:8
FNDA:0,getPatients
FNDA:1,getPatientInfo
FNDA:1,getDoctorInfo
FNDA:1,getPharmInfo
FNDA:0,getPatientDoc
FNDA:1,getAllDoctors
FNDA:1,getDocPatients
FNDA:0,getDocID
FNDA:1,getDoctorSchedule
FNDA:0,(anonymous_9)
FNDA:5,(anonymous_10)
FNDA:0,getPills
FNDA:0,getTiers
FNDA:0,getPillsFromPharm
FNDA:0,getExercises
FNDA:0,getExerciseByClass
FNDA:0,getRegiment
FNDA:0,getForumPosts
FNDA:0,getComments_id
FNDA:0,getReviews
FNDA:0,getReviewsByID
FNDA:0,getReviewsComments
FNDA:0,getReviewsTop
FNDA:0,getSurvey
FNDA:0,getSurveyLatestDate
FNDA:0,getAuthSurvey
FNDA:0,getTimeslot
FNDA:0,checkExistingRequests
FNDA:0,getApptRequest
FNDA:0,getAppointmentsDoctor
FNDA:0,getPrescription
FNDA:0,getPrescriptionDoc
FNDA:0,getPreliminaries
FNDA:0,getChatMesseges
FNDA:0,getPatientAuth
FNDA:0,getDoctorAuth
FNDA:0,getPharmAuth
FNDA:0,getNearestPharms
FNDA:0,getAppointmentInfo
FNDA:0,LogAttempt
FNDA:5,genereateAudit
FNDA:0,createPatient
FNDA:0,createDoctor
FNDA:0,createDoctorTiers
FNDA:0,createDoctorSchedule
FNDA:0,createPharmacy
FNDA:0,createPill
FNDA:0,createExercise
FNDA:0,createRegiment
FNDA:0,createForumPost
FNDA:0,createComment
FNDA:0,createChatMsg
FNDA:0,fetchAppointmentMessages
FNDA:0,createAppointment
FNDA:0,createApptRequest
FNDA:0,createPreliminary
FNDA:0,createPerscription
FNDA:0,createReveiw
FNDA:0,createSurvey
FNDA:0,createPayment
FNDA:0,UpdatePatientInfo
FNDA:0,addPatientDoc
FNDA:0,rmPatientDoc
FNDA:0,rmPatientAppt
FNDA:0,UpdateDoctorInfo
FNDA:0,UpdateRequest
FNDA:0,startAppointment
FNDA:0,endAppointment
FNDA:0,fetchApptStartStatus
FNDA:0,fetchApptEndStatus
FNDA:0,UpdateDoctorSchedule
FNDA:0,UpdateApptStat
FNDA:0,UpdateDoctorFeedback
FNDA:0,UpdatePerscriptionInfo
FNDA:0,UpdatePillInfo
FNDA:0,UpdateRegiment
FNDA:0,appendToRegiment
FNDA:0,(anonymous_77)
FNDA:0,clearPatientRegiment
FNDA:0,deletePatient
FNDA:0,deleteAppointment
FNDA:0,deleteRegiment
FNDA:0,deleteDoctor
FNDA:0,deleteDoctorTiers
FNDA:0,deleteDoctorSchedule
FNDA:0,deletePerscription
FNDA:0,deletePill
FNDA:0,deleteComment
FNDA:0,deleteForumPost
DA:3,1
DA:6,1
DA:20,0
DA:21,0
DA:22,0
DA:25,0
DA:26,0
DA:32,1
DA:33,1
DA:34,1
DA:37,0
DA:38,0
DA:44,1
DA:45,1
DA:46,1
DA:49,0
DA:50,0
DA:56,1
DA:57,1
DA:58,1
DA:61,0
DA:62,0
DA:67,0
DA:68,0
DA:72,0
DA:75,0
DA:76,0
DA:81,1
DA:82,1
DA:83,1
DA:86,0
DA:87,0
DA:92,1
DA:93,1
DA:97,1
DA:100,0
DA:101,0
DA:106,0
DA:107,0
DA:108,0
DA:111,0
DA:112,0
DA:118,1
DA:119,1
DA:120,0
DA:123,1
DA:124,1
DA:125,1
DA:127,1
DA:128,1
DA:132,5
DA:135,1
DA:137,0
DA:138,0
DA:143,0
DA:144,0
DA:145,0
DA:148,0
DA:149,0
DA:154,0
DA:155,0
DA:156,0
DA:159,0
DA:160,0
DA:165,0
DA:166,0
DA:167,0
DA:170,0
DA:171,0
DA:176,0
DA:177,0
DA:178,0
DA:181,0
DA:182,0
DA:187,0
DA:188,0
DA:189,0
DA:192,0
DA:193,0
DA:198,0
DA:199,0
DA:200,0
DA:203,0
DA:204,0
DA:209,0
DA:210,0
DA:213,0
DA:216,0
DA:217,0
DA:222,0
DA:223,0
DA:224,0
DA:227,0
DA:228,0
DA:233,0
DA:234,0
DA:238,0
DA:241,0
DA:242,0
DA:247,0
DA:248,0
DA:252,0
DA:255,0
DA:256,0
DA:261,0
DA:262,0
DA:265,0
DA:268,0
DA:269,0
DA:274,0
DA:275,0
DA:278,0
DA:281,0
DA:282,0
DA:288,0
DA:289,0
DA:290,0
DA:293,0
DA:294,0
DA:299,0
DA:300,0
DA:301,0
DA:304,0
DA:305,0
DA:310,0
DA:311,0
DA:312,0
DA:315,0
DA:316,0
DA:333,0
DA:334,0
DA:339,0
DA:342,0
DA:343,0
DA:348,0
DA:349,0
DA:351,0
DA:353,0
DA:354,0
DA:360,0
DA:361,0
DA:365,0
DA:368,0
DA:369,0
DA:375,0
DA:376,0
DA:381,0
DA:384,0
DA:385,0
DA:391,0
DA:392,0
DA:393,0
DA:396,0
DA:397,0
DA:403,0
DA:404,0
DA:405,0
DA:408,0
DA:409,0
DA:415,0
DA:416,0
DA:417,0
DA:420,0
DA:421,0
DA:427,0
DA:428,0
DA:429,0
DA:432,0
DA:433,0
DA:439,0
DA:440,0
DA:443,0
DA:446,0
DA:447,0
DA:452,0
DA:453,0
DA:456,0
DA:459,0
DA:460,0
DA:465,0
DA:466,0
DA:469,0
DA:470,0
DA:473,0
DA:474,0
DA:479,0
DA:480,0
DA:482,0
DA:484,0
DA:485,0
DA:490,0
DA:491,0
DA:493,0
DA:494,0
DA:497,0
DA:498,0
DA:523,0
DA:524,0
DA:527,0
DA:530,0
DA:531,0
DA:536,5
DA:537,5
DA:540,5
DA:543,0
DA:544,0
DA:549,0
DA:550,0
DA:553,0
DA:554,0
DA:555,0
DA:558,0
DA:559,0
DA:564,0
DA:565,0
DA:569,0
DA:570,0
DA:571,0
DA:572,0
DA:575,0
DA:576,0
DA:581,0
DA:582,0
DA:587,0
DA:590,0
DA:591,0
DA:596,0
DA:597,0
DA:598,0
DA:601,0
DA:602,0
DA:607,0
DA:608,0
DA:609,0
DA:614,0
DA:616,0
DA:620,0
DA:622,0
DA:624,0
DA:625,0
DA:630,0
DA:631,0
DA:634,0
DA:637,0
DA:638,0
DA:643,0
DA:644,0
DA:647,0
DA:650,0
DA:651,0
DA:656,0
DA:657,0
DA:660,0
DA:663,0
DA:664,0
DA:669,0
DA:670,0
DA:673,0
DA:676,0
DA:677,0
DA:682,0
DA:683,0
DA:686,0
DA:689,0
DA:690,0
DA:695,0
DA:696,0
DA:698,0
DA:701,0
DA:702,0
DA:707,0
DA:708,0
DA:709,0
DA:712,0
DA:713,0
DA:718,0
DA:719,0
DA:721,0
DA:723,0
DA:724,0
DA:730,0
DA:731,0
DA:732,0
DA:734,0
DA:735,0
DA:740,0
DA:741,0
DA:742,0
DA:745,0
DA:746,0
DA:751,0
DA:752,0
DA:754,0
DA:757,0
DA:758,0
DA:763,0
DA:766,0
DA:767,0
DA:769,0
DA:770,0
DA:773,0
DA:776,0
DA:777,0
DA:782,0
DA:783,0
DA:785,0
DA:788,0
DA:789,0
DA:794,0
DA:795,0
DA:797,0
DA:800,0
DA:801,0
DA:810,0
DA:811,0
DA:814,0
DA:815,0
DA:818,0
DA:819,0
DA:825,0
DA:826,0
DA:829,0
DA:831,0
DA:832,0
DA:838,0
DA:839,0
DA:842,0
DA:843,0
DA:846,0
DA:847,0
DA:852,0
DA:853,0
DA:855,0
DA:857,0
DA:858,0
DA:863,0
DA:864,0
DA:867,0
DA:868,0
DA:871,0
DA:872,0
DA:877,0
DA:878,0
DA:881,0
DA:882,0
DA:884,0
DA:885,0
DA:890,0
DA:891,0
DA:894,0
DA:895,0
DA:897,0
DA:898,0
DA:903,0
DA:904,0
DA:907,0
DA:908,0
DA:910,0
DA:911,0
DA:916,0
DA:917,0
DA:918,0
DA:919,0
DA:922,0
DA:923,0
DA:928,0
DA:929,0
DA:930,0
DA:931,0
DA:934,0
DA:935,0
DA:941,0
DA:942,0
DA:945,0
DA:946,0
DA:949,0
DA:950,0
DA:956,0
DA:957,0
DA:960,0
DA:961,0
DA:964,0
DA:965,0
DA:970,0
DA:971,0
DA:973,0
DA:974,0
DA:976,0
DA:977,0
DA:983,0
DA:984,0
DA:987,0
DA:988,0
DA:991,0
DA:992,0
DA:998,0
DA:999,0
DA:1002,0
DA:1003,0
DA:1006,0
DA:1007,0
DA:1013,0
DA:1014,0
DA:1017,0
DA:1018,0
DA:1021,0
DA:1022,0
DA:1027,0
DA:1029,0
DA:1034,0
DA:1035,0
DA:1039,0
DA:1041,0
DA:1042,0
DA:1044,0
DA:1045,0
DA:1046,0
DA:1047,0
DA:1050,0
DA:1051,0
DA:1055,0
DA:1056,0
DA:1057,0
DA:1058,0
DA:1059,0
DA:1062,0
DA:1064,0
DA:1065,0
DA:1066,0
DA:1072,0
DA:1077,0
DA:1079,0
DA:1080,0
DA:1085,0
DA:1086,0
DA:1090,0
DA:1092,0
DA:1093,0
DA:1103,0
DA:1104,0
DA:1106,0
DA:1107,0
DA:1110,0
DA:1111,0
DA:1117,0
DA:1118,0
DA:1120,0
DA:1121,0
DA:1124,0
DA:1125,0
DA:1130,0
DA:1131,0
DA:1133,0
DA:1134,0
DA:1137,0
DA:1138,0
DA:1143,0
DA:1144,0
DA:1146,0
DA:1147,0
DA:1150,0
DA:1151,0
DA:1156,0
DA:1157,0
DA:1159,0
DA:1160,0
DA:1163,0
DA:1164,0
DA:1169,0
DA:1170,0
DA:1172,0
DA:1173,0
DA:1176,0
DA:1177,0
DA:1183,0
DA:1184,0
DA:1186,0
DA:1187,0
DA:1190,0
DA:1191,0
DA:1196,0
DA:1197,0
DA:1199,0
DA:1200,0
DA:1203,0
DA:1204,0
DA:1209,0
DA:1210,0
DA:1212,0
DA:1213,0
DA:1216,0
DA:1217,0
DA:1222,0
DA:1223,0
DA:1227,0
DA:1228,0
DA:1231,0
DA:1232,0
LF:498
LH:29
BRDA:119,0,0,0
BRDA:119,0,1,1
BRDA:766,1,0,0
BRDA:766,1,1,0
BRDA:1034,2,0,0
BRDA:1034,2,1,0
BRDA:1044,3,0,0
BRDA:1044,3,1,0
BRDA:1045,4,0,0
BRDA:1045,4,1,0
BRDA:1046,5,0,0
BRDA:1046,5,1,0
BRDA:1046,6,0,0
BRDA:1046,6,1,0
BRDA:1057,7,0,0
BRDA:1057,7,1,0
BRDA:1062,8,0,0
BRDA:1062,8,1,0
BRDA:1065,9,0,0
BRDA:1065,9,1,0
BRF:20
BRH:1
end_of_record
TN:
SF:server.js
FN:39,(anonymous_0)
FN:52,(anonymous_1)
FN:56,(anonymous_2)
FN:62,(anonymous_3)
FN:71,(anonymous_4)
FN:77,(anonymous_5)
FN:81,(anonymous_6)
FN:98,(anonymous_7)
FN:108,(anonymous_8)
FN:116,(anonymous_9)
FN:123,(anonymous_10)
FN:130,(anonymous_11)
FN:138,(anonymous_12)
FN:145,(anonymous_13)
FN:150,(anonymous_14)
FN:166,(anonymous_15)
FN:182,(anonymous_16)
FN:189,(anonymous_17)
FN:194,(anonymous_18)
FN:205,(anonymous_19)
FN:212,(anonymous_20)
FN:217,(anonymous_21)
FN:222,(anonymous_22)
FN:227,(anonymous_23)
FN:232,(anonymous_24)
FN:239,(anonymous_25)
FN:246,(anonymous_26)
FN:273,(anonymous_27)
FN:285,(anonymous_28)
FN:290,(anonymous_29)
FN:295,(anonymous_30)
FN:310,(anonymous_31)
FN:317,(anonymous_32)
FN:327,(anonymous_33)
FN:337,(anonymous_34)
FN:358,(anonymous_35)
FN:379,(anonymous_36)
FN:401,(anonymous_37)
FN:428,(anonymous_38)
FN:448,(anonymous_39)
FN:468,(anonymous_40)
FN:485,(anonymous_41)
FN:505,(anonymous_42)
FN:521,(anonymous_43)
FN:536,(anonymous_44)
FN:552,(anonymous_45)
FN:567,(anonymous_46)
FN:585,(anonymous_47)
FN:607,(anonymous_48)
FN:624,(anonymous_49)
FN:641,(anonymous_50)
FN:661,(anonymous_51)
FN:687,(anonymous_52)
FN:724,(anonymous_53)
FN:740,(anonymous_54)
FN:757,(anonymous_55)
FN:777,(anonymous_56)
FN:793,(anonymous_57)
FN:803,(anonymous_58)
FN:830,(anonymous_59)
FN:840,(anonymous_60)
FN:859,(anonymous_61)
FN:872,(anonymous_62)
FN:886,(anonymous_63)
FN:896,(anonymous_64)
FN:915,(anonymous_65)
FN:928,(anonymous_66)
FN:938,(anonymous_67)
FN:954,(anonymous_68)
FN:964,(anonymous_69)
FN:979,(anonymous_70)
FN:995,(anonymous_71)
FN:1008,(anonymous_72)
FN:1025,(anonymous_73)
FN:1042,(anonymous_74)
FN:1058,(anonymous_75)
FN:1081,(anonymous_76)
FN:1089,(anonymous_77)
FN:1096,(anonymous_78)
FN:1103,(anonymous_79)
FN:1110,(anonymous_80)
FN:1117,(anonymous_81)
FN:1124,(anonymous_82)
FN:1131,(anonymous_83)
FN:1138,(anonymous_84)
FN:1145,(anonymous_85)
FNF:86
FNH:7
FNDA:0,(anonymous_0)
FNDA:0,(anonymous_1)
FNDA:0,(anonymous_2)
FNDA:0,(anonymous_3)
FNDA:0,(anonymous_4)
FNDA:1,(anonymous_5)
FNDA:0,(anonymous_6)
FNDA:0,(anonymous_7)
FNDA:0,(anonymous_8)
FNDA:1,(anonymous_9)
FNDA:1,(anonymous_10)
FNDA:1,(anonymous_11)
FNDA:0,(anonymous_12)
FNDA:1,(anonymous_13)
FNDA:2,(anonymous_14)
FNDA:2,(anonymous_15)
FNDA:0,(anonymous_16)
FNDA:0,(anonymous_17)
FNDA:0,(anonymous_18)
FNDA:0,(anonymous_19)
FNDA:0,(anonymous_20)
FNDA:0,(anonymous_21)
FNDA:0,(anonymous_22)
FNDA:0,(anonymous_23)
FNDA:0,(anonymous_24)
FNDA:0,(anonymous_25)
FNDA:0,(anonymous_26)
FNDA:0,(anonymous_27)
FNDA:0,(anonymous_28)
FNDA:0,(anonymous_29)
FNDA:0,(anonymous_30)
FNDA:0,(anonymous_31)
FNDA:0,(anonymous_32)
FNDA:0,(anonymous_33)
FNDA:0,(anonymous_34)
FNDA:0,(anonymous_35)
FNDA:0,(anonymous_36)
FNDA:0,(anonymous_37)
FNDA:0,(anonymous_38)
FNDA:0,(anonymous_39)
FNDA:0,(anonymous_40)
FNDA:0,(anonymous_41)
FNDA:0,(anonymous_42)
FNDA:0,(anonymous_43)
FNDA:0,(anonymous_44)
FNDA:0,(anonymous_45)
FNDA:0,(anonymous_46)
FNDA:0,(anonymous_47)
FNDA:0,(anonymous_48)
FNDA:0,(anonymous_49)
FNDA:0,(anonymous_50)
FNDA:0,(anonymous_51)
FNDA:0,(anonymous_52)
FNDA:0,(anonymous_53)
FNDA:0,(anonymous_54)
FNDA:0,(anonymous_55)
FNDA:0,(anonymous_56)
FNDA:0,(anonymous_57)
FNDA:0,(anonymous_58)
FNDA:0,(anonymous_59)
FNDA:0,(anonymous_60)
FNDA:0,(anonymous_61)
FNDA:0,(anonymous_62)
FNDA:0,(anonymous_63)
FNDA:0,(anonymous_64)
FNDA:0,(anonymous_65)
FNDA:0,(anonymous_66)
FNDA:0,(anonymous_67)
FNDA:0,(anonymous_68)
FNDA:0,(anonymous_69)
FNDA:0,(anonymous_70)
FNDA:0,(anonymous_71)
FNDA:0,(anonymous_72)
FNDA:0,(anonymous_73)
FNDA:0,(anonymous_74)
FNDA:0,(anonymous_75)
FNDA:0,(anonymous_76)
FNDA:0,(anonymous_77)
FNDA:0,(anonymous_78)
FNDA:0,(anonymous_79)
FNDA:0,(anonymous_80)
FNDA:0,(anonymous_81)
FNDA:0,(anonymous_82)
FNDA:0,(anonymous_83)
FNDA:0,(anonymous_84)
FNDA:0,(anonymous_85)
DA:33,1
DA:35,1
DA:36,1
DA:37,1
DA:39,1
DA:40,0
DA:41,0
DA:44,1
DA:45,1
DA:52,1
DA:53,0
DA:56,0
DA:57,0
DA:58,0
DA:62,0
DA:63,0
DA:65,0
DA:66,0
DA:67,0
DA:71,0
DA:72,0
DA:77,1
DA:78,1
DA:81,1
DA:82,0
DA:84,0
DA:85,0
DA:89,0
DA:90,0
DA:93,0
DA:98,1
DA:99,0
DA:100,0
DA:108,1
DA:109,0
DA:110,0
DA:111,0
DA:112,0
DA:113,0
DA:116,1
DA:117,1
DA:118,1
DA:119,1
DA:120,1
DA:123,1
DA:124,1
DA:125,1
DA:126,1
DA:127,1
DA:130,1
DA:131,1
DA:132,1
DA:133,1
DA:134,1
DA:138,1
DA:139,0
DA:140,0
DA:141,0
DA:142,0
DA:145,1
DA:146,1
DA:147,1
DA:150,1
DA:151,2
DA:152,2
DA:153,1
DA:155,1
DA:156,1
DA:157,1
DA:158,1
DA:159,1
DA:162,0
DA:166,1
DA:167,2
DA:168,2
DA:169,1
DA:171,1
DA:172,1
DA:173,1
DA:174,1
DA:175,1
DA:178,0
DA:182,1
DA:183,0
DA:184,0
DA:185,0
DA:186,0
DA:189,1
DA:190,0
DA:191,0
DA:194,1
DA:195,0
DA:196,0
DA:197,0
DA:198,0
DA:201,0
DA:205,1
DA:206,0
DA:207,0
DA:208,0
DA:209,0
DA:212,1
DA:213,0
DA:214,0
DA:217,1
DA:218,0
DA:219,0
DA:222,1
DA:223,0
DA:224,0
DA:227,1
DA:228,0
DA:229,0
DA:232,1
DA:233,0
DA:234,0
DA:235,0
DA:236,0
DA:239,1
DA:240,0
DA:241,0
DA:242,0
DA:243,0
DA:246,1
DA:247,0
DA:248,0
DA:249,0
DA:250,0
DA:273,1
DA:274,0
DA:275,0
DA:276,0
DA:277,0
DA:280,0
DA:285,1
DA:286,0
DA:287,0
DA:290,1
DA:291,0
DA:292,0
DA:295,1
DA:296,0
DA:297,0
DA:298,0
DA:300,0
DA:301,0
DA:302,0
DA:305,0
DA:310,1
DA:311,0
DA:312,0
DA:313,0
DA:314,0
DA:317,1
DA:318,0
DA:319,0
DA:320,0
DA:323,0
DA:327,1
DA:328,0
DA:329,0
DA:330,0
DA:333,0
DA:337,1
DA:338,0
DA:339,0
DA:340,0
DA:343,0
DA:344,0
DA:345,0
DA:346,0
DA:347,0
DA:350,0
DA:351,0
DA:354,0
DA:358,1
DA:359,0
DA:360,0
DA:361,0
DA:364,0
DA:365,0
DA:366,0
DA:367,0
DA:368,0
DA:371,0
DA:372,0
DA:375,0
DA:379,1
DA:380,0
DA:381,0
DA:382,0
DA:383,0
DA:386,0
DA:387,0
DA:388,0
DA:389,0
DA:390,0
DA:393,0
DA:394,0
DA:397,0
DA:401,1
DA:402,0
DA:403,0
DA:404,0
DA:407,0
DA:408,0
DA:409,0
DA:412,0
DA:428,1
DA:429,0
DA:430,0
DA:432,0
DA:433,0
DA:436,0
DA:437,0
DA:438,0
DA:439,0
DA:440,0
DA:441,0
DA:443,0
DA:448,1
DA:449,0
DA:451,0
DA:452,0
DA:455,0
DA:456,0
DA:457,0
DA:458,0
DA:459,0
DA:460,0
DA:461,0
DA:462,0
DA:464,0
DA:468,1
DA:469,0
DA:471,0
DA:472,0
DA:475,0
DA:476,0
DA:477,0
DA:478,0
DA:479,0
DA:481,0
DA:485,1
DA:486,0
DA:488,0
DA:489,0
DA:491,0
DA:493,0
DA:494,0
DA:495,0
DA:496,0
DA:498,0
DA:505,1
DA:506,0
DA:507,0
DA:508,0
DA:511,0
DA:512,0
DA:513,0
DA:514,0
DA:515,0
DA:517,0
DA:521,1
DA:522,0
DA:523,0
DA:524,0
DA:527,0
DA:528,0
DA:529,0
DA:531,0
DA:536,1
DA:537,0
DA:538,0
DA:539,0
DA:542,0
DA:543,0
DA:544,0
DA:545,0
DA:546,0
DA:548,0
DA:552,1
DA:553,0
DA:554,0
DA:555,0
DA:558,0
DA:559,0
DA:560,0
DA:563,0
DA:567,1
DA:568,0
DA:569,0
DA:570,0
DA:573,0
DA:574,0
DA:575,0
DA:578,0
DA:585,1
DA:586,0
DA:587,0
DA:588,0
DA:591,0
DA:592,0
DA:593,0
DA:594,0
DA:596,0
DA:597,0
DA:598,0
DA:599,0
DA:601,0
DA:607,1
DA:608,0
DA:609,0
DA:610,0
DA:613,0
DA:614,0
DA:615,0
DA:616,0
DA:617,0
DA:619,0
DA:624,1
DA:625,0
DA:626,0
DA:627,0
DA:630,0
DA:631,0
DA:632,0
DA:633,0
DA:634,0
DA:635,0
DA:637,0
DA:641,1
DA:642,0
DA:643,0
DA:644,0
DA:647,0
DA:648,0
DA:649,0
DA:650,0
DA:651,0
DA:653,0
DA:661,1
DA:662,0
DA:663,0
DA:664,0
DA:667,0
DA:668,0
DA:670,0
DA:671,0
DA:672,0
DA:673,0
DA:676,0
DA:677,0
DA:678,0
DA:679,0
DA:680,0
DA:682,0
DA:687,1
DA:688,0
DA:689,0
DA:690,0
DA:693,0
DA:694,0
DA:695,0
DA:696,0
DA:698,0
DA:699,0
DA:703,0
DA:705,0
DA:706,0
DA:709,0
DA:710,0
DA:711,0
DA:714,0
DA:715,0
DA:716,0
DA:717,0
DA:720,0
DA:724,1
DA:725,0
DA:726,0
DA:727,0
DA:730,0
DA:731,0
DA:732,0
DA:733,0
DA:734,0
DA:736,0
DA:740,1
DA:741,0
DA:742,0
DA:743,0
DA:746,0
DA:747,0
DA:748,0
DA:749,0
DA:750,0
DA:752,0
DA:757,1
DA:758,0
DA:759,0
DA:760,0
DA:763,0
DA:764,0
DA:765,0
DA:766,0
DA:768,0
DA:769,0
DA:770,0
DA:772,0
DA:773,0
DA:777,1
DA:778,0
DA:779,0
DA:780,0
DA:783,0
DA:784,0
DA:785,0
DA:786,0
DA:787,0
DA:789,0
DA:793,1
DA:794,0
DA:795,0
DA:796,0
DA:797,0
DA:798,0
DA:800,0
DA:803,1
DA:804,0
DA:805,0
DA:806,0
DA:809,0
DA:810,0
DA:811,0
DA:812,0
DA:813,0
DA:815,0
DA:830,1
DA:831,0
DA:832,0
DA:833,0
DA:836,0
DA:839,0
DA:840,0
DA:843,0
DA:844,0
DA:847,0
DA:848,0
DA:849,0
DA:851,0
DA:852,0
DA:854,0
DA:859,1
DA:860,0
DA:861,0
DA:862,0
DA:863,0
DA:864,0
DA:865,0
DA:866,0
DA:868,0
DA:872,1
DA:873,0
DA:874,0
DA:875,0
DA:876,0
DA:877,0
DA:879,0
DA:880,0
DA:882,0
DA:886,1
DA:887,0
DA:888,0
DA:889,0
DA:892,0
DA:895,0
DA:896,0
DA:899,0
DA:900,0
DA:903,0
DA:904,0
DA:905,0
DA:907,0
DA:908,0
DA:910,0
DA:915,1
DA:916,0
DA:917,0
DA:918,0
DA:919,0
DA:920,0
DA:921,0
DA:922,0
DA:924,0
DA:928,1
DA:929,0
DA:930,0
DA:931,0
DA:934,0
DA:937,0
DA:938,0
DA:941,0
DA:942,0
DA:945,0
DA:946,0
DA:947,0
DA:948,0
DA:950,0
DA:954,1
DA:955,0
DA:956,0
DA:957,0
DA:960,0
DA:963,0
DA:964,0
DA:967,0
DA:968,0
DA:971,0
DA:972,0
DA:973,0
DA:974,0
DA:976,0
DA:979,1
DA:980,0
DA:981,0
DA:982,0
DA:984,0
DA:985,0
DA:986,0
DA:988,0
DA:990,0
DA:991,0
DA:995,1
DA:996,0
DA:997,0
DA:999,0
DA:1001,0
DA:1003,0
DA:1004,0
DA:1008,1
DA:1009,0
DA:1010,0
DA:1011,0
DA:1014,0
DA:1015,0
DA:1016,0
DA:1017,0
DA:1018,0
DA:1020,0
DA:1025,1
DA:1026,0
DA:1027,0
DA:1028,0
DA:1031,0
DA:1032,0
DA:1033,0
DA:1034,0
DA:1035,0
DA:1037,0
DA:1042,1
DA:1043,0
DA:1044,0
DA:1045,0
DA:1048,0
DA:1049,0
DA:1050,0
DA:1051,0
DA:1052,0
DA:1054,0
DA:1058,1
DA:1059,0
DA:1060,0
DA:1061,0
DA:1064,0
DA:1065,0
DA:1066,0
DA:1067,0
DA:1068,0
DA:1070,0
DA:1081,1
DA:1082,0
DA:1083,0
DA:1084,0
DA:1085,0
DA:1086,0
DA:1089,1
DA:1090,0
DA:1091,0
DA:1092,0
DA:1093,0
DA:1096,1
DA:1097,0
DA:1098,0
DA:1099,0
DA:1100,0
DA:1103,1
DA:1104,0
DA:1105,0
DA:1106,0
DA:1107,0
DA:1110,1
DA:1111,0
DA:1112,0
DA:1113,0
DA:1114,0
DA:1117,1
DA:1118,0
DA:1119,0
DA:1120,0
DA:1121,0
DA:1124,1
DA:1125,0
DA:1126,0
DA:1127,0
DA:1128,0
DA:1131,1
DA:1132,0
DA:1133,0
DA:1134,0
DA:1135,0
DA:1138,1
DA:1139,0
DA:1140,0
DA:1141,0
DA:1142,0
DA:1145,1
DA:1146,0
DA:1147,0
DA:1148,0
DA:1149,0
LF:631
LH:116
BRDA:84,0,0,0
BRDA:84,0,1,0
BRDA:89,1,0,0
BRDA:89,1,1,0
BRDA:152,2,0,1
BRDA:152,2,1,1
BRDA:162,3,0,0
BRDA:162,3,1,0
BRDA:168,4,0,1
BRDA:168,4,1,1
BRDA:178,5,0,0
BRDA:178,5,1,0
BRDA:201,6,0,0
BRDA:201,6,1,0
BRDA:297,7,0,0
BRDA:297,7,1,0
BRDA:305,8,0,0
BRDA:305,8,1,0
BRDA:339,9,0,0
BRDA:339,9,1,0
BRDA:339,10,0,0
BRDA:339,10,1,0
BRDA:345,11,0,0
BRDA:345,11,1,0
BRDA:354,12,0,0
BRDA:354,12,1,0
BRDA:360,13,0,0
BRDA:360,13,1,0
BRDA:360,14,0,0
BRDA:360,14,1,0
BRDA:366,15,0,0
BRDA:366,15,1,0
BRDA:375,16,0,0
BRDA:375,16,1,0
BRDA:382,17,0,0
BRDA:382,17,1,0
BRDA:382,18,0,0
BRDA:382,18,1,0
BRDA:388,19,0,0
BRDA:388,19,1,0
BRDA:397,20,0,0
BRDA:397,20,1,0
BRDA:403,21,0,0
BRDA:403,21,1,0
BRDA:412,22,0,0
BRDA:412,22,1,0
BRDA:430,23,0,0
BRDA:430,23,1,0
BRDA:432,24,0,0
BRDA:432,24,1,0
BRDA:432,25,0,0
BRDA:432,25,1,0
BRDA:432,25,2,0
BRDA:432,25,3,0
BRDA:432,25,4,0
BRDA:432,25,5,0
BRDA:432,25,6,0
BRDA:432,25,7,0
BRDA:443,26,0,0
BRDA:443,26,1,0
BRDA:451,27,0,0
BRDA:451,27,1,0
BRDA:451,28,0,0
BRDA:451,28,1,0
BRDA:451,28,2,0
BRDA:451,28,3,0
BRDA:451,28,4,0
BRDA:451,28,5,0
BRDA:451,28,6,0
BRDA:451,28,7,0
BRDA:464,29,0,0
BRDA:464,29,1,0
BRDA:471,30,0,0
BRDA:471,30,1,0
BRDA:481,31,0,0
BRDA:481,31,1,0
BRDA:488,32,0,0
BRDA:488,32,1,0
BRDA:488,33,0,0
BRDA:488,33,1,0
BRDA:488,33,2,0
BRDA:507,34,0,0
BRDA:507,34,1,0
BRDA:507,35,0,0
BRDA:507,35,1,0
BRDA:507,35,2,0
BRDA:507,35,3,0
BRDA:507,35,4,0
BRDA:507,35,5,0
BRDA:517,36,0,0
BRDA:517,36,1,0
BRDA:523,37,0,0
BRDA:523,37,1,0
BRDA:531,38,0,0
BRDA:531,38,1,0
BRDA:538,39,0,0
BRDA:538,39,1,0
BRDA:538,40,0,0
BRDA:538,40,1,0
BRDA:538,40,2,0
BRDA:538,40,3,0
BRDA:548,41,0,0
BRDA:548,41,1,0
BRDA:554,42,0,0
BRDA:554,42,1,0
BRDA:563,43,0,0
BRDA:563,43,1,0
BRDA:569,44,0,0
BRDA:569,44,1,0
BRDA:578,45,0,0
BRDA:578,45,1,0
BRDA:587,46,0,0
BRDA:587,46,1,0
BRDA:587,47,0,0
BRDA:587,47,1,0
BRDA:587,47,2,0
BRDA:587,47,3,0
BRDA:587,47,4,0
BRDA:587,47,5,0
BRDA:587,47,6,0
BRDA:587,47,7,0
BRDA:601,48,0,0
BRDA:601,48,1,0
BRDA:609,49,0,0
BRDA:609,49,1,0
BRDA:609,50,0,0
BRDA:609,50,1,0
BRDA:619,51,0,0
BRDA:619,51,1,0
BRDA:626,52,0,0
BRDA:626,52,1,0
BRDA:626,53,0,0
BRDA:626,53,1,0
BRDA:637,54,0,0
BRDA:637,54,1,0
BRDA:643,55,0,0
BRDA:643,55,1,0
BRDA:653,56,0,0
BRDA:653,56,1,0
BRDA:663,57,0,0
BRDA:663,57,1,0
BRDA:663,58,0,0
BRDA:663,58,1,0
BRDA:663,58,2,0
BRDA:663,58,3,0
BRDA:663,58,4,0
BRDA:670,59,0,0
BRDA:670,59,1,0
BRDA:682,60,0,0
BRDA:682,60,1,0
BRDA:689,61,0,0
BRDA:689,61,1,0
BRDA:689,62,0,0
BRDA:689,62,1,0
BRDA:698,63,0,0
BRDA:698,63,1,0
BRDA:698,64,0,0
BRDA:698,64,1,0
BRDA:705,65,0,0
BRDA:705,65,1,0
BRDA:710,66,0,0
BRDA:710,66,1,0
BRDA:720,67,0,0
BRDA:720,67,1,0
BRDA:726,68,0,0
BRDA:726,68,1,0
BRDA:736,69,0,0
BRDA:736,69,1,0
BRDA:742,70,0,0
BRDA:742,70,1,0
BRDA:752,71,0,0
BRDA:752,71,1,0
BRDA:759,72,0,0
BRDA:759,72,1,0
BRDA:765,73,0,0
BRDA:765,73,1,0
BRDA:773,74,0,0
BRDA:773,74,1,0
BRDA:779,75,0,0
BRDA:779,75,1,0
BRDA:789,76,0,0
BRDA:789,76,1,0
BRDA:797,77,0,0
BRDA:797,77,1,0
BRDA:805,78,0,0
BRDA:805,78,1,0
BRDA:815,79,0,0
BRDA:815,79,1,0
BRDA:843,80,0,0
BRDA:843,80,1,0
BRDA:854,81,0,0
BRDA:854,81,1,0
BRDA:868,82,0,0
BRDA:868,82,1,0
BRDA:882,83,0,0
BRDA:882,83,1,0
BRDA:899,84,0,0
BRDA:899,84,1,0
BRDA:910,85,0,0
BRDA:910,85,1,0
BRDA:924,86,0,0
BRDA:924,86,1,0
BRDA:941,87,0,0
BRDA:941,87,1,0
BRDA:950,88,0,0
BRDA:950,88,1,0
BRDA:967,89,0,0
BRDA:967,89,1,0
BRDA:976,90,0,0
BRDA:976,90,1,0
BRDA:991,91,0,0
BRDA:991,91,1,0
BRDA:1004,92,0,0
BRDA:1004,92,1,0
BRDA:1010,93,0,0
BRDA:1010,93,1,0
BRDA:1010,94,0,0
BRDA:1010,94,1,0
BRDA:1010,94,2,0
BRDA:1010,94,3,0
BRDA:1020,95,0,0
BRDA:1020,95,1,0
BRDA:1027,96,0,0
BRDA:1027,96,1,0
BRDA:1027,97,0,0
BRDA:1027,97,1,0
BRDA:1037,98,0,0
BRDA:1037,98,1,0
BRDA:1044,99,0,0
BRDA:1044,99,1,0
BRDA:1044,100,0,0
BRDA:1044,100,1,0
BRDA:1054,101,0,0
BRDA:1054,101,1,0
BRDA:1060,102,0,0
BRDA:1060,102,1,0
BRDA:1060,103,0,0
BRDA:1060,103,1,0
BRDA:1070,104,0,0
BRDA:1070,104,1,0
BRF:240
BRH:4
end_of_record
